[ 2018-04-26T10:27:16+08:00 ] ::1 /
INFO: [ app_init ] --START--
INFO: Run Behavior\BuildLiteBehavior [ RunTime:0.000043s ]
INFO: [ app_init ] --END-- [ RunTime:0.001051s ]
INFO: [ app_begin ] --START--
INFO: Run Behavior\ReadHtmlCacheBehavior [ RunTime:0.000882s ]
INFO: [ app_begin ] --END-- [ RunTime:0.000976s ]
ERR: 模板不存在:./Application/Home/View/Index/_initialize.html

[ 2018-04-26T10:27:17+08:00 ] ::1 /
INFO: [ app_init ] --START--
INFO: Run Behavior\BuildLiteBehavior [ RunTime:0.000035s ]
INFO: [ app_init ] --END-- [ RunTime:0.000425s ]
INFO: [ app_begin ] --START--
INFO: Run Behavior\ReadHtmlCacheBehavior [ RunTime:0.000430s ]
INFO: [ app_begin ] --END-- [ RunTime:0.000497s ]
ERR: 模板不存在:./Application/Home/View/Index/_initialize.html

[ 2018-04-26T10:27:18+08:00 ] ::1 /
INFO: [ app_init ] --START--
INFO: Run Behavior\BuildLiteBehavior [ RunTime:0.000037s ]
INFO: [ app_init ] --END-- [ RunTime:0.000460s ]
INFO: [ app_begin ] --START--
INFO: Run Behavior\ReadHtmlCacheBehavior [ RunTime:0.000485s ]
INFO: [ app_begin ] --END-- [ RunTime:0.000560s ]
ERR: 模板不存在:./Application/Home/View/Index/_initialize.html

[ 2018-04-26T10:27:18+08:00 ] ::1 /
INFO: [ app_init ] --START--
INFO: Run Behavior\BuildLiteBehavior [ RunTime:0.000043s ]
INFO: [ app_init ] --END-- [ RunTime:0.000477s ]
INFO: [ app_begin ] --START--
INFO: Run Behavior\ReadHtmlCacheBehavior [ RunTime:0.000521s ]
INFO: [ app_begin ] --END-- [ RunTime:0.000612s ]
ERR: 模板不存在:./Application/Home/View/Index/_initialize.html

[ 2018-04-26T10:27:40+08:00 ] ::1 /
INFO: [ app_init ] --START--
INFO: Run Behavior\BuildLiteBehavior [ RunTime:0.000027s ]
INFO: [ app_init ] --END-- [ RunTime:0.000456s ]
INFO: [ app_begin ] --START--
INFO: Run Behavior\ReadHtmlCacheBehavior [ RunTime:0.000586s ]
INFO: [ app_begin ] --END-- [ RunTime:0.000687s ]
ERR: 模板不存在:./Application/Home/View/Index/_initialize.html

[ 2018-04-26T10:27:41+08:00 ] ::1 /
INFO: [ app_init ] --START--
INFO: Run Behavior\BuildLiteBehavior [ RunTime:0.000023s ]
INFO: [ app_init ] --END-- [ RunTime:0.000374s ]
INFO: [ app_begin ] --START--
INFO: Run Behavior\ReadHtmlCacheBehavior [ RunTime:0.000438s ]
INFO: [ app_begin ] --END-- [ RunTime:0.000515s ]
ERR: 模板不存在:./Application/Home/View/Index/_initialize.html

[ 2018-04-26T10:27:42+08:00 ] ::1 /
INFO: [ app_init ] --START--
INFO: Run Behavior\BuildLiteBehavior [ RunTime:0.000022s ]
INFO: [ app_init ] --END-- [ RunTime:0.000371s ]
INFO: [ app_begin ] --START--
INFO: Run Behavior\ReadHtmlCacheBehavior [ RunTime:0.000451s ]
INFO: [ app_begin ] --END-- [ RunTime:0.000528s ]
ERR: 模板不存在:./Application/Home/View/Index/_initialize.html

[ 2018-04-26T10:28:20+08:00 ] ::1 /
INFO: [ app_init ] --START--
INFO: Run Behavior\BuildLiteBehavior [ RunTime:0.000019s ]
INFO: [ app_init ] --END-- [ RunTime:0.000326s ]
INFO: [ app_begin ] --START--
INFO: Run Behavior\ReadHtmlCacheBehavior [ RunTime:0.000378s ]
INFO: [ app_begin ] --END-- [ RunTime:0.000441s ]
SQL: SHOW COLUMNS FROM `pub_users` [ RunTime:0.0473s ]
SQL: SELECT * FROM `pub_users` WHERE ( open_id='' ) LIMIT 1   [ RunTime:0.0411s ]

[ 2018-04-26T10:28:21+08:00 ] ::1 /
INFO: [ app_init ] --START--
INFO: Run Behavior\BuildLiteBehavior [ RunTime:0.000024s ]
INFO: [ app_init ] --END-- [ RunTime:0.000328s ]
INFO: [ app_begin ] --START--
INFO: Run Behavior\ReadHtmlCacheBehavior [ RunTime:0.000374s ]
INFO: [ app_begin ] --END-- [ RunTime:0.000439s ]
SQL: SHOW COLUMNS FROM `pub_users` [ RunTime:0.0427s ]
SQL: SELECT * FROM `pub_users` WHERE ( open_id='' ) LIMIT 1   [ RunTime:0.0425s ]

[ 2018-04-26T10:28:23+08:00 ] ::1 /index.php/Home/Wechat/follow.html
INFO: [ app_init ] --START--
INFO: Run Behavior\BuildLiteBehavior [ RunTime:0.000026s ]
INFO: [ app_init ] --END-- [ RunTime:0.000392s ]
INFO: [ app_begin ] --START--
INFO: Run Behavior\ReadHtmlCacheBehavior [ RunTime:0.000665s ]
INFO: [ app_begin ] --END-- [ RunTime:0.000783s ]
ERR: 无法加载控制器:Wechat

[ 2018-04-26T10:28:42+08:00 ] ::1 /index.php/Home/Wechat/follow.html
INFO: [ app_init ] --START--
INFO: Run Behavior\BuildLiteBehavior [ RunTime:0.000025s ]
INFO: [ app_init ] --END-- [ RunTime:0.000423s ]
INFO: [ app_begin ] --START--
INFO: Run Behavior\ReadHtmlCacheBehavior [ RunTime:0.000552s ]
INFO: [ app_begin ] --END-- [ RunTime:0.000663s ]
ERR: 无法加载控制器:Wechat

[ 2018-04-26T10:28:48+08:00 ] ::1 /index.php/Home/Wechat/follow.html
INFO: [ app_init ] --START--
INFO: Run Behavior\BuildLiteBehavior [ RunTime:0.000022s ]
INFO: [ app_init ] --END-- [ RunTime:0.000372s ]
INFO: [ app_begin ] --START--
INFO: Run Behavior\ReadHtmlCacheBehavior [ RunTime:0.000592s ]
INFO: [ app_begin ] --END-- [ RunTime:0.000681s ]
ERR: 无法加载控制器:Wechat

[ 2018-04-26T10:28:48+08:00 ] ::1 /index.php/Home/Wechat/follow.html
INFO: [ app_init ] --START--
INFO: Run Behavior\BuildLiteBehavior [ RunTime:0.000027s ]
INFO: [ app_init ] --END-- [ RunTime:0.000475s ]
INFO: [ app_begin ] --START--
INFO: Run Behavior\ReadHtmlCacheBehavior [ RunTime:0.000490s ]
INFO: [ app_begin ] --END-- [ RunTime:0.000631s ]
ERR: 无法加载控制器:Wechat

[ 2018-04-26T10:28:49+08:00 ] ::1 /index.php/Home/Wechat/follow.html
INFO: [ app_init ] --START--
INFO: Run Behavior\BuildLiteBehavior [ RunTime:0.000024s ]
INFO: [ app_init ] --END-- [ RunTime:0.000388s ]
INFO: [ app_begin ] --START--
INFO: Run Behavior\ReadHtmlCacheBehavior [ RunTime:0.000456s ]
INFO: [ app_begin ] --END-- [ RunTime:0.000535s ]
ERR: 无法加载控制器:Wechat

[ 2018-04-26T10:28:53+08:00 ] ::1 /
INFO: [ app_init ] --START--
INFO: Run Behavior\BuildLiteBehavior [ RunTime:0.000022s ]
INFO: [ app_init ] --END-- [ RunTime:0.000377s ]
INFO: [ app_begin ] --START--
INFO: Run Behavior\ReadHtmlCacheBehavior [ RunTime:0.000473s ]
INFO: [ app_begin ] --END-- [ RunTime:0.000554s ]
ERR: 模板不存在:./Application/Home/View/Index/_initialize.html

[ 2018-04-26T10:29:08+08:00 ] ::1 /
INFO: [ app_init ] --START--
INFO: Run Behavior\BuildLiteBehavior [ RunTime:0.000022s ]
INFO: [ app_init ] --END-- [ RunTime:0.000335s ]
INFO: [ app_begin ] --START--
INFO: Run Behavior\ReadHtmlCacheBehavior [ RunTime:0.000393s ]
INFO: [ app_begin ] --END-- [ RunTime:0.000459s ]
ERR: 模板不存在:./Application/Home/View/Index/_initialize.html
NOTIC: [2] Cannot modify header information - headers already sent by (output started at /www/Gits/pub_naide/ThinkPHP/Common/functions.php:850) /www/Gits/pub_naide/ThinkPHP/Library/Think/Think.class.php 第 229 行.
NOTIC: [2] Cannot modify header information - headers already sent by (output started at /www/Gits/pub_naide/ThinkPHP/Common/functions.php:850) /www/Gits/pub_naide/ThinkPHP/Library/Think/Think.class.php 第 230 行.

[ 2018-04-26T10:29:09+08:00 ] ::1 /
INFO: [ app_init ] --START--
INFO: Run Behavior\BuildLiteBehavior [ RunTime:0.000021s ]
INFO: [ app_init ] --END-- [ RunTime:0.000334s ]
INFO: [ app_begin ] --START--
INFO: Run Behavior\ReadHtmlCacheBehavior [ RunTime:0.000396s ]
INFO: [ app_begin ] --END-- [ RunTime:0.000468s ]
ERR: 模板不存在:./Application/Home/View/Index/_initialize.html
NOTIC: [2] Cannot modify header information - headers already sent by (output started at /www/Gits/pub_naide/ThinkPHP/Common/functions.php:850) /www/Gits/pub_naide/ThinkPHP/Library/Think/Think.class.php 第 229 行.
NOTIC: [2] Cannot modify header information - headers already sent by (output started at /www/Gits/pub_naide/ThinkPHP/Common/functions.php:850) /www/Gits/pub_naide/ThinkPHP/Library/Think/Think.class.php 第 230 行.

[ 2018-04-26T10:30:10+08:00 ] ::1 /
INFO: [ app_init ] --START--
INFO: Run Behavior\BuildLiteBehavior [ RunTime:0.000020s ]
INFO: [ app_init ] --END-- [ RunTime:0.000331s ]
INFO: [ app_begin ] --START--
INFO: Run Behavior\ReadHtmlCacheBehavior [ RunTime:0.000373s ]
INFO: [ app_begin ] --END-- [ RunTime:0.000438s ]
SQL: SHOW COLUMNS FROM `pub_users` [ RunTime:0.0455s ]
SQL: SELECT * FROM `pub_users` WHERE ( open_id='' ) LIMIT 1   [ RunTime:0.0439s ]

[ 2018-04-26T10:30:12+08:00 ] ::1 /index.php/Home/Wechat/follow.html
INFO: [ app_init ] --START--
INFO: Run Behavior\BuildLiteBehavior [ RunTime:0.000027s ]
INFO: [ app_init ] --END-- [ RunTime:0.000462s ]
INFO: [ app_begin ] --START--
INFO: Run Behavior\ReadHtmlCacheBehavior [ RunTime:0.000556s ]
INFO: [ app_begin ] --END-- [ RunTime:0.000649s ]
ERR: 无法加载控制器:Wechat

[ 2018-04-26T10:31:58+08:00 ] ::1 /index.php/Home/Wechat/follow.html
INFO: [ app_init ] --START--
INFO: Run Behavior\BuildLiteBehavior [ RunTime:0.000023s ]
INFO: [ app_init ] --END-- [ RunTime:0.000373s ]
INFO: [ app_begin ] --START--
INFO: Run Behavior\ReadHtmlCacheBehavior [ RunTime:0.000470s ]
INFO: [ app_begin ] --END-- [ RunTime:0.000547s ]
ERR: 无法加载控制器:Wechat

[ 2018-04-26T10:33:22+08:00 ] ::1 /index.php/Home/Wechat/follow.html
INFO: [ app_init ] --START--
INFO: Run Behavior\BuildLiteBehavior [ RunTime:0.000023s ]
INFO: [ app_init ] --END-- [ RunTime:0.000374s ]
INFO: [ app_begin ] --START--
INFO: Run Behavior\ReadHtmlCacheBehavior [ RunTime:0.000459s ]
INFO: [ app_begin ] --END-- [ RunTime:0.000540s ]
ERR: 无法加载控制器:Wechat

[ 2018-04-26T10:33:24+08:00 ] ::1 /
INFO: [ app_init ] --START--
INFO: Run Behavior\BuildLiteBehavior [ RunTime:0.000021s ]
INFO: [ app_init ] --END-- [ RunTime:0.000387s ]
INFO: [ app_begin ] --START--
INFO: Run Behavior\ReadHtmlCacheBehavior [ RunTime:0.000425s ]
INFO: [ app_begin ] --END-- [ RunTime:0.000500s ]
ERR: SQLSTATE[HY000] [1045] Access denied for user 'root'@'113.111.180.51' (using password: YES)

[ 2018-04-26T10:33:25+08:00 ] ::1 /
INFO: [ app_init ] --START--
INFO: Run Behavior\BuildLiteBehavior [ RunTime:0.000023s ]
INFO: [ app_init ] --END-- [ RunTime:0.000378s ]
INFO: [ app_begin ] --START--
INFO: Run Behavior\ReadHtmlCacheBehavior [ RunTime:0.000445s ]
INFO: [ app_begin ] --END-- [ RunTime:0.000523s ]
ERR: SQLSTATE[HY000] [1045] Access denied for user 'root'@'113.111.180.51' (using password: YES)

[ 2018-04-26T10:33:26+08:00 ] ::1 /
INFO: [ app_init ] --START--
INFO: Run Behavior\BuildLiteBehavior [ RunTime:0.000022s ]
INFO: [ app_init ] --END-- [ RunTime:0.000358s ]
INFO: [ app_begin ] --START--
INFO: Run Behavior\ReadHtmlCacheBehavior [ RunTime:0.000424s ]
INFO: [ app_begin ] --END-- [ RunTime:0.000499s ]
ERR: SQLSTATE[HY000] [1045] Access denied for user 'root'@'113.111.180.51' (using password: YES)

[ 2018-04-26T10:33:27+08:00 ] ::1 /
INFO: [ app_init ] --START--
INFO: Run Behavior\BuildLiteBehavior [ RunTime:0.000023s ]
INFO: [ app_init ] --END-- [ RunTime:0.000378s ]
INFO: [ app_begin ] --START--
INFO: Run Behavior\ReadHtmlCacheBehavior [ RunTime:0.000423s ]
INFO: [ app_begin ] --END-- [ RunTime:0.000498s ]
ERR: SQLSTATE[HY000] [1045] Access denied for user 'root'@'113.111.180.51' (using password: YES)

[ 2018-04-26T10:33:43+08:00 ] ::1 /
INFO: [ app_init ] --START--
INFO: Run Behavior\BuildLiteBehavior [ RunTime:0.000022s ]
INFO: [ app_init ] --END-- [ RunTime:0.000367s ]
INFO: [ app_begin ] --START--
INFO: Run Behavior\ReadHtmlCacheBehavior [ RunTime:0.000418s ]
INFO: [ app_begin ] --END-- [ RunTime:0.000491s ]
SQL: SHOW COLUMNS FROM `pub_users` [ RunTime:0.0394s ]
SQL: SELECT * FROM `pub_users` WHERE ( open_id='' ) LIMIT 1   [ RunTime:0.0364s ]

[ 2018-04-26T10:33:45+08:00 ] ::1 /index.php/Home/Wechat/follow.html
INFO: [ app_init ] --START--
INFO: Run Behavior\BuildLiteBehavior [ RunTime:0.000025s ]
INFO: [ app_init ] --END-- [ RunTime:0.000511s ]
INFO: [ app_begin ] --START--
INFO: Run Behavior\ReadHtmlCacheBehavior [ RunTime:0.000499s ]
INFO: [ app_begin ] --END-- [ RunTime:0.000581s ]
ERR: 无法加载控制器:Wechat

[ 2018-04-26T10:36:26+08:00 ] ::1 /index.php/Home/Wechat/follow.html
INFO: [ app_init ] --START--
INFO: Run Behavior\BuildLiteBehavior [ RunTime:0.000020s ]
INFO: [ app_init ] --END-- [ RunTime:0.000324s ]
INFO: [ app_begin ] --START--
INFO: Run Behavior\ReadHtmlCacheBehavior [ RunTime:0.000531s ]
INFO: [ app_begin ] --END-- [ RunTime:0.000595s ]
ERR: 无法加载控制器:Wechat

[ 2018-04-26T10:36:27+08:00 ] ::1 /
INFO: [ app_init ] --START--
INFO: Run Behavior\BuildLiteBehavior [ RunTime:0.000055s ]
INFO: [ app_init ] --END-- [ RunTime:0.000728s ]
INFO: [ app_begin ] --START--
INFO: Run Behavior\ReadHtmlCacheBehavior [ RunTime:0.000518s ]
INFO: [ app_begin ] --END-- [ RunTime:0.000603s ]
SQL: SHOW COLUMNS FROM `pub_users` [ RunTime:0.0412s ]
SQL: SELECT * FROM `pub_users` WHERE ( open_id='oXwY4t7hYDxtr2sMqqEa5ZVJpinU' ) LIMIT 1   [ RunTime:0.0392s ]
SQL: SHOW COLUMNS FROM `pub_current_devices` [ RunTime:0.0403s ]
SQL: SELECT `did` FROM `pub_current_devices` WHERE ( `uid`=8 ) LIMIT 1   [ RunTime:0.0385s ]
ERR: 模板不存在:./Application/Home/View/Index/index.html

[ 2018-04-26T10:36:28+08:00 ] ::1 /
INFO: [ app_init ] --START--
INFO: Run Behavior\BuildLiteBehavior [ RunTime:0.000021s ]
INFO: [ app_init ] --END-- [ RunTime:0.000355s ]
INFO: [ app_begin ] --START--
INFO: Run Behavior\ReadHtmlCacheBehavior [ RunTime:0.000408s ]
INFO: [ app_begin ] --END-- [ RunTime:0.000479s ]
ERR: 模板不存在:./Application/Home/View/Index/index.html

