[ 2018-04-01T18:44:23+08:00 ] ::1 /
INFO: [ app_init ] --START--
INFO: Run Behavior\BuildLiteBehavior [ RunTime:0.000022s ]
INFO: [ app_init ] --END-- [ RunTime:0.000386s ]
INFO: [ app_begin ] --START--
INFO: Run Behavior\ReadHtmlCacheBehavior [ RunTime:0.000459s ]
INFO: [ app_begin ] --END-- [ RunTime:0.000564s ]
NOTIC: [8] Undefined variable: openId_ifno /www/Gits/dianqiu/project/Application/Home/Controller/CommonController.class.php 第 30 行.
SQL: SHOW COLUMNS FROM `pub_users` [ RunTime:0.0017s ]
SQL: SELECT * FROM `pub_users` WHERE ( open_id='oXwY4t_vkTgtlD0CBTZ-vTbIMWHs' ) LIMIT 1   [ RunTime:0.0004s ]
SQL: SHOW COLUMNS FROM `pub_current_devices` [ RunTime:0.0014s ]
SQL: SELECT `did` FROM `pub_current_devices` WHERE ( `uid`=3 ) LIMIT 1   [ RunTime:0.0003s ]
SQL: SHOW COLUMNS FROM `pub_devices` [ RunTime:0.0017s ]
SQL: SELECT `RawTDS`,`PureTDS`,`ReFlow`,`SumFlow` FROM `pub_devices` INNER JOIN pub_devices_statu ON pub_devices_statu.DeviceID=pub_devices.device_code  WHERE ( pub_devices.id=105 ) LIMIT 1   [ RunTime:0.0007s ]
SQL: SHOW COLUMNS FROM `pub_devices` [ RunTime:0.0018s ]
SQL: SELECT * FROM `pub_devices` WHERE ( id=105 ) LIMIT 1   [ RunTime:0.0003s ]
SQL: SHOW COLUMNS FROM `pub_devices_statu` [ RunTime:0.0020s ]
SQL: SELECT * FROM `pub_devices_statu` WHERE ( DeviceID='868575025660723' ) LIMIT 1   [ RunTime:0.0007s ]
SQL: SHOW COLUMNS FROM `pub_device_type` [ RunTime:0.0017s ]
SQL: SELECT * FROM `pub_device_type` WHERE ( id=2 ) LIMIT 1   [ RunTime:0.0003s ]
SQL: SHOW COLUMNS FROM `pub_filters` [ RunTime:0.0015s ]
SQL: SELECT * FROM `pub_filters` WHERE `filtername` = '后置活性炭' AND `alias` = '后置活性炭180' LIMIT 1   [ RunTime:0.0004s ]
SQL: SELECT * FROM `pub_filters` WHERE `filtername` = '颗粒活性炭' AND `alias` = '颗粒活性炭120' LIMIT 1   [ RunTime:0.0001s ]
SQL: SELECT * FROM `pub_filters` WHERE `filtername` = 'PP棉' AND `alias` = 'PP棉180' LIMIT 1   [ RunTime:0.0001s ]
SQL: SELECT * FROM `pub_filters` WHERE `filtername` = '前置活性炭' AND `alias` = '前置活性炭' LIMIT 1   [ RunTime:0.0002s ]
INFO: [ view_parse ] --START--
INFO: [ template_filter ] --START--
INFO: Run Behavior\ContentReplaceBehavior [ RunTime:0.000082s ]
INFO: [ template_filter ] --END-- [ RunTime:0.000204s ]
INFO: Run Behavior\ParseTemplateBehavior [ RunTime:0.036056s ]
INFO: [ view_parse ] --END-- [ RunTime:0.036166s ]
INFO: [ view_filter ] --START--
INFO: Run Behavior\WriteHtmlCacheBehavior [ RunTime:0.000218s ]
INFO: [ view_filter ] --END-- [ RunTime:0.000314s ]
INFO: [ app_end ] --START--
INFO: Run Behavior\ShowPageTraceBehavior [ RunTime:0.000516s ]
INFO: [ app_end ] --END-- [ RunTime:0.000632s ]

[ 2018-04-01T18:45:01+08:00 ] ::1 /
INFO: [ app_init ] --START--
INFO: Run Behavior\BuildLiteBehavior [ RunTime:0.000028s ]
INFO: [ app_init ] --END-- [ RunTime:0.000543s ]
INFO: [ app_begin ] --START--
INFO: Run Behavior\ReadHtmlCacheBehavior [ RunTime:0.000535s ]
INFO: [ app_begin ] --END-- [ RunTime:0.000645s ]
SQL: SHOW COLUMNS FROM `pub_devices` [ RunTime:0.0018s ]
SQL: SELECT `RawTDS`,`PureTDS`,`ReFlow`,`SumFlow` FROM `pub_devices` INNER JOIN pub_devices_statu ON pub_devices_statu.DeviceID=pub_devices.device_code  WHERE ( pub_devices.id=105 ) LIMIT 1   [ RunTime:0.0002s ]
SQL: SHOW COLUMNS FROM `pub_devices` [ RunTime:0.0016s ]
SQL: SELECT * FROM `pub_devices` WHERE ( id=105 ) LIMIT 1   [ RunTime:0.0002s ]
SQL: SHOW COLUMNS FROM `pub_devices_statu` [ RunTime:0.0021s ]
SQL: SELECT * FROM `pub_devices_statu` WHERE ( DeviceID='868575025660723' ) LIMIT 1   [ RunTime:0.0003s ]
SQL: SHOW COLUMNS FROM `pub_device_type` [ RunTime:0.0015s ]
SQL: SELECT * FROM `pub_device_type` WHERE ( id=2 ) LIMIT 1   [ RunTime:0.0002s ]
SQL: SHOW COLUMNS FROM `pub_filters` [ RunTime:0.0018s ]
SQL: SELECT * FROM `pub_filters` WHERE `filtername` = '后置活性炭' AND `alias` = '后置活性炭180' LIMIT 1   [ RunTime:0.0004s ]
SQL: SELECT * FROM `pub_filters` WHERE `filtername` = '颗粒活性炭' AND `alias` = '颗粒活性炭120' LIMIT 1   [ RunTime:0.0002s ]
SQL: SELECT * FROM `pub_filters` WHERE `filtername` = 'PP棉' AND `alias` = 'PP棉180' LIMIT 1   [ RunTime:0.0001s ]
SQL: SELECT * FROM `pub_filters` WHERE `filtername` = '前置活性炭' AND `alias` = '前置活性炭' LIMIT 1   [ RunTime:0.0002s ]
INFO: [ view_parse ] --START--
INFO: [ template_filter ] --START--
INFO: Run Behavior\ContentReplaceBehavior [ RunTime:0.000074s ]
INFO: [ template_filter ] --END-- [ RunTime:0.000166s ]
NOTIC: [2] Illegal string offset 'SumPump' /www/Gits/dianqiu/project/Application/Runtime/Cache/Home/2a94b8bda04ff446dcedd42276fc99ee.php 第 136 行.
INFO: Run Behavior\ParseTemplateBehavior [ RunTime:0.023552s ]
INFO: [ view_parse ] --END-- [ RunTime:0.023672s ]
INFO: [ view_filter ] --START--
INFO: Run Behavior\WriteHtmlCacheBehavior [ RunTime:0.000254s ]
INFO: [ view_filter ] --END-- [ RunTime:0.000352s ]
INFO: [ app_end ] --START--
INFO: Run Behavior\ShowPageTraceBehavior [ RunTime:0.000635s ]
INFO: [ app_end ] --END-- [ RunTime:0.000780s ]

[ 2018-04-01T18:45:09+08:00 ] ::1 /
INFO: [ app_init ] --START--
INFO: Run Behavior\BuildLiteBehavior [ RunTime:0.000031s ]
INFO: [ app_init ] --END-- [ RunTime:0.000534s ]
INFO: [ app_begin ] --START--
INFO: Run Behavior\ReadHtmlCacheBehavior [ RunTime:0.000640s ]
INFO: [ app_begin ] --END-- [ RunTime:0.000903s ]
SQL: SHOW COLUMNS FROM `pub_devices` [ RunTime:0.0020s ]
SQL: SELECT `RawTDS`,`PureTDS`,`ReFlow`,`SumFlow` FROM `pub_devices` INNER JOIN pub_devices_statu ON pub_devices_statu.DeviceID=pub_devices.device_code  WHERE ( pub_devices.id=105 ) LIMIT 1   [ RunTime:0.0002s ]
SQL: SHOW COLUMNS FROM `pub_devices` [ RunTime:0.0019s ]
SQL: SELECT * FROM `pub_devices` WHERE ( id=105 ) LIMIT 1   [ RunTime:0.0003s ]
SQL: SHOW COLUMNS FROM `pub_devices_statu` [ RunTime:0.0025s ]
SQL: SELECT * FROM `pub_devices_statu` WHERE ( DeviceID='868575025660723' ) LIMIT 1   [ RunTime:0.0003s ]
SQL: SHOW COLUMNS FROM `pub_device_type` [ RunTime:0.0018s ]
SQL: SELECT * FROM `pub_device_type` WHERE ( id=2 ) LIMIT 1   [ RunTime:0.0002s ]
SQL: SHOW COLUMNS FROM `pub_filters` [ RunTime:0.0017s ]
SQL: SELECT * FROM `pub_filters` WHERE `filtername` = '后置活性炭' AND `alias` = '后置活性炭180' LIMIT 1   [ RunTime:0.0002s ]
SQL: SELECT * FROM `pub_filters` WHERE `filtername` = '颗粒活性炭' AND `alias` = '颗粒活性炭120' LIMIT 1   [ RunTime:0.0002s ]
SQL: SELECT * FROM `pub_filters` WHERE `filtername` = 'PP棉' AND `alias` = 'PP棉180' LIMIT 1   [ RunTime:0.0001s ]
SQL: SELECT * FROM `pub_filters` WHERE `filtername` = '前置活性炭' AND `alias` = '前置活性炭' LIMIT 1   [ RunTime:0.0002s ]
INFO: [ view_parse ] --START--
INFO: [ template_filter ] --START--
INFO: Run Behavior\ContentReplaceBehavior [ RunTime:0.000077s ]
INFO: [ template_filter ] --END-- [ RunTime:0.000182s ]
INFO: Run Behavior\ParseTemplateBehavior [ RunTime:0.026294s ]
INFO: [ view_parse ] --END-- [ RunTime:0.026427s ]
INFO: [ view_filter ] --START--
INFO: Run Behavior\WriteHtmlCacheBehavior [ RunTime:0.000306s ]
INFO: [ view_filter ] --END-- [ RunTime:0.000432s ]
INFO: [ app_end ] --START--
INFO: Run Behavior\ShowPageTraceBehavior [ RunTime:0.000778s ]
INFO: [ app_end ] --END-- [ RunTime:0.000915s ]

[ 2018-04-01T18:45:32+08:00 ] ::1 /
INFO: [ app_init ] --START--
INFO: Run Behavior\BuildLiteBehavior [ RunTime:0.000025s ]
INFO: [ app_init ] --END-- [ RunTime:0.000429s ]
INFO: [ app_begin ] --START--
INFO: Run Behavior\ReadHtmlCacheBehavior [ RunTime:0.000447s ]
INFO: [ app_begin ] --END-- [ RunTime:0.000551s ]
SQL: SHOW COLUMNS FROM `pub_devices` [ RunTime:0.0071s ]
SQL: SELECT `RawTDS`,`PureTDS`,`ReFlow`,`SumFlow` FROM `pub_devices` INNER JOIN pub_devices_statu ON pub_devices_statu.DeviceID=pub_devices.device_code  WHERE ( pub_devices.id=105 ) LIMIT 1   [ RunTime:0.0002s ]
SQL: SHOW COLUMNS FROM `pub_devices` [ RunTime:0.0019s ]
SQL: SELECT * FROM `pub_devices` WHERE ( id=105 ) LIMIT 1   [ RunTime:0.0003s ]
SQL: SHOW COLUMNS FROM `pub_devices_statu` [ RunTime:0.0022s ]
SQL: SELECT * FROM `pub_devices_statu` WHERE ( DeviceID='868575025660723' ) LIMIT 1   [ RunTime:0.0003s ]
SQL: SHOW COLUMNS FROM `pub_device_type` [ RunTime:0.0016s ]
SQL: SELECT * FROM `pub_device_type` WHERE ( id=2 ) LIMIT 1   [ RunTime:0.0002s ]
SQL: SHOW COLUMNS FROM `pub_filters` [ RunTime:0.0016s ]
SQL: SELECT * FROM `pub_filters` WHERE `filtername` = '后置活性炭' AND `alias` = '后置活性炭180' LIMIT 1   [ RunTime:0.0002s ]
SQL: SELECT * FROM `pub_filters` WHERE `filtername` = '颗粒活性炭' AND `alias` = '颗粒活性炭120' LIMIT 1   [ RunTime:0.0002s ]
SQL: SELECT * FROM `pub_filters` WHERE `filtername` = 'PP棉' AND `alias` = 'PP棉180' LIMIT 1   [ RunTime:0.0001s ]
SQL: SELECT * FROM `pub_filters` WHERE `filtername` = '前置活性炭' AND `alias` = '前置活性炭' LIMIT 1   [ RunTime:0.0001s ]
INFO: [ view_parse ] --START--
INFO: [ template_filter ] --START--
INFO: Run Behavior\ContentReplaceBehavior [ RunTime:0.000113s ]
INFO: [ template_filter ] --END-- [ RunTime:0.000218s ]
INFO: Run Behavior\ParseTemplateBehavior [ RunTime:0.020300s ]
INFO: [ view_parse ] --END-- [ RunTime:0.020445s ]
INFO: [ view_filter ] --START--
INFO: Run Behavior\WriteHtmlCacheBehavior [ RunTime:0.000302s ]
INFO: [ view_filter ] --END-- [ RunTime:0.000484s ]
INFO: [ app_end ] --START--
INFO: Run Behavior\ShowPageTraceBehavior [ RunTime:0.000994s ]
INFO: [ app_end ] --END-- [ RunTime:0.001178s ]

[ 2018-04-01T18:46:04+08:00 ] ::1 /
INFO: [ app_init ] --START--
INFO: Run Behavior\BuildLiteBehavior [ RunTime:0.000022s ]
INFO: [ app_init ] --END-- [ RunTime:0.000409s ]
INFO: [ app_begin ] --START--
INFO: Run Behavior\ReadHtmlCacheBehavior [ RunTime:0.000511s ]
INFO: [ app_begin ] --END-- [ RunTime:0.000673s ]
SQL: SHOW COLUMNS FROM `pub_devices` [ RunTime:0.0017s ]
SQL: SELECT `RawTDS`,`PureTDS`,`ReFlow`,`SumFlow` FROM `pub_devices` INNER JOIN pub_devices_statu ON pub_devices_statu.DeviceID=pub_devices.device_code  WHERE ( pub_devices.id=105 ) LIMIT 1   [ RunTime:0.0002s ]
SQL: SHOW COLUMNS FROM `pub_devices` [ RunTime:0.0080s ]
SQL: SELECT * FROM `pub_devices` WHERE ( id=105 ) LIMIT 1   [ RunTime:0.0003s ]
SQL: SHOW COLUMNS FROM `pub_devices_statu` [ RunTime:0.0023s ]
SQL: SELECT * FROM `pub_devices_statu` WHERE ( DeviceID='868575025660723' ) LIMIT 1   [ RunTime:0.0003s ]
SQL: SHOW COLUMNS FROM `pub_device_type` [ RunTime:0.0017s ]
SQL: SELECT * FROM `pub_device_type` WHERE ( id=2 ) LIMIT 1   [ RunTime:0.0002s ]
SQL: SHOW COLUMNS FROM `pub_filters` [ RunTime:0.0019s ]
SQL: SELECT * FROM `pub_filters` WHERE `filtername` = '后置活性炭' AND `alias` = '后置活性炭180' LIMIT 1   [ RunTime:0.0002s ]
SQL: SELECT * FROM `pub_filters` WHERE `filtername` = '颗粒活性炭' AND `alias` = '颗粒活性炭120' LIMIT 1   [ RunTime:0.0002s ]
SQL: SELECT * FROM `pub_filters` WHERE `filtername` = 'PP棉' AND `alias` = 'PP棉180' LIMIT 1   [ RunTime:0.0002s ]
SQL: SELECT * FROM `pub_filters` WHERE `filtername` = '前置活性炭' AND `alias` = '前置活性炭' LIMIT 1   [ RunTime:0.0002s ]
INFO: [ view_parse ] --START--
INFO: [ template_filter ] --START--
INFO: Run Behavior\ContentReplaceBehavior [ RunTime:0.000076s ]
INFO: [ template_filter ] --END-- [ RunTime:0.000179s ]
NOTIC: [2] Illegal string offset 'sumpump' /www/Gits/dianqiu/project/Application/Runtime/Cache/Home/2a94b8bda04ff446dcedd42276fc99ee.php 第 136 行.
INFO: Run Behavior\ParseTemplateBehavior [ RunTime:0.020489s ]
INFO: [ view_parse ] --END-- [ RunTime:0.020672s ]
INFO: [ view_filter ] --START--
INFO: Run Behavior\WriteHtmlCacheBehavior [ RunTime:0.000264s ]
INFO: [ view_filter ] --END-- [ RunTime:0.000384s ]
INFO: [ app_end ] --START--
INFO: Run Behavior\ShowPageTraceBehavior [ RunTime:0.000509s ]
INFO: [ app_end ] --END-- [ RunTime:0.000615s ]

[ 2018-04-01T18:46:21+08:00 ] ::1 /
INFO: [ app_init ] --START--
INFO: Run Behavior\BuildLiteBehavior [ RunTime:0.000043s ]
INFO: [ app_init ] --END-- [ RunTime:0.000808s ]
INFO: [ app_begin ] --START--
INFO: Run Behavior\ReadHtmlCacheBehavior [ RunTime:0.000519s ]
INFO: [ app_begin ] --END-- [ RunTime:0.000639s ]
SQL: SHOW COLUMNS FROM `pub_devices` [ RunTime:0.0020s ]
SQL: SELECT `RawTDS`,`PureTDS`,`ReFlow`,`SumFlow` FROM `pub_devices` INNER JOIN pub_devices_statu ON pub_devices_statu.DeviceID=pub_devices.device_code  WHERE ( pub_devices.id=105 ) LIMIT 1   [ RunTime:0.0002s ]
SQL: SHOW COLUMNS FROM `pub_devices` [ RunTime:0.0020s ]
SQL: SELECT * FROM `pub_devices` WHERE ( id=105 ) LIMIT 1   [ RunTime:0.0003s ]
SQL: SHOW COLUMNS FROM `pub_devices_statu` [ RunTime:0.0022s ]
SQL: SELECT * FROM `pub_devices_statu` WHERE ( DeviceID='868575025660723' ) LIMIT 1   [ RunTime:0.0003s ]
SQL: SHOW COLUMNS FROM `pub_device_type` [ RunTime:0.0021s ]
SQL: SELECT * FROM `pub_device_type` WHERE ( id=2 ) LIMIT 1   [ RunTime:0.0003s ]
SQL: SHOW COLUMNS FROM `pub_filters` [ RunTime:0.0022s ]
SQL: SELECT * FROM `pub_filters` WHERE `filtername` = '后置活性炭' AND `alias` = '后置活性炭180' LIMIT 1   [ RunTime:0.0002s ]
SQL: SELECT * FROM `pub_filters` WHERE `filtername` = '颗粒活性炭' AND `alias` = '颗粒活性炭120' LIMIT 1   [ RunTime:0.0002s ]
SQL: SELECT * FROM `pub_filters` WHERE `filtername` = 'PP棉' AND `alias` = 'PP棉180' LIMIT 1   [ RunTime:0.0002s ]
SQL: SELECT * FROM `pub_filters` WHERE `filtername` = '前置活性炭' AND `alias` = '前置活性炭' LIMIT 1   [ RunTime:0.0002s ]
INFO: [ view_parse ] --START--
INFO: [ template_filter ] --START--
INFO: Run Behavior\ContentReplaceBehavior [ RunTime:0.000103s ]
INFO: [ template_filter ] --END-- [ RunTime:0.000341s ]
INFO: Run Behavior\ParseTemplateBehavior [ RunTime:0.020301s ]
INFO: [ view_parse ] --END-- [ RunTime:0.020419s ]
INFO: [ view_filter ] --START--
INFO: Run Behavior\WriteHtmlCacheBehavior [ RunTime:0.000195s ]
INFO: [ view_filter ] --END-- [ RunTime:0.000292s ]
INFO: [ app_end ] --START--
INFO: Run Behavior\ShowPageTraceBehavior [ RunTime:0.000547s ]
INFO: [ app_end ] --END-- [ RunTime:0.000657s ]

[ 2018-04-01T18:46:34+08:00 ] ::1 /
INFO: [ app_init ] --START--
INFO: Run Behavior\BuildLiteBehavior [ RunTime:0.000038s ]
INFO: [ app_init ] --END-- [ RunTime:0.000693s ]
INFO: [ app_begin ] --START--
INFO: Run Behavior\ReadHtmlCacheBehavior [ RunTime:0.001757s ]
INFO: [ app_begin ] --END-- [ RunTime:0.002118s ]
SQL: SHOW COLUMNS FROM `pub_devices` [ RunTime:0.0022s ]
SQL: SELECT `RawTDS`,`PureTDS`,`ReFlow`,`SumFlow` FROM `pub_devices` INNER JOIN pub_devices_statu ON pub_devices_statu.DeviceID=pub_devices.device_code  WHERE ( pub_devices.id=105 ) LIMIT 1   [ RunTime:0.0003s ]
SQL: SHOW COLUMNS FROM `pub_devices` [ RunTime:0.0023s ]
SQL: SELECT * FROM `pub_devices` WHERE ( id=105 ) LIMIT 1   [ RunTime:0.0005s ]
SQL: SHOW COLUMNS FROM `pub_devices_statu` [ RunTime:0.0078s ]
SQL: SELECT * FROM `pub_devices_statu` WHERE ( DeviceID='868575025660723' ) LIMIT 1   [ RunTime:0.0004s ]
SQL: SHOW COLUMNS FROM `pub_device_type` [ RunTime:0.0021s ]
SQL: SELECT * FROM `pub_device_type` WHERE ( id=2 ) LIMIT 1   [ RunTime:0.0002s ]
SQL: SHOW COLUMNS FROM `pub_filters` [ RunTime:0.0018s ]
SQL: SELECT * FROM `pub_filters` WHERE `filtername` = '后置活性炭' AND `alias` = '后置活性炭180' LIMIT 1   [ RunTime:0.0002s ]
SQL: SELECT * FROM `pub_filters` WHERE `filtername` = '颗粒活性炭' AND `alias` = '颗粒活性炭120' LIMIT 1   [ RunTime:0.0002s ]
SQL: SELECT * FROM `pub_filters` WHERE `filtername` = 'PP棉' AND `alias` = 'PP棉180' LIMIT 1   [ RunTime:0.0002s ]
SQL: SELECT * FROM `pub_filters` WHERE `filtername` = '前置活性炭' AND `alias` = '前置活性炭' LIMIT 1   [ RunTime:0.0002s ]
INFO: [ view_parse ] --START--
INFO: [ template_filter ] --START--
INFO: Run Behavior\ContentReplaceBehavior [ RunTime:0.000088s ]
INFO: [ template_filter ] --END-- [ RunTime:0.000206s ]
INFO: Run Behavior\ParseTemplateBehavior [ RunTime:0.023763s ]
INFO: [ view_parse ] --END-- [ RunTime:0.023889s ]
INFO: [ view_filter ] --START--
INFO: Run Behavior\WriteHtmlCacheBehavior [ RunTime:0.000204s ]
INFO: [ view_filter ] --END-- [ RunTime:0.000303s ]
INFO: [ app_end ] --START--
INFO: Run Behavior\ShowPageTraceBehavior [ RunTime:0.000544s ]
INFO: [ app_end ] --END-- [ RunTime:0.000668s ]

[ 2018-04-01T18:47:22+08:00 ] ::1 /
INFO: [ app_init ] --START--
INFO: Run Behavior\BuildLiteBehavior [ RunTime:0.000035s ]
INFO: [ app_init ] --END-- [ RunTime:0.000660s ]
INFO: [ app_begin ] --START--
INFO: Run Behavior\ReadHtmlCacheBehavior [ RunTime:0.000493s ]
INFO: [ app_begin ] --END-- [ RunTime:0.000605s ]
SQL: SHOW COLUMNS FROM `pub_devices` [ RunTime:0.0020s ]
SQL: SELECT `RawTDS`,`PureTDS`,`ReFlow`,`SumFlow` FROM `pub_devices` INNER JOIN pub_devices_statu ON pub_devices_statu.DeviceID=pub_devices.device_code  WHERE ( pub_devices.id=105 ) LIMIT 1   [ RunTime:0.0002s ]
SQL: SHOW COLUMNS FROM `pub_devices` [ RunTime:0.0022s ]
SQL: SELECT * FROM `pub_devices` WHERE ( id=105 ) LIMIT 1   [ RunTime:0.0004s ]
SQL: SHOW COLUMNS FROM `pub_devices_statu` [ RunTime:0.0025s ]
SQL: SELECT * FROM `pub_devices_statu` WHERE ( DeviceID='868575025660723' ) LIMIT 1   [ RunTime:0.0003s ]
SQL: SHOW COLUMNS FROM `pub_device_type` [ RunTime:0.0018s ]
SQL: SELECT * FROM `pub_device_type` WHERE ( id=2 ) LIMIT 1   [ RunTime:0.0002s ]
SQL: SHOW COLUMNS FROM `pub_filters` [ RunTime:0.0017s ]
SQL: SELECT * FROM `pub_filters` WHERE `filtername` = '后置活性炭' AND `alias` = '后置活性炭180' LIMIT 1   [ RunTime:0.0002s ]
SQL: SELECT * FROM `pub_filters` WHERE `filtername` = '颗粒活性炭' AND `alias` = '颗粒活性炭120' LIMIT 1   [ RunTime:0.0002s ]
SQL: SELECT * FROM `pub_filters` WHERE `filtername` = 'PP棉' AND `alias` = 'PP棉180' LIMIT 1   [ RunTime:0.0002s ]
SQL: SELECT * FROM `pub_filters` WHERE `filtername` = '前置活性炭' AND `alias` = '前置活性炭' LIMIT 1   [ RunTime:0.0002s ]
INFO: [ view_parse ] --START--
INFO: [ template_filter ] --START--
INFO: Run Behavior\ContentReplaceBehavior [ RunTime:0.000081s ]
INFO: [ template_filter ] --END-- [ RunTime:0.000188s ]
NOTIC: [2] Illegal string offset 'sumpump' /www/Gits/dianqiu/project/Application/Runtime/Cache/Home/2a94b8bda04ff446dcedd42276fc99ee.php 第 136 行.
INFO: Run Behavior\ParseTemplateBehavior [ RunTime:0.020636s ]
INFO: [ view_parse ] --END-- [ RunTime:0.020752s ]
INFO: [ view_filter ] --START--
INFO: Run Behavior\WriteHtmlCacheBehavior [ RunTime:0.000239s ]
INFO: [ view_filter ] --END-- [ RunTime:0.000414s ]
INFO: [ app_end ] --START--
INFO: Run Behavior\ShowPageTraceBehavior [ RunTime:0.001006s ]
INFO: [ app_end ] --END-- [ RunTime:0.001192s ]

[ 2018-04-01T18:47:28+08:00 ] ::1 /
INFO: [ app_init ] --START--
INFO: Run Behavior\BuildLiteBehavior [ RunTime:0.000022s ]
INFO: [ app_init ] --END-- [ RunTime:0.000465s ]
INFO: [ app_begin ] --START--
INFO: Run Behavior\ReadHtmlCacheBehavior [ RunTime:0.000763s ]
INFO: [ app_begin ] --END-- [ RunTime:0.000930s ]
SQL: SHOW COLUMNS FROM `pub_devices` [ RunTime:0.0018s ]
SQL: SELECT `RawTDS`,`PureTDS`,`ReFlow`,`SumFlow` FROM `pub_devices` INNER JOIN pub_devices_statu ON pub_devices_statu.DeviceID=pub_devices.device_code  WHERE ( pub_devices.id=105 ) LIMIT 1   [ RunTime:0.0002s ]
SQL: SHOW COLUMNS FROM `pub_devices` [ RunTime:0.0016s ]
SQL: SELECT * FROM `pub_devices` WHERE ( id=105 ) LIMIT 1   [ RunTime:0.0003s ]
SQL: SHOW COLUMNS FROM `pub_devices_statu` [ RunTime:0.0025s ]
SQL: SELECT * FROM `pub_devices_statu` WHERE ( DeviceID='868575025660723' ) LIMIT 1   [ RunTime:0.0003s ]
SQL: SHOW COLUMNS FROM `pub_device_type` [ RunTime:0.0016s ]
SQL: SELECT * FROM `pub_device_type` WHERE ( id=2 ) LIMIT 1   [ RunTime:0.0002s ]
SQL: SHOW COLUMNS FROM `pub_filters` [ RunTime:0.0016s ]
SQL: SELECT * FROM `pub_filters` WHERE `filtername` = '后置活性炭' AND `alias` = '后置活性炭180' LIMIT 1   [ RunTime:0.0002s ]
SQL: SELECT * FROM `pub_filters` WHERE `filtername` = '颗粒活性炭' AND `alias` = '颗粒活性炭120' LIMIT 1   [ RunTime:0.0001s ]
SQL: SELECT * FROM `pub_filters` WHERE `filtername` = 'PP棉' AND `alias` = 'PP棉180' LIMIT 1   [ RunTime:0.0001s ]
SQL: SELECT * FROM `pub_filters` WHERE `filtername` = '前置活性炭' AND `alias` = '前置活性炭' LIMIT 1   [ RunTime:0.0002s ]
INFO: [ view_parse ] --START--
INFO: [ template_filter ] --START--
INFO: Run Behavior\ContentReplaceBehavior [ RunTime:0.000079s ]
INFO: [ template_filter ] --END-- [ RunTime:0.000186s ]
NOTIC: [2] Illegal string offset 'sumpump' /www/Gits/dianqiu/project/Application/Runtime/Cache/Home/2a94b8bda04ff446dcedd42276fc99ee.php 第 136 行.
INFO: Run Behavior\ParseTemplateBehavior [ RunTime:0.020196s ]
INFO: [ view_parse ] --END-- [ RunTime:0.020317s ]
INFO: [ view_filter ] --START--
INFO: Run Behavior\WriteHtmlCacheBehavior [ RunTime:0.000247s ]
INFO: [ view_filter ] --END-- [ RunTime:0.000364s ]
INFO: [ app_end ] --START--
INFO: Run Behavior\ShowPageTraceBehavior [ RunTime:0.000619s ]
INFO: [ app_end ] --END-- [ RunTime:0.000756s ]

[ 2018-04-01T18:47:40+08:00 ] ::1 /
INFO: [ app_init ] --START--
INFO: Run Behavior\BuildLiteBehavior [ RunTime:0.000025s ]
INFO: [ app_init ] --END-- [ RunTime:0.000488s ]
INFO: [ app_begin ] --START--
INFO: Run Behavior\ReadHtmlCacheBehavior [ RunTime:0.000474s ]
INFO: [ app_begin ] --END-- [ RunTime:0.000583s ]
SQL: SHOW COLUMNS FROM `pub_devices` [ RunTime:0.0082s ]
SQL: SELECT `RawTDS`,`PureTDS`,`ReFlow`,`SumFlow` FROM `pub_devices` INNER JOIN pub_devices_statu ON pub_devices_statu.DeviceID=pub_devices.device_code  WHERE ( pub_devices.id=105 ) LIMIT 1   [ RunTime:0.0003s ]
SQL: SHOW COLUMNS FROM `pub_devices` [ RunTime:0.0022s ]
SQL: SELECT * FROM `pub_devices` WHERE ( id=105 ) LIMIT 1   [ RunTime:0.0003s ]
SQL: SHOW COLUMNS FROM `pub_devices_statu` [ RunTime:0.0023s ]
SQL: SELECT * FROM `pub_devices_statu` WHERE ( DeviceID='868575025660723' ) LIMIT 1   [ RunTime:0.0003s ]
SQL: SHOW COLUMNS FROM `pub_device_type` [ RunTime:0.0018s ]
SQL: SELECT * FROM `pub_device_type` WHERE ( id=2 ) LIMIT 1   [ RunTime:0.0002s ]
SQL: SHOW COLUMNS FROM `pub_filters` [ RunTime:0.0017s ]
SQL: SELECT * FROM `pub_filters` WHERE `filtername` = '后置活性炭' AND `alias` = '后置活性炭180' LIMIT 1   [ RunTime:0.0002s ]
SQL: SELECT * FROM `pub_filters` WHERE `filtername` = '颗粒活性炭' AND `alias` = '颗粒活性炭120' LIMIT 1   [ RunTime:0.0002s ]
SQL: SELECT * FROM `pub_filters` WHERE `filtername` = 'PP棉' AND `alias` = 'PP棉180' LIMIT 1   [ RunTime:0.0002s ]
SQL: SELECT * FROM `pub_filters` WHERE `filtername` = '前置活性炭' AND `alias` = '前置活性炭' LIMIT 1   [ RunTime:0.0002s ]
INFO: [ view_parse ] --START--
INFO: [ template_filter ] --START--
INFO: Run Behavior\ContentReplaceBehavior [ RunTime:0.000075s ]
INFO: [ template_filter ] --END-- [ RunTime:0.000174s ]
NOTIC: [2] Illegal string offset 'sumpump' /www/Gits/dianqiu/project/Application/Runtime/Cache/Home/2a94b8bda04ff446dcedd42276fc99ee.php 第 136 行.
INFO: Run Behavior\ParseTemplateBehavior [ RunTime:0.019820s ]
INFO: [ view_parse ] --END-- [ RunTime:0.019942s ]
INFO: [ view_filter ] --START--
INFO: Run Behavior\WriteHtmlCacheBehavior [ RunTime:0.000201s ]
INFO: [ view_filter ] --END-- [ RunTime:0.000298s ]
INFO: [ app_end ] --START--
INFO: Run Behavior\ShowPageTraceBehavior [ RunTime:0.000521s ]
INFO: [ app_end ] --END-- [ RunTime:0.000632s ]

[ 2018-04-01T18:48:55+08:00 ] ::1 /
INFO: [ app_init ] --START--
INFO: Run Behavior\BuildLiteBehavior [ RunTime:0.000025s ]
INFO: [ app_init ] --END-- [ RunTime:0.000437s ]
INFO: [ app_begin ] --START--
INFO: Run Behavior\ReadHtmlCacheBehavior [ RunTime:0.000469s ]
INFO: [ app_begin ] --END-- [ RunTime:0.000578s ]
SQL: SHOW COLUMNS FROM `pub_devices` [ RunTime:0.0020s ]
SQL: SELECT `RawTDS`,`PureTDS`,`ReFlow`,`SumFlow` FROM `pub_devices` INNER JOIN pub_devices_statu ON pub_devices_statu.DeviceID=pub_devices.device_code  WHERE ( pub_devices.id=105 ) LIMIT 1   [ RunTime:0.0002s ]
SQL: SHOW COLUMNS FROM `pub_devices` [ RunTime:0.0016s ]
SQL: SELECT * FROM `pub_devices` WHERE ( id=105 ) LIMIT 1   [ RunTime:0.0002s ]
SQL: SHOW COLUMNS FROM `pub_devices_statu` [ RunTime:0.0022s ]
SQL: SELECT * FROM `pub_devices_statu` WHERE ( DeviceID='868575025660723' ) LIMIT 1   [ RunTime:0.0003s ]
SQL: SHOW COLUMNS FROM `pub_device_type` [ RunTime:0.0017s ]
SQL: SELECT * FROM `pub_device_type` WHERE ( id=2 ) LIMIT 1   [ RunTime:0.0002s ]
SQL: SHOW COLUMNS FROM `pub_filters` [ RunTime:0.0017s ]
SQL: SELECT * FROM `pub_filters` WHERE `filtername` = '后置活性炭' AND `alias` = '后置活性炭180' LIMIT 1   [ RunTime:0.0002s ]
SQL: SELECT * FROM `pub_filters` WHERE `filtername` = '颗粒活性炭' AND `alias` = '颗粒活性炭120' LIMIT 1   [ RunTime:0.0001s ]
SQL: SELECT * FROM `pub_filters` WHERE `filtername` = 'PP棉' AND `alias` = 'PP棉180' LIMIT 1   [ RunTime:0.0001s ]
SQL: SELECT * FROM `pub_filters` WHERE `filtername` = '前置活性炭' AND `alias` = '前置活性炭' LIMIT 1   [ RunTime:0.0001s ]
INFO: [ view_parse ] --START--
INFO: [ template_filter ] --START--
INFO: Run Behavior\ContentReplaceBehavior [ RunTime:0.000074s ]
INFO: [ template_filter ] --END-- [ RunTime:0.000171s ]
INFO: Run Behavior\ParseTemplateBehavior [ RunTime:0.018599s ]
INFO: [ view_parse ] --END-- [ RunTime:0.018699s ]
INFO: [ view_filter ] --START--
INFO: Run Behavior\WriteHtmlCacheBehavior [ RunTime:0.000170s ]
INFO: [ view_filter ] --END-- [ RunTime:0.000253s ]
INFO: [ app_end ] --START--
INFO: Run Behavior\ShowPageTraceBehavior [ RunTime:0.000429s ]
INFO: [ app_end ] --END-- [ RunTime:0.000516s ]

[ 2018-04-01T18:50:19+08:00 ] ::1 /
INFO: [ app_init ] --START--
INFO: Run Behavior\BuildLiteBehavior [ RunTime:0.000037s ]
INFO: [ app_init ] --END-- [ RunTime:0.000564s ]
INFO: [ app_begin ] --START--
INFO: Run Behavior\ReadHtmlCacheBehavior [ RunTime:0.000685s ]
INFO: [ app_begin ] --END-- [ RunTime:0.000874s ]
SQL: SHOW COLUMNS FROM `pub_devices` [ RunTime:0.0020s ]
SQL: SELECT `RawTDS`,`PureTDS`,`ReFlow`,`SumFlow` FROM `pub_devices` INNER JOIN pub_devices_statu ON pub_devices_statu.DeviceID=pub_devices.device_code  WHERE ( pub_devices.id=105 ) LIMIT 1   [ RunTime:0.0002s ]
SQL: SHOW COLUMNS FROM `pub_devices` [ RunTime:0.0019s ]
SQL: SELECT * FROM `pub_devices` WHERE ( id=105 ) LIMIT 1   [ RunTime:0.0003s ]
SQL: SHOW COLUMNS FROM `pub_devices_statu` [ RunTime:0.0023s ]
SQL: SELECT * FROM `pub_devices_statu` WHERE ( DeviceID='868575025660723' ) LIMIT 1   [ RunTime:0.0004s ]
SQL: SHOW COLUMNS FROM `pub_device_type` [ RunTime:0.0022s ]
SQL: SELECT * FROM `pub_device_type` WHERE ( id=2 ) LIMIT 1   [ RunTime:0.0003s ]
SQL: SHOW COLUMNS FROM `pub_filters` [ RunTime:0.0020s ]
SQL: SELECT * FROM `pub_filters` WHERE `filtername` = '后置活性炭' AND `alias` = '后置活性炭180' LIMIT 1   [ RunTime:0.0002s ]
SQL: SELECT * FROM `pub_filters` WHERE `filtername` = '颗粒活性炭' AND `alias` = '颗粒活性炭120' LIMIT 1   [ RunTime:0.0002s ]
SQL: SELECT * FROM `pub_filters` WHERE `filtername` = 'PP棉' AND `alias` = 'PP棉180' LIMIT 1   [ RunTime:0.0002s ]
SQL: SELECT * FROM `pub_filters` WHERE `filtername` = '前置活性炭' AND `alias` = '前置活性炭' LIMIT 1   [ RunTime:0.0002s ]
INFO: [ view_parse ] --START--
INFO: [ template_filter ] --START--
INFO: Run Behavior\ContentReplaceBehavior [ RunTime:0.000084s ]
INFO: [ template_filter ] --END-- [ RunTime:0.000198s ]
INFO: Run Behavior\ParseTemplateBehavior [ RunTime:0.021864s ]
INFO: [ view_parse ] --END-- [ RunTime:0.021983s ]
INFO: [ view_filter ] --START--
INFO: Run Behavior\WriteHtmlCacheBehavior [ RunTime:0.000204s ]
INFO: [ view_filter ] --END-- [ RunTime:0.000294s ]
INFO: [ app_end ] --START--
INFO: Run Behavior\ShowPageTraceBehavior [ RunTime:0.000551s ]
INFO: [ app_end ] --END-- [ RunTime:0.000689s ]

[ 2018-04-01T18:50:20+08:00 ] ::1 /
INFO: [ app_init ] --START--
INFO: Run Behavior\BuildLiteBehavior [ RunTime:0.000026s ]
INFO: [ app_init ] --END-- [ RunTime:0.000424s ]
INFO: [ app_begin ] --START--
INFO: Run Behavior\ReadHtmlCacheBehavior [ RunTime:0.000688s ]
INFO: [ app_begin ] --END-- [ RunTime:0.000845s ]
SQL: SHOW COLUMNS FROM `pub_devices` [ RunTime:0.0082s ]
SQL: SELECT `RawTDS`,`PureTDS`,`ReFlow`,`SumFlow` FROM `pub_devices` INNER JOIN pub_devices_statu ON pub_devices_statu.DeviceID=pub_devices.device_code  WHERE ( pub_devices.id=105 ) LIMIT 1   [ RunTime:0.0003s ]
SQL: SHOW COLUMNS FROM `pub_devices` [ RunTime:0.0024s ]
SQL: SELECT * FROM `pub_devices` WHERE ( id=105 ) LIMIT 1   [ RunTime:0.0003s ]
SQL: SHOW COLUMNS FROM `pub_devices_statu` [ RunTime:0.0028s ]
SQL: SELECT * FROM `pub_devices_statu` WHERE ( DeviceID='868575025660723' ) LIMIT 1   [ RunTime:0.0003s ]
SQL: SHOW COLUMNS FROM `pub_device_type` [ RunTime:0.0018s ]
SQL: SELECT * FROM `pub_device_type` WHERE ( id=2 ) LIMIT 1   [ RunTime:0.0002s ]
SQL: SHOW COLUMNS FROM `pub_filters` [ RunTime:0.0019s ]
SQL: SELECT * FROM `pub_filters` WHERE `filtername` = '后置活性炭' AND `alias` = '后置活性炭180' LIMIT 1   [ RunTime:0.0003s ]
SQL: SELECT * FROM `pub_filters` WHERE `filtername` = '颗粒活性炭' AND `alias` = '颗粒活性炭120' LIMIT 1   [ RunTime:0.0003s ]
SQL: SELECT * FROM `pub_filters` WHERE `filtername` = 'PP棉' AND `alias` = 'PP棉180' LIMIT 1   [ RunTime:0.0002s ]
SQL: SELECT * FROM `pub_filters` WHERE `filtername` = '前置活性炭' AND `alias` = '前置活性炭' LIMIT 1   [ RunTime:0.0002s ]
INFO: [ view_parse ] --START--
INFO: [ template_filter ] --START--
INFO: Run Behavior\ContentReplaceBehavior [ RunTime:0.000129s ]
INFO: [ template_filter ] --END-- [ RunTime:0.000304s ]
INFO: Run Behavior\ParseTemplateBehavior [ RunTime:0.025512s ]
INFO: [ view_parse ] --END-- [ RunTime:0.025668s ]
INFO: [ view_filter ] --START--
INFO: Run Behavior\WriteHtmlCacheBehavior [ RunTime:0.000300s ]
INFO: [ view_filter ] --END-- [ RunTime:0.000448s ]
INFO: [ app_end ] --START--
INFO: Run Behavior\ShowPageTraceBehavior [ RunTime:0.001287s ]
INFO: [ app_end ] --END-- [ RunTime:0.001580s ]

[ 2018-04-01T18:56:27+08:00 ] ::1 /
INFO: [ app_init ] --START--
INFO: Run Behavior\BuildLiteBehavior [ RunTime:0.000025s ]
INFO: [ app_init ] --END-- [ RunTime:0.000426s ]
INFO: [ app_begin ] --START--
INFO: Run Behavior\ReadHtmlCacheBehavior [ RunTime:0.000508s ]
INFO: [ app_begin ] --END-- [ RunTime:0.000625s ]
SQL: SHOW COLUMNS FROM `pub_devices` [ RunTime:0.0421s ]
SQL: SELECT `RawTDS`,`PureTDS`,`ReFlow`,`SumFlow` FROM `pub_devices` INNER JOIN pub_devices_statu ON pub_devices_statu.DeviceID=pub_devices.device_code  WHERE ( pub_devices.id=105 ) LIMIT 1   [ RunTime:0.1140s ]
SQL: SHOW COLUMNS FROM `pub_devices` [ RunTime:0.2052s ]
SQL: SELECT * FROM `pub_devices` WHERE ( id=105 ) LIMIT 1   [ RunTime:0.0416s ]
SQL: SHOW COLUMNS FROM `pub_devices_statu` [ RunTime:0.0422s ]
SQL: SELECT * FROM `pub_devices_statu` WHERE ( DeviceID='868575025660723' ) LIMIT 1   [ RunTime:0.0420s ]
SQL: SHOW COLUMNS FROM `pub_device_type` [ RunTime:0.0410s ]
SQL: SELECT * FROM `pub_device_type` WHERE ( id=2 ) LIMIT 1   [ RunTime:0.0410s ]
SQL: SHOW COLUMNS FROM `pub_filters` [ RunTime:0.0412s ]
SQL: SELECT * FROM `pub_filters` WHERE `filtername` = '后置活性炭' AND `alias` = '后置活性炭180' LIMIT 1   [ RunTime:0.0410s ]
SQL: SELECT * FROM `pub_filters` WHERE `filtername` = '颗粒活性炭' AND `alias` = '颗粒活性炭120' LIMIT 1   [ RunTime:0.0410s ]
SQL: SELECT * FROM `pub_filters` WHERE `filtername` = 'PP棉' AND `alias` = 'PP棉180' LIMIT 1   [ RunTime:0.0415s ]
SQL: SELECT * FROM `pub_filters` WHERE `filtername` = '前置活性炭' AND `alias` = '前置活性炭' LIMIT 1   [ RunTime:0.1862s ]
SQL: SELECT * FROM `pub_filters` WHERE `filtername` = 'PP棉' AND `alias` = 'PP棉180' LIMIT 1   [ RunTime:0.0406s ]
SQL: SELECT * FROM `pub_filters` WHERE `filtername` = 'RO膜' AND `alias` = 'RO膜360' LIMIT 1   [ RunTime:0.1116s ]
SQL: SELECT * FROM `pub_filters` WHERE `filtername` = '5μmPP' AND `alias` = '5μmPP' LIMIT 1   [ RunTime:0.0409s ]
SQL: SELECT * FROM `pub_filters` WHERE `filtername` = '后置活性炭' AND `alias` = '后置活性炭120' LIMIT 1   [ RunTime:0.0462s ]
INFO: [ view_parse ] --START--
INFO: [ template_filter ] --START--
INFO: Run Behavior\ContentReplaceBehavior [ RunTime:0.000092s ]
INFO: [ template_filter ] --END-- [ RunTime:0.000224s ]
INFO: Run Behavior\ParseTemplateBehavior [ RunTime:0.023097s ]
INFO: [ view_parse ] --END-- [ RunTime:0.023231s ]
INFO: [ view_filter ] --START--
INFO: Run Behavior\WriteHtmlCacheBehavior [ RunTime:0.000256s ]
INFO: [ view_filter ] --END-- [ RunTime:0.000361s ]
INFO: [ app_end ] --START--
INFO: Run Behavior\ShowPageTraceBehavior [ RunTime:0.000680s ]
INFO: [ app_end ] --END-- [ RunTime:0.000807s ]

[ 2018-04-01T18:56:44+08:00 ] ::1 /
INFO: [ app_init ] --START--
INFO: Run Behavior\BuildLiteBehavior [ RunTime:0.000027s ]
INFO: [ app_init ] --END-- [ RunTime:0.000474s ]
INFO: [ app_begin ] --START--
INFO: Run Behavior\ReadHtmlCacheBehavior [ RunTime:0.000719s ]
INFO: [ app_begin ] --END-- [ RunTime:0.000839s ]
SQL: SHOW COLUMNS FROM `pub_devices` [ RunTime:0.1028s ]
SQL: SELECT `RawTDS`,`PureTDS`,`ReFlow`,`SumFlow` FROM `pub_devices` INNER JOIN pub_devices_statu ON pub_devices_statu.DeviceID=pub_devices.device_code  WHERE ( pub_devices.id=105 ) LIMIT 1   [ RunTime:0.1841s ]
SQL: SHOW COLUMNS FROM `pub_devices` [ RunTime:0.0406s ]
SQL: SELECT * FROM `pub_devices` WHERE ( id=105 ) LIMIT 1   [ RunTime:0.0818s ]
SQL: SHOW COLUMNS FROM `pub_devices_statu` [ RunTime:0.0411s ]
SQL: SELECT * FROM `pub_devices_statu` WHERE ( DeviceID='868575025660723' ) LIMIT 1   [ RunTime:0.0605s ]
SQL: SHOW COLUMNS FROM `pub_device_type` [ RunTime:0.0410s ]
SQL: SELECT * FROM `pub_device_type` WHERE ( id=2 ) LIMIT 1   [ RunTime:0.1222s ]
SQL: SHOW COLUMNS FROM `pub_filters` [ RunTime:0.0406s ]
SQL: SELECT * FROM `pub_filters` WHERE `filtername` = '后置活性炭' AND `alias` = '后置活性炭180' LIMIT 1   [ RunTime:0.0402s ]
SQL: SELECT * FROM `pub_filters` WHERE `filtername` = '颗粒活性炭' AND `alias` = '颗粒活性炭120' LIMIT 1   [ RunTime:0.0403s ]
SQL: SELECT * FROM `pub_filters` WHERE `filtername` = 'PP棉' AND `alias` = 'PP棉180' LIMIT 1   [ RunTime:0.0399s ]
SQL: SELECT * FROM `pub_filters` WHERE `filtername` = '前置活性炭' AND `alias` = '前置活性炭' LIMIT 1   [ RunTime:0.0404s ]
SQL: SELECT * FROM `pub_filters` WHERE `filtername` = 'PP棉' AND `alias` = 'PP棉180' LIMIT 1   [ RunTime:0.0414s ]
SQL: SELECT * FROM `pub_filters` WHERE `filtername` = 'RO膜' AND `alias` = 'RO膜360' LIMIT 1   [ RunTime:0.0632s ]
SQL: SELECT * FROM `pub_filters` WHERE `filtername` = '5μmPP' AND `alias` = '5μmPP' LIMIT 1   [ RunTime:0.0400s ]
SQL: SELECT * FROM `pub_filters` WHERE `filtername` = '后置活性炭' AND `alias` = '后置活性炭120' LIMIT 1   [ RunTime:0.0406s ]
INFO: [ view_parse ] --START--
INFO: [ template_filter ] --START--
INFO: Run Behavior\ContentReplaceBehavior [ RunTime:0.000089s ]
INFO: [ template_filter ] --END-- [ RunTime:0.000219s ]
INFO: Run Behavior\ParseTemplateBehavior [ RunTime:0.017164s ]
INFO: [ view_parse ] --END-- [ RunTime:0.017349s ]
INFO: [ view_filter ] --START--
INFO: Run Behavior\WriteHtmlCacheBehavior [ RunTime:0.000213s ]
INFO: [ view_filter ] --END-- [ RunTime:0.000315s ]
INFO: [ app_end ] --START--
INFO: Run Behavior\ShowPageTraceBehavior [ RunTime:0.000784s ]
INFO: [ app_end ] --END-- [ RunTime:0.001085s ]

[ 2018-04-01T18:57:07+08:00 ] ::1 /
INFO: [ app_init ] --START--
INFO: Run Behavior\BuildLiteBehavior [ RunTime:0.000040s ]
INFO: [ app_init ] --END-- [ RunTime:0.000461s ]
INFO: [ app_begin ] --START--
INFO: Run Behavior\ReadHtmlCacheBehavior [ RunTime:0.000621s ]
INFO: [ app_begin ] --END-- [ RunTime:0.000755s ]
SQL: SHOW COLUMNS FROM `pub_devices` [ RunTime:0.0419s ]
SQL: SELECT `RawTDS`,`PureTDS`,`ReFlow`,`SumFlow` FROM `pub_devices` INNER JOIN pub_devices_statu ON pub_devices_statu.DeviceID=pub_devices.device_code  WHERE ( pub_devices.id=105 ) LIMIT 1   [ RunTime:0.0474s ]
SQL: SHOW COLUMNS FROM `pub_devices` [ RunTime:0.0418s ]
SQL: SELECT * FROM `pub_devices` WHERE ( id=105 ) LIMIT 1   [ RunTime:0.0454s ]
SQL: SHOW COLUMNS FROM `pub_devices_statu` [ RunTime:0.0419s ]
SQL: SELECT * FROM `pub_devices_statu` WHERE ( DeviceID='868575025660723' ) LIMIT 1   [ RunTime:0.1406s ]
SQL: SHOW COLUMNS FROM `pub_device_type` [ RunTime:0.0412s ]
SQL: SELECT * FROM `pub_device_type` WHERE ( id=2 ) LIMIT 1   [ RunTime:0.0420s ]
SQL: SHOW COLUMNS FROM `pub_filters` [ RunTime:0.0415s ]
SQL: SELECT * FROM `pub_filters` WHERE `filtername` = '后置活性炭' AND `alias` = '后置活性炭180' LIMIT 1   [ RunTime:0.0412s ]
SQL: SELECT * FROM `pub_filters` WHERE `filtername` = '颗粒活性炭' AND `alias` = '颗粒活性炭120' LIMIT 1   [ RunTime:0.0507s ]
SQL: SELECT * FROM `pub_filters` WHERE `filtername` = 'PP棉' AND `alias` = 'PP棉180' LIMIT 1   [ RunTime:0.0410s ]
SQL: SELECT * FROM `pub_filters` WHERE `filtername` = '前置活性炭' AND `alias` = '前置活性炭' LIMIT 1   [ RunTime:0.0411s ]
SQL: SELECT * FROM `pub_filters` WHERE `filtername` = 'PP棉' AND `alias` = 'PP棉180' LIMIT 1   [ RunTime:0.1083s ]
SQL: SELECT * FROM `pub_filters` WHERE `filtername` = 'RO膜' AND `alias` = 'RO膜360' LIMIT 1   [ RunTime:0.0407s ]
SQL: SELECT * FROM `pub_filters` WHERE `filtername` = '5μmPP' AND `alias` = '5μmPP' LIMIT 1   [ RunTime:0.1938s ]
SQL: SELECT * FROM `pub_filters` WHERE `filtername` = '后置活性炭' AND `alias` = '后置活性炭120' LIMIT 1   [ RunTime:0.0719s ]
INFO: [ view_parse ] --START--
INFO: [ template_filter ] --START--
INFO: Run Behavior\ContentReplaceBehavior [ RunTime:0.000073s ]
INFO: [ template_filter ] --END-- [ RunTime:0.000178s ]
NOTIC: [2] Illegal string offset 'sumpump' /www/Gits/dianqiu/project/Application/Runtime/Cache/Home/2a94b8bda04ff446dcedd42276fc99ee.php 第 136 行.
INFO: Run Behavior\ParseTemplateBehavior [ RunTime:0.014878s ]
INFO: [ view_parse ] --END-- [ RunTime:0.014970s ]
INFO: [ view_filter ] --START--
INFO: Run Behavior\WriteHtmlCacheBehavior [ RunTime:0.000178s ]
INFO: [ view_filter ] --END-- [ RunTime:0.000259s ]
INFO: [ app_end ] --START--
INFO: Run Behavior\ShowPageTraceBehavior [ RunTime:0.000984s ]
INFO: [ app_end ] --END-- [ RunTime:0.001189s ]

[ 2018-04-01T18:57:27+08:00 ] ::1 /
INFO: [ app_init ] --START--
INFO: Run Behavior\BuildLiteBehavior [ RunTime:0.000033s ]
INFO: [ app_init ] --END-- [ RunTime:0.006480s ]
INFO: [ app_begin ] --START--
INFO: Run Behavior\ReadHtmlCacheBehavior [ RunTime:0.000510s ]
INFO: [ app_begin ] --END-- [ RunTime:0.000625s ]
SQL: SHOW COLUMNS FROM `pub_devices` [ RunTime:0.0401s ]
SQL: SELECT `RawTDS`,`PureTDS`,`ReFlow`,`SumFlow` FROM `pub_devices` INNER JOIN pub_devices_statu ON pub_devices_statu.DeviceID=pub_devices.device_code  WHERE ( pub_devices.id=105 ) LIMIT 1   [ RunTime:0.0387s ]
SQL: SHOW COLUMNS FROM `pub_devices` [ RunTime:0.0389s ]
SQL: SELECT * FROM `pub_devices` WHERE ( id=105 ) LIMIT 1   [ RunTime:0.0391s ]
SQL: SHOW COLUMNS FROM `pub_devices_statu` [ RunTime:0.1937s ]
SQL: SELECT * FROM `pub_devices_statu` WHERE ( DeviceID='868575025660723' ) LIMIT 1   [ RunTime:0.0395s ]
SQL: SHOW COLUMNS FROM `pub_device_type` [ RunTime:0.0389s ]
SQL: SELECT * FROM `pub_device_type` WHERE ( id=2 ) LIMIT 1   [ RunTime:0.0383s ]
SQL: SHOW COLUMNS FROM `pub_filters` [ RunTime:0.0677s ]
SQL: SELECT * FROM `pub_filters` WHERE `filtername` = '后置活性炭' AND `alias` = '后置活性炭180' LIMIT 1   [ RunTime:0.0390s ]
SQL: SELECT * FROM `pub_filters` WHERE `filtername` = '颗粒活性炭' AND `alias` = '颗粒活性炭120' LIMIT 1   [ RunTime:0.0616s ]
SQL: SELECT * FROM `pub_filters` WHERE `filtername` = 'PP棉' AND `alias` = 'PP棉180' LIMIT 1   [ RunTime:0.1049s ]
SQL: SELECT * FROM `pub_filters` WHERE `filtername` = '前置活性炭' AND `alias` = '前置活性炭' LIMIT 1   [ RunTime:0.0389s ]
SQL: SELECT * FROM `pub_filters` WHERE `filtername` = 'PP棉' AND `alias` = 'PP棉180' LIMIT 1   [ RunTime:0.0383s ]
SQL: SELECT * FROM `pub_filters` WHERE `filtername` = 'RO膜' AND `alias` = 'RO膜360' LIMIT 1   [ RunTime:0.0388s ]
SQL: SELECT * FROM `pub_filters` WHERE `filtername` = '5μmPP' AND `alias` = '5μmPP' LIMIT 1   [ RunTime:0.0482s ]
SQL: SELECT * FROM `pub_filters` WHERE `filtername` = '后置活性炭' AND `alias` = '后置活性炭120' LIMIT 1   [ RunTime:0.0524s ]
INFO: [ view_parse ] --START--
INFO: [ template_filter ] --START--
INFO: Run Behavior\ContentReplaceBehavior [ RunTime:0.000087s ]
INFO: [ template_filter ] --END-- [ RunTime:0.000213s ]
NOTIC: [2] Illegal string offset 'sumpump' /www/Gits/dianqiu/project/Application/Runtime/Cache/Home/2a94b8bda04ff446dcedd42276fc99ee.php 第 136 行.
INFO: Run Behavior\ParseTemplateBehavior [ RunTime:0.016632s ]
INFO: [ view_parse ] --END-- [ RunTime:0.016743s ]
INFO: [ view_filter ] --START--
INFO: Run Behavior\WriteHtmlCacheBehavior [ RunTime:0.000229s ]
INFO: [ view_filter ] --END-- [ RunTime:0.000420s ]
INFO: [ app_end ] --START--
INFO: Run Behavior\ShowPageTraceBehavior [ RunTime:0.000838s ]
INFO: [ app_end ] --END-- [ RunTime:0.000986s ]

[ 2018-04-01T18:57:49+08:00 ] ::1 /
INFO: [ app_init ] --START--
INFO: Run Behavior\BuildLiteBehavior [ RunTime:0.000030s ]
INFO: [ app_init ] --END-- [ RunTime:0.000478s ]
INFO: [ app_begin ] --START--
INFO: Run Behavior\ReadHtmlCacheBehavior [ RunTime:0.000708s ]
INFO: [ app_begin ] --END-- [ RunTime:0.000829s ]
SQL: SHOW COLUMNS FROM `pub_devices` [ RunTime:0.0447s ]
SQL: SELECT `RawTDS`,`PureTDS`,`ReFlow`,`SumFlow` FROM `pub_devices` INNER JOIN pub_devices_statu ON pub_devices_statu.DeviceID=pub_devices.device_code  WHERE ( pub_devices.id=105 ) LIMIT 1   [ RunTime:0.0410s ]
SQL: SHOW COLUMNS FROM `pub_devices` [ RunTime:0.1308s ]
SQL: SELECT * FROM `pub_devices` WHERE ( id=105 ) LIMIT 1   [ RunTime:0.0407s ]
SQL: SHOW COLUMNS FROM `pub_devices_statu` [ RunTime:0.0412s ]
SQL: SELECT * FROM `pub_devices_statu` WHERE ( DeviceID='868575025660723' ) LIMIT 1   [ RunTime:0.0412s ]
SQL: SHOW COLUMNS FROM `pub_device_type` [ RunTime:0.0402s ]
SQL: SELECT * FROM `pub_device_type` WHERE ( id=2 ) LIMIT 1   [ RunTime:0.0404s ]
SQL: SHOW COLUMNS FROM `pub_filters` [ RunTime:0.0898s ]
SQL: SELECT * FROM `pub_filters` WHERE `filtername` = '后置活性炭' AND `alias` = '后置活性炭180' LIMIT 1   [ RunTime:0.0413s ]
SQL: SELECT * FROM `pub_filters` WHERE `filtername` = '颗粒活性炭' AND `alias` = '颗粒活性炭120' LIMIT 1   [ RunTime:0.0406s ]
SQL: SELECT * FROM `pub_filters` WHERE `filtername` = 'PP棉' AND `alias` = 'PP棉180' LIMIT 1   [ RunTime:0.0404s ]
SQL: SELECT * FROM `pub_filters` WHERE `filtername` = '前置活性炭' AND `alias` = '前置活性炭' LIMIT 1   [ RunTime:0.0404s ]
SQL: SELECT * FROM `pub_filters` WHERE `filtername` = 'PP棉' AND `alias` = 'PP棉180' LIMIT 1   [ RunTime:0.1931s ]
SQL: SELECT * FROM `pub_filters` WHERE `filtername` = 'RO膜' AND `alias` = 'RO膜360' LIMIT 1   [ RunTime:0.0562s ]
SQL: SELECT * FROM `pub_filters` WHERE `filtername` = '5μmPP' AND `alias` = '5μmPP' LIMIT 1   [ RunTime:0.0402s ]
SQL: SELECT * FROM `pub_filters` WHERE `filtername` = '后置活性炭' AND `alias` = '后置活性炭120' LIMIT 1   [ RunTime:0.0461s ]

[ 2018-04-01T18:58:33+08:00 ] ::1 /
INFO: [ app_init ] --START--
INFO: Run Behavior\BuildLiteBehavior [ RunTime:0.000027s ]
INFO: [ app_init ] --END-- [ RunTime:0.000438s ]
INFO: [ app_begin ] --START--
INFO: Run Behavior\ReadHtmlCacheBehavior [ RunTime:0.000485s ]
INFO: [ app_begin ] --END-- [ RunTime:0.000595s ]
SQL: SHOW COLUMNS FROM `pub_devices` [ RunTime:0.0956s ]
SQL: SELECT `RawTDS`,`PureTDS`,`ReFlow`,`SumFlow` FROM `pub_devices` INNER JOIN pub_devices_statu ON pub_devices_statu.DeviceID=pub_devices.device_code  WHERE ( pub_devices.id=105 ) LIMIT 1   [ RunTime:0.0393s ]
SQL: SHOW COLUMNS FROM `pub_devices` [ RunTime:0.0933s ]
SQL: SELECT * FROM `pub_devices` WHERE ( id=105 ) LIMIT 1   [ RunTime:0.0399s ]
SQL: SHOW COLUMNS FROM `pub_devices_statu` [ RunTime:0.0400s ]
SQL: SELECT * FROM `pub_devices_statu` WHERE ( DeviceID='868575025660723' ) LIMIT 1   [ RunTime:0.0400s ]
SQL: SHOW COLUMNS FROM `pub_device_type` [ RunTime:0.0395s ]
SQL: SELECT * FROM `pub_device_type` WHERE ( id=2 ) LIMIT 1   [ RunTime:0.0393s ]
SQL: SHOW COLUMNS FROM `pub_filters` [ RunTime:0.0397s ]
SQL: SELECT * FROM `pub_filters` WHERE `filtername` = '后置活性炭' AND `alias` = '后置活性炭180' LIMIT 1   [ RunTime:0.0646s ]
SQL: SELECT * FROM `pub_filters` WHERE `filtername` = '颗粒活性炭' AND `alias` = '颗粒活性炭120' LIMIT 1   [ RunTime:0.0391s ]
SQL: SELECT * FROM `pub_filters` WHERE `filtername` = 'PP棉' AND `alias` = 'PP棉180' LIMIT 1   [ RunTime:0.1734s ]
SQL: SELECT * FROM `pub_filters` WHERE `filtername` = '前置活性炭' AND `alias` = '前置活性炭' LIMIT 1   [ RunTime:0.0397s ]
SQL: SELECT * FROM `pub_filters` WHERE `filtername` = 'PP棉' AND `alias` = 'PP棉180' LIMIT 1   [ RunTime:0.0469s ]
SQL: SELECT * FROM `pub_filters` WHERE `filtername` = 'RO膜' AND `alias` = 'RO膜360' LIMIT 1   [ RunTime:0.0390s ]
SQL: SELECT * FROM `pub_filters` WHERE `filtername` = '5μmPP' AND `alias` = '5μmPP' LIMIT 1   [ RunTime:0.0399s ]
SQL: SELECT * FROM `pub_filters` WHERE `filtername` = '后置活性炭' AND `alias` = '后置活性炭120' LIMIT 1   [ RunTime:0.1303s ]

[ 2018-04-01T18:58:44+08:00 ] ::1 /
INFO: [ app_init ] --START--
INFO: Run Behavior\BuildLiteBehavior [ RunTime:0.000057s ]
INFO: [ app_init ] --END-- [ RunTime:0.001042s ]
INFO: [ app_begin ] --START--
INFO: Run Behavior\ReadHtmlCacheBehavior [ RunTime:0.001043s ]
INFO: [ app_begin ] --END-- [ RunTime:0.001219s ]
SQL: SHOW COLUMNS FROM `pub_devices` [ RunTime:0.0656s ]
SQL: SELECT `RawTDS`,`PureTDS`,`ReFlow`,`SumFlow` FROM `pub_devices` INNER JOIN pub_devices_statu ON pub_devices_statu.DeviceID=pub_devices.device_code  WHERE ( pub_devices.id=105 ) LIMIT 1   [ RunTime:0.0412s ]
SQL: SHOW COLUMNS FROM `pub_devices` [ RunTime:0.0418s ]
SQL: SELECT * FROM `pub_devices` WHERE ( id=105 ) LIMIT 1   [ RunTime:0.0414s ]
SQL: SHOW COLUMNS FROM `pub_devices_statu` [ RunTime:0.0427s ]
SQL: SELECT * FROM `pub_devices_statu` WHERE ( DeviceID='868575025660723' ) LIMIT 1   [ RunTime:0.0423s ]
SQL: SHOW COLUMNS FROM `pub_device_type` [ RunTime:0.0410s ]
SQL: SELECT * FROM `pub_device_type` WHERE ( id=2 ) LIMIT 1   [ RunTime:0.1690s ]
SQL: SHOW COLUMNS FROM `pub_filters` [ RunTime:0.0896s ]
SQL: SELECT * FROM `pub_filters` WHERE `filtername` = '后置活性炭' AND `alias` = '后置活性炭180' LIMIT 1   [ RunTime:0.0412s ]
SQL: SELECT * FROM `pub_filters` WHERE `filtername` = '颗粒活性炭' AND `alias` = '颗粒活性炭120' LIMIT 1   [ RunTime:0.0412s ]
SQL: SELECT * FROM `pub_filters` WHERE `filtername` = 'PP棉' AND `alias` = 'PP棉180' LIMIT 1   [ RunTime:0.0411s ]
SQL: SELECT * FROM `pub_filters` WHERE `filtername` = '前置活性炭' AND `alias` = '前置活性炭' LIMIT 1   [ RunTime:0.0413s ]
SQL: SELECT * FROM `pub_filters` WHERE `filtername` = 'PP棉' AND `alias` = 'PP棉180' LIMIT 1   [ RunTime:0.0414s ]
SQL: SELECT * FROM `pub_filters` WHERE `filtername` = 'RO膜' AND `alias` = 'RO膜360' LIMIT 1   [ RunTime:0.0976s ]
SQL: SELECT * FROM `pub_filters` WHERE `filtername` = '5μmPP' AND `alias` = '5μmPP' LIMIT 1   [ RunTime:0.0409s ]
SQL: SELECT * FROM `pub_filters` WHERE `filtername` = '后置活性炭' AND `alias` = '后置活性炭120' LIMIT 1   [ RunTime:0.0413s ]
INFO: [ view_parse ] --START--
INFO: [ template_filter ] --START--
INFO: Run Behavior\ContentReplaceBehavior [ RunTime:0.000089s ]
INFO: [ template_filter ] --END-- [ RunTime:0.000217s ]
INFO: Run Behavior\ParseTemplateBehavior [ RunTime:0.017922s ]
INFO: [ view_parse ] --END-- [ RunTime:0.018056s ]
INFO: [ view_filter ] --START--
INFO: Run Behavior\WriteHtmlCacheBehavior [ RunTime:0.000202s ]
INFO: [ view_filter ] --END-- [ RunTime:0.000304s ]
NOTIC: [2] Cannot modify header information - headers already sent by (output started at /www/Gits/dianqiu/project/ThinkPHP/Common/functions.php:850) /www/Gits/dianqiu/project/ThinkPHP/Library/Think/View.class.php 第 91 行.
NOTIC: [2] Cannot modify header information - headers already sent by (output started at /www/Gits/dianqiu/project/ThinkPHP/Common/functions.php:850) /www/Gits/dianqiu/project/ThinkPHP/Library/Think/View.class.php 第 92 行.
NOTIC: [2] Cannot modify header information - headers already sent by (output started at /www/Gits/dianqiu/project/ThinkPHP/Common/functions.php:850) /www/Gits/dianqiu/project/ThinkPHP/Library/Think/View.class.php 第 93 行.
INFO: [ app_end ] --START--
INFO: Run Behavior\ShowPageTraceBehavior [ RunTime:0.000698s ]
INFO: [ app_end ] --END-- [ RunTime:0.000833s ]

[ 2018-04-01T19:03:44+08:00 ] ::1 /
INFO: [ app_init ] --START--
INFO: Run Behavior\BuildLiteBehavior [ RunTime:0.000029s ]
INFO: [ app_init ] --END-- [ RunTime:0.000476s ]
INFO: [ app_begin ] --START--
INFO: Run Behavior\ReadHtmlCacheBehavior [ RunTime:0.000783s ]
INFO: [ app_begin ] --END-- [ RunTime:0.000927s ]
SQL: SHOW COLUMNS FROM `pub_devices` [ RunTime:0.0426s ]
SQL: SELECT `RawTDS`,`PureTDS`,`ReFlow`,`SumFlow` FROM `pub_devices` INNER JOIN pub_devices_statu ON pub_devices_statu.DeviceID=pub_devices.device_code  WHERE ( pub_devices.id=105 ) LIMIT 1   [ RunTime:0.0423s ]
SQL: SHOW COLUMNS FROM `pub_devices` [ RunTime:0.1748s ]
SQL: SELECT * FROM `pub_devices` WHERE ( id=105 ) LIMIT 1   [ RunTime:0.0423s ]
SQL: SHOW COLUMNS FROM `pub_devices_statu` [ RunTime:0.0430s ]
SQL: SELECT * FROM `pub_devices_statu` WHERE ( DeviceID='868575025660723' ) LIMIT 1   [ RunTime:0.0433s ]
SQL: SHOW COLUMNS FROM `pub_device_type` [ RunTime:0.0419s ]
SQL: SELECT * FROM `pub_device_type` WHERE ( id=2 ) LIMIT 1   [ RunTime:0.0484s ]
SQL: SHOW COLUMNS FROM `pub_filters` [ RunTime:0.0428s ]
SQL: SELECT * FROM `pub_filters` WHERE `filtername` = '后置活性炭' AND `alias` = '后置活性炭180' LIMIT 1   [ RunTime:0.1272s ]
SQL: SELECT * FROM `pub_filters` WHERE `filtername` = '颗粒活性炭' AND `alias` = '颗粒活性炭120' LIMIT 1   [ RunTime:0.0421s ]
SQL: SELECT * FROM `pub_filters` WHERE `filtername` = 'PP棉' AND `alias` = 'PP棉180' LIMIT 1   [ RunTime:0.0419s ]
SQL: SELECT * FROM `pub_filters` WHERE `filtername` = '前置活性炭' AND `alias` = '前置活性炭' LIMIT 1   [ RunTime:0.0481s ]
SQL: SELECT * FROM `pub_filters` WHERE `filtername` = 'PP棉' AND `alias` = 'PP棉180' LIMIT 1   [ RunTime:0.0422s ]
SQL: SELECT * FROM `pub_filters` WHERE `filtername` = 'RO膜' AND `alias` = 'RO膜360' LIMIT 1   [ RunTime:0.0420s ]
SQL: SELECT * FROM `pub_filters` WHERE `filtername` = '5μmPP' AND `alias` = '5μmPP' LIMIT 1   [ RunTime:0.0419s ]
SQL: SELECT * FROM `pub_filters` WHERE `filtername` = '后置活性炭' AND `alias` = '后置活性炭120' LIMIT 1   [ RunTime:0.0879s ]
INFO: [ view_parse ] --START--
INFO: [ template_filter ] --START--
INFO: Run Behavior\ContentReplaceBehavior [ RunTime:0.000085s ]
INFO: [ template_filter ] --END-- [ RunTime:0.000209s ]
INFO: Run Behavior\ParseTemplateBehavior [ RunTime:0.017145s ]
INFO: [ view_parse ] --END-- [ RunTime:0.017259s ]
INFO: [ view_filter ] --START--
INFO: Run Behavior\WriteHtmlCacheBehavior [ RunTime:0.000205s ]
INFO: [ view_filter ] --END-- [ RunTime:0.000305s ]
INFO: [ app_end ] --START--
INFO: Run Behavior\ShowPageTraceBehavior [ RunTime:0.000976s ]
INFO: [ app_end ] --END-- [ RunTime:0.001198s ]

[ 2018-04-01T19:04:16+08:00 ] ::1 /
INFO: [ app_init ] --START--
INFO: Run Behavior\BuildLiteBehavior [ RunTime:0.000027s ]
INFO: [ app_init ] --END-- [ RunTime:0.000442s ]
INFO: [ app_begin ] --START--
INFO: Run Behavior\ReadHtmlCacheBehavior [ RunTime:0.000504s ]
INFO: [ app_begin ] --END-- [ RunTime:0.000613s ]
SQL: SHOW COLUMNS FROM `pub_devices` [ RunTime:0.0443s ]
SQL: SELECT `RawTDS`,`PureTDS`,`ReFlow`,`SumFlow` FROM `pub_devices` INNER JOIN pub_devices_statu ON pub_devices_statu.DeviceID=pub_devices.device_code  WHERE ( pub_devices.id=105 ) LIMIT 1   [ RunTime:0.1731s ]
SQL: SHOW COLUMNS FROM `pub_devices` [ RunTime:0.0414s ]
SQL: SELECT * FROM `pub_devices` WHERE ( id=105 ) LIMIT 1   [ RunTime:0.0559s ]
SQL: SHOW COLUMNS FROM `pub_devices_statu` [ RunTime:0.0406s ]
SQL: SELECT * FROM `pub_devices_statu` WHERE ( DeviceID='868575025660723' ) LIMIT 1   [ RunTime:0.0401s ]
SQL: SHOW COLUMNS FROM `pub_device_type` [ RunTime:0.1147s ]
SQL: SELECT * FROM `pub_device_type` WHERE ( id=2 ) LIMIT 1   [ RunTime:0.1018s ]
SQL: SHOW COLUMNS FROM `pub_filters` [ RunTime:0.0416s ]
SQL: SELECT * FROM `pub_filters` WHERE `filtername` = '后置活性炭' AND `alias` = '后置活性炭180' LIMIT 1   [ RunTime:0.0393s ]
SQL: SELECT * FROM `pub_filters` WHERE `filtername` = '颗粒活性炭' AND `alias` = '颗粒活性炭120' LIMIT 1   [ RunTime:0.0391s ]
SQL: SELECT * FROM `pub_filters` WHERE `filtername` = 'PP棉' AND `alias` = 'PP棉180' LIMIT 1   [ RunTime:0.0833s ]
SQL: SELECT * FROM `pub_filters` WHERE `filtername` = '前置活性炭' AND `alias` = '前置活性炭' LIMIT 1   [ RunTime:0.0408s ]
SQL: SELECT * FROM `pub_filters` WHERE `filtername` = 'PP棉' AND `alias` = 'PP棉180' LIMIT 1   [ RunTime:0.0391s ]
SQL: SELECT * FROM `pub_filters` WHERE `filtername` = 'RO膜' AND `alias` = 'RO膜360' LIMIT 1   [ RunTime:0.0391s ]
SQL: SELECT * FROM `pub_filters` WHERE `filtername` = '5μmPP' AND `alias` = '5μmPP' LIMIT 1   [ RunTime:0.0390s ]
SQL: SELECT * FROM `pub_filters` WHERE `filtername` = '后置活性炭' AND `alias` = '后置活性炭120' LIMIT 1   [ RunTime:0.0391s ]
INFO: [ view_parse ] --START--
INFO: [ template_filter ] --START--
INFO: Run Behavior\ContentReplaceBehavior [ RunTime:0.000089s ]
INFO: [ template_filter ] --END-- [ RunTime:0.000216s ]
INFO: Run Behavior\ParseTemplateBehavior [ RunTime:0.022454s ]
INFO: [ view_parse ] --END-- [ RunTime:0.022570s ]
INFO: [ view_filter ] --START--
INFO: Run Behavior\WriteHtmlCacheBehavior [ RunTime:0.000211s ]
INFO: [ view_filter ] --END-- [ RunTime:0.000314s ]
INFO: [ app_end ] --START--
INFO: Run Behavior\ShowPageTraceBehavior [ RunTime:0.000918s ]
INFO: [ app_end ] --END-- [ RunTime:0.001135s ]

