[ 2018-04-02T13:45:37+08:00 ] ::1 /
INFO: [ app_init ] --START--
INFO: Run Behavior\BuildLiteBehavior [ RunTime:0.000038s ]
INFO: [ app_init ] --END-- [ RunTime:0.002330s ]
INFO: [ app_begin ] --START--
INFO: Run Behavior\ReadHtmlCacheBehavior [ RunTime:0.000984s ]
INFO: [ app_begin ] --END-- [ RunTime:0.001118s ]
SQL: SHOW COLUMNS FROM `pub_devices` [ RunTime:0.0481s ]
SQL: SELECT `RawTDS`,`PureTDS`,`ReFlow`,`SumFlow` FROM `pub_devices` INNER JOIN pub_devices_statu ON pub_devices_statu.DeviceID=pub_devices.device_code  WHERE ( pub_devices.id=105 ) LIMIT 1   [ RunTime:0.0427s ]
SQL: SHOW COLUMNS FROM `pub_devices` [ RunTime:0.0418s ]
SQL: SELECT * FROM `pub_devices` WHERE ( id=105 ) LIMIT 1   [ RunTime:0.0420s ]
SQL: SHOW COLUMNS FROM `pub_devices_statu` [ RunTime:0.0425s ]
SQL: SELECT * FROM `pub_devices_statu` WHERE ( DeviceID='868575025660723' ) LIMIT 1   [ RunTime:0.2406s ]
SQL: SHOW COLUMNS FROM `pub_device_type` [ RunTime:0.0409s ]
SQL: SELECT * FROM `pub_device_type` WHERE ( id=2 ) LIMIT 1   [ RunTime:0.0415s ]
SQL: SHOW COLUMNS FROM `pub_filters` [ RunTime:0.0416s ]
SQL: SELECT * FROM `pub_filters` WHERE `filtername` = '后置活性炭' AND `alias` = '后置活性炭180' LIMIT 1   [ RunTime:0.0427s ]
SQL: SELECT * FROM `pub_filters` WHERE `filtername` = '颗粒活性炭' AND `alias` = '颗粒活性炭120' LIMIT 1   [ RunTime:0.0419s ]
SQL: SELECT * FROM `pub_filters` WHERE `filtername` = 'PP棉' AND `alias` = 'PP棉180' LIMIT 1   [ RunTime:0.0416s ]
SQL: SELECT * FROM `pub_filters` WHERE `filtername` = '前置活性炭' AND `alias` = '前置活性炭' LIMIT 1   [ RunTime:0.1632s ]
SQL: SELECT * FROM `pub_filters` WHERE `filtername` = 'PP棉' AND `alias` = 'PP棉180' LIMIT 1   [ RunTime:0.0561s ]
SQL: SELECT * FROM `pub_filters` WHERE `filtername` = 'RO膜' AND `alias` = 'RO膜360' LIMIT 1   [ RunTime:0.0547s ]
SQL: SELECT * FROM `pub_filters` WHERE `filtername` = '5μmPP' AND `alias` = '5μmPP' LIMIT 1   [ RunTime:0.0430s ]
SQL: SELECT * FROM `pub_filters` WHERE `filtername` = '后置活性炭' AND `alias` = '后置活性炭120' LIMIT 1   [ RunTime:0.0426s ]
INFO: [ view_parse ] --START--
INFO: [ template_filter ] --START--
INFO: Run Behavior\ContentReplaceBehavior [ RunTime:0.000221s ]
INFO: [ template_filter ] --END-- [ RunTime:0.000355s ]
INFO: Run Behavior\ParseTemplateBehavior [ RunTime:0.025673s ]
INFO: [ view_parse ] --END-- [ RunTime:0.025889s ]
INFO: [ view_filter ] --START--
INFO: Run Behavior\WriteHtmlCacheBehavior [ RunTime:0.000651s ]
INFO: [ view_filter ] --END-- [ RunTime:0.000745s ]
INFO: [ app_end ] --START--
INFO: Run Behavior\ShowPageTraceBehavior [ RunTime:0.001057s ]
INFO: [ app_end ] --END-- [ RunTime:0.001162s ]

[ 2018-04-02T13:45:40+08:00 ] ::1 /index.php/Home/Users/mine.html
INFO: [ app_init ] --START--
INFO: Run Behavior\BuildLiteBehavior [ RunTime:0.000033s ]
INFO: [ app_init ] --END-- [ RunTime:0.000579s ]
INFO: [ app_begin ] --START--
INFO: Run Behavior\ReadHtmlCacheBehavior [ RunTime:0.000624s ]
INFO: [ app_begin ] --END-- [ RunTime:0.000752s ]
SQL: SHOW COLUMNS FROM `pub_wechat` [ RunTime:0.0506s ]
SQL: SELECT * FROM `pub_wechat` INNER JOIN pub_users ON pub_users.open_id=pub_wechat.open_id INNER JOIN pub_current_devices ON pub_current_devices.uid=pub_users.id INNER JOIN pub_devices ON pub_devices.id=pub_current_devices.did  WHERE ( pub_wechat.open_id="oXwY4t_vkTgtlD0CBTZ-vTbIMWHs" ) LIMIT 1   [ RunTime:0.0437s ]
INFO: [ view_parse ] --START--
INFO: [ template_filter ] --START--
INFO: Run Behavior\ContentReplaceBehavior [ RunTime:0.000134s ]
INFO: [ template_filter ] --END-- [ RunTime:0.000260s ]
INFO: Run Behavior\ParseTemplateBehavior [ RunTime:0.014929s ]
INFO: [ view_parse ] --END-- [ RunTime:0.015099s ]
INFO: [ view_filter ] --START--
INFO: Run Behavior\WriteHtmlCacheBehavior [ RunTime:0.000189s ]
INFO: [ view_filter ] --END-- [ RunTime:0.000286s ]
INFO: [ app_end ] --START--
INFO: Run Behavior\ShowPageTraceBehavior [ RunTime:0.000634s ]
INFO: [ app_end ] --END-- [ RunTime:0.000828s ]

[ 2018-04-02T13:45:40+08:00 ] ::1 /index.php/Home/Users/mine.html
INFO: [ app_init ] --START--
INFO: Run Behavior\BuildLiteBehavior [ RunTime:0.000034s ]
INFO: [ app_init ] --END-- [ RunTime:0.000655s ]
INFO: [ app_begin ] --START--
INFO: Run Behavior\ReadHtmlCacheBehavior [ RunTime:0.000534s ]
INFO: [ app_begin ] --END-- [ RunTime:0.000646s ]
SQL: SHOW COLUMNS FROM `pub_wechat` [ RunTime:0.0426s ]
SQL: SELECT * FROM `pub_wechat` INNER JOIN pub_users ON pub_users.open_id=pub_wechat.open_id INNER JOIN pub_current_devices ON pub_current_devices.uid=pub_users.id INNER JOIN pub_devices ON pub_devices.id=pub_current_devices.did  WHERE ( pub_wechat.open_id="oXwY4t_vkTgtlD0CBTZ-vTbIMWHs" ) LIMIT 1   [ RunTime:0.0436s ]
INFO: [ view_parse ] --START--
INFO: [ template_filter ] --START--
INFO: Run Behavior\ContentReplaceBehavior [ RunTime:0.000126s ]
INFO: [ template_filter ] --END-- [ RunTime:0.000255s ]
INFO: Run Behavior\ParseTemplateBehavior [ RunTime:0.015912s ]
INFO: [ view_parse ] --END-- [ RunTime:0.016182s ]
INFO: [ view_filter ] --START--
INFO: Run Behavior\WriteHtmlCacheBehavior [ RunTime:0.000186s ]
INFO: [ view_filter ] --END-- [ RunTime:0.000359s ]
INFO: [ app_end ] --START--
INFO: Run Behavior\ShowPageTraceBehavior [ RunTime:0.000597s ]
INFO: [ app_end ] --END-- [ RunTime:0.000694s ]

[ 2018-04-02T13:45:44+08:00 ] ::1 /index.php/Home/Users/reward.html
INFO: [ app_init ] --START--
INFO: Run Behavior\BuildLiteBehavior [ RunTime:0.000036s ]
INFO: [ app_init ] --END-- [ RunTime:0.000653s ]
INFO: [ app_begin ] --START--
INFO: Run Behavior\ReadHtmlCacheBehavior [ RunTime:0.000606s ]
INFO: [ app_begin ] --END-- [ RunTime:0.000730s ]
INFO: [ view_parse ] --START--
INFO: [ template_filter ] --START--
INFO: Run Behavior\ContentReplaceBehavior [ RunTime:0.000114s ]
INFO: [ template_filter ] --END-- [ RunTime:0.000237s ]
INFO: Run Behavior\ParseTemplateBehavior [ RunTime:0.011537s ]
INFO: [ view_parse ] --END-- [ RunTime:0.011690s ]
INFO: [ view_filter ] --START--
INFO: Run Behavior\WriteHtmlCacheBehavior [ RunTime:0.000179s ]
INFO: [ view_filter ] --END-- [ RunTime:0.000264s ]
INFO: [ app_end ] --START--
INFO: Run Behavior\ShowPageTraceBehavior [ RunTime:0.000579s ]
INFO: [ app_end ] --END-- [ RunTime:0.000668s ]

[ 2018-04-02T13:45:44+08:00 ] ::1 /index.php/Home/Users/reward.html
INFO: [ app_init ] --START--
INFO: Run Behavior\BuildLiteBehavior [ RunTime:0.000058s ]
INFO: [ app_init ] --END-- [ RunTime:0.000594s ]
INFO: [ app_begin ] --START--
INFO: Run Behavior\ReadHtmlCacheBehavior [ RunTime:0.000477s ]
INFO: [ app_begin ] --END-- [ RunTime:0.000604s ]
SQL: SHOW COLUMNS FROM `pub_work` [ RunTime:0.0419s ]
SQL: SHOW COLUMNS FROM `pub_devices` [ RunTime:0.0452s ]
SQL: SELECT `device_code` FROM `pub_devices` WHERE ( id=105 ) LIMIT 1   [ RunTime:0.1269s ]
SQL: SELECT w.*,p.name FROM pub_work w LEFT JOIN pub_personnel p ON w.personnel_id=p.id  WHERE `dcode` = '868575025660723'  [ RunTime:0.0426s ]

[ 2018-04-02T13:45:55+08:00 ] ::1 /index.php/Home/Users/mine.html
INFO: [ app_init ] --START--
INFO: Run Behavior\BuildLiteBehavior [ RunTime:0.000023s ]
INFO: [ app_init ] --END-- [ RunTime:0.000375s ]
INFO: [ app_begin ] --START--
INFO: Run Behavior\ReadHtmlCacheBehavior [ RunTime:0.000410s ]
INFO: [ app_begin ] --END-- [ RunTime:0.000517s ]
SQL: SHOW COLUMNS FROM `pub_wechat` [ RunTime:0.0402s ]
SQL: SELECT * FROM `pub_wechat` INNER JOIN pub_users ON pub_users.open_id=pub_wechat.open_id INNER JOIN pub_current_devices ON pub_current_devices.uid=pub_users.id INNER JOIN pub_devices ON pub_devices.id=pub_current_devices.did  WHERE ( pub_wechat.open_id="oXwY4t_vkTgtlD0CBTZ-vTbIMWHs" ) LIMIT 1   [ RunTime:0.0413s ]
INFO: [ view_parse ] --START--
INFO: [ template_filter ] --START--
INFO: Run Behavior\ContentReplaceBehavior [ RunTime:0.000063s ]
INFO: [ template_filter ] --END-- [ RunTime:0.000166s ]
INFO: Run Behavior\ParseTemplateBehavior [ RunTime:0.012270s ]
INFO: [ view_parse ] --END-- [ RunTime:0.012394s ]
INFO: [ view_filter ] --START--
INFO: Run Behavior\WriteHtmlCacheBehavior [ RunTime:0.000167s ]
INFO: [ view_filter ] --END-- [ RunTime:0.000250s ]
INFO: [ app_end ] --START--
INFO: Run Behavior\ShowPageTraceBehavior [ RunTime:0.000449s ]
INFO: [ app_end ] --END-- [ RunTime:0.000570s ]

[ 2018-04-02T13:49:29+08:00 ] ::1 /index.php/Home/Users/reward.html
INFO: [ app_init ] --START--
INFO: Run Behavior\BuildLiteBehavior [ RunTime:0.000025s ]
INFO: [ app_init ] --END-- [ RunTime:0.000503s ]
INFO: [ app_begin ] --START--
INFO: Run Behavior\ReadHtmlCacheBehavior [ RunTime:0.000474s ]
INFO: [ app_begin ] --END-- [ RunTime:0.000578s ]
INFO: [ view_parse ] --START--
INFO: [ template_filter ] --START--
INFO: Run Behavior\ContentReplaceBehavior [ RunTime:0.000059s ]
INFO: [ template_filter ] --END-- [ RunTime:0.000151s ]
INFO: Run Behavior\ParseTemplateBehavior [ RunTime:0.008634s ]
INFO: [ view_parse ] --END-- [ RunTime:0.008731s ]
INFO: [ view_filter ] --START--
INFO: Run Behavior\WriteHtmlCacheBehavior [ RunTime:0.000163s ]
INFO: [ view_filter ] --END-- [ RunTime:0.000246s ]
INFO: [ app_end ] --START--
INFO: Run Behavior\ShowPageTraceBehavior [ RunTime:0.000441s ]
INFO: [ app_end ] --END-- [ RunTime:0.000526s ]

[ 2018-04-02T13:49:30+08:00 ] ::1 /index.php/Home/Users/reward.html
INFO: [ app_init ] --START--
INFO: Run Behavior\BuildLiteBehavior [ RunTime:0.000057s ]
INFO: [ app_init ] --END-- [ RunTime:0.000490s ]
INFO: [ app_begin ] --START--
INFO: Run Behavior\ReadHtmlCacheBehavior [ RunTime:0.000524s ]
INFO: [ app_begin ] --END-- [ RunTime:0.000641s ]
SQL: SHOW COLUMNS FROM `pub_work` [ RunTime:0.0423s ]
SQL: SHOW COLUMNS FROM `pub_devices` [ RunTime:0.1330s ]
SQL: SELECT `device_code` FROM `pub_devices` WHERE ( id=105 ) LIMIT 1   [ RunTime:0.0411s ]
SQL: SELECT w.*,p.name FROM pub_work w LEFT JOIN pub_personnel p ON w.personnel_id=p.id  WHERE `dcode` = '868575025660723'  [ RunTime:0.0423s ]

[ 2018-04-02T13:49:35+08:00 ] ::1 /index.php/Home/Users/reward.html
INFO: [ app_init ] --START--
INFO: Run Behavior\BuildLiteBehavior [ RunTime:0.000023s ]
INFO: [ app_init ] --END-- [ RunTime:0.000403s ]
INFO: [ app_begin ] --START--
INFO: Run Behavior\ReadHtmlCacheBehavior [ RunTime:0.000485s ]
INFO: [ app_begin ] --END-- [ RunTime:0.000587s ]
INFO: [ view_parse ] --START--
INFO: [ template_filter ] --START--
INFO: Run Behavior\ContentReplaceBehavior [ RunTime:0.000079s ]
INFO: [ template_filter ] --END-- [ RunTime:0.000247s ]
INFO: Run Behavior\ParseTemplateBehavior [ RunTime:0.017095s ]
INFO: [ view_parse ] --END-- [ RunTime:0.017359s ]
INFO: [ view_filter ] --START--
INFO: Run Behavior\WriteHtmlCacheBehavior [ RunTime:0.000479s ]
INFO: [ view_filter ] --END-- [ RunTime:0.000712s ]
INFO: [ app_end ] --START--
INFO: Run Behavior\ShowPageTraceBehavior [ RunTime:0.000920s ]
INFO: [ app_end ] --END-- [ RunTime:0.001065s ]

[ 2018-04-02T13:49:36+08:00 ] ::1 /index.php/Home/Users/reward.html
INFO: [ app_init ] --START--
INFO: Run Behavior\BuildLiteBehavior [ RunTime:0.000024s ]
INFO: [ app_init ] --END-- [ RunTime:0.000494s ]
INFO: [ app_begin ] --START--
INFO: Run Behavior\ReadHtmlCacheBehavior [ RunTime:0.000992s ]
INFO: [ app_begin ] --END-- [ RunTime:0.001164s ]
SQL: SHOW COLUMNS FROM `pub_work` [ RunTime:0.0388s ]
SQL: SHOW COLUMNS FROM `pub_devices` [ RunTime:0.0398s ]
SQL: SELECT `device_code` FROM `pub_devices` WHERE ( id=105 ) LIMIT 1   [ RunTime:0.0386s ]
SQL: SELECT w.*,p.name FROM pub_work w LEFT JOIN pub_personnel p ON w.personnel_id=p.id  WHERE `dcode` = '868575025660723'  [ RunTime:0.1002s ]

[ 2018-04-02T13:51:11+08:00 ] ::1 /index.php/Home/Users/reward.html
INFO: [ app_init ] --START--
INFO: Run Behavior\BuildLiteBehavior [ RunTime:0.000024s ]
INFO: [ app_init ] --END-- [ RunTime:0.000423s ]
INFO: [ app_begin ] --START--
INFO: Run Behavior\ReadHtmlCacheBehavior [ RunTime:0.000618s ]
INFO: [ app_begin ] --END-- [ RunTime:0.000794s ]
INFO: [ view_parse ] --START--
INFO: [ template_filter ] --START--
INFO: Run Behavior\ContentReplaceBehavior [ RunTime:0.000063s ]
INFO: [ template_filter ] --END-- [ RunTime:0.000169s ]
INFO: Run Behavior\ParseTemplateBehavior [ RunTime:0.009406s ]
INFO: [ view_parse ] --END-- [ RunTime:0.009526s ]
INFO: [ view_filter ] --START--
INFO: Run Behavior\WriteHtmlCacheBehavior [ RunTime:0.000198s ]
INFO: [ view_filter ] --END-- [ RunTime:0.000291s ]
INFO: [ app_end ] --START--
INFO: Run Behavior\ShowPageTraceBehavior [ RunTime:0.000447s ]
INFO: [ app_end ] --END-- [ RunTime:0.000541s ]

[ 2018-04-02T13:51:11+08:00 ] ::1 /index.php/Home/Users/reward.html
INFO: [ app_init ] --START--
INFO: Run Behavior\BuildLiteBehavior [ RunTime:0.000024s ]
INFO: [ app_init ] --END-- [ RunTime:0.000394s ]
INFO: [ app_begin ] --START--
INFO: Run Behavior\ReadHtmlCacheBehavior [ RunTime:0.000422s ]
INFO: [ app_begin ] --END-- [ RunTime:0.000506s ]
SQL: SHOW COLUMNS FROM `pub_work` [ RunTime:0.0420s ]
SQL: SHOW COLUMNS FROM `pub_devices` [ RunTime:0.0420s ]
SQL: SELECT `device_code` FROM `pub_devices` WHERE ( id=105 ) LIMIT 1   [ RunTime:0.0411s ]
SQL: SELECT w.*,p.name FROM pub_work w LEFT JOIN pub_personnel p ON w.personnel_id=p.id  WHERE `dcode` = '868575025660723'  [ RunTime:0.0417s ]

[ 2018-04-02T13:51:15+08:00 ] ::1 /index.php/Home/Users/reward.html
INFO: [ app_init ] --START--
INFO: Run Behavior\BuildLiteBehavior [ RunTime:0.000025s ]
INFO: [ app_init ] --END-- [ RunTime:0.000456s ]
INFO: [ app_begin ] --START--
INFO: Run Behavior\ReadHtmlCacheBehavior [ RunTime:0.000473s ]
INFO: [ app_begin ] --END-- [ RunTime:0.000583s ]
INFO: [ view_parse ] --START--
INFO: [ template_filter ] --START--
INFO: Run Behavior\ContentReplaceBehavior [ RunTime:0.000070s ]
INFO: [ template_filter ] --END-- [ RunTime:0.000187s ]
INFO: Run Behavior\ParseTemplateBehavior [ RunTime:0.017116s ]
INFO: [ view_parse ] --END-- [ RunTime:0.017219s ]
INFO: [ view_filter ] --START--
INFO: Run Behavior\WriteHtmlCacheBehavior [ RunTime:0.000179s ]
INFO: [ view_filter ] --END-- [ RunTime:0.000276s ]
INFO: [ app_end ] --START--
INFO: Run Behavior\ShowPageTraceBehavior [ RunTime:0.000456s ]
INFO: [ app_end ] --END-- [ RunTime:0.000549s ]

[ 2018-04-02T13:51:15+08:00 ] ::1 /index.php/Home/Users/reward.html
INFO: [ app_init ] --START--
INFO: Run Behavior\BuildLiteBehavior [ RunTime:0.000031s ]
INFO: [ app_init ] --END-- [ RunTime:0.000664s ]
INFO: [ app_begin ] --START--
INFO: Run Behavior\ReadHtmlCacheBehavior [ RunTime:0.000640s ]
INFO: [ app_begin ] --END-- [ RunTime:0.000757s ]
SQL: SHOW COLUMNS FROM `pub_work` [ RunTime:0.0430s ]
SQL: SHOW COLUMNS FROM `pub_devices` [ RunTime:0.0455s ]
SQL: SELECT `device_code` FROM `pub_devices` WHERE ( id=105 ) LIMIT 1   [ RunTime:0.0442s ]
SQL: SELECT w.*,p.name FROM pub_work w LEFT JOIN pub_personnel p ON w.personnel_id=p.id  WHERE `dcode` = '868575025660723'  [ RunTime:0.0424s ]

[ 2018-04-02T13:51:16+08:00 ] ::1 /index.php/Home/Users/mine.html
INFO: [ app_init ] --START--
INFO: Run Behavior\BuildLiteBehavior [ RunTime:0.000036s ]
INFO: [ app_init ] --END-- [ RunTime:0.000582s ]
INFO: [ app_begin ] --START--
INFO: Run Behavior\ReadHtmlCacheBehavior [ RunTime:0.000754s ]
INFO: [ app_begin ] --END-- [ RunTime:0.000928s ]
SQL: SHOW COLUMNS FROM `pub_wechat` [ RunTime:0.0418s ]
SQL: SELECT * FROM `pub_wechat` INNER JOIN pub_users ON pub_users.open_id=pub_wechat.open_id INNER JOIN pub_current_devices ON pub_current_devices.uid=pub_users.id INNER JOIN pub_devices ON pub_devices.id=pub_current_devices.did  WHERE ( pub_wechat.open_id="oXwY4t_vkTgtlD0CBTZ-vTbIMWHs" ) LIMIT 1   [ RunTime:0.0433s ]
INFO: [ view_parse ] --START--
INFO: [ template_filter ] --START--
INFO: Run Behavior\ContentReplaceBehavior [ RunTime:0.000073s ]
INFO: [ template_filter ] --END-- [ RunTime:0.000195s ]
INFO: Run Behavior\ParseTemplateBehavior [ RunTime:0.021882s ]
INFO: [ view_parse ] --END-- [ RunTime:0.022023s ]
INFO: [ view_filter ] --START--
INFO: Run Behavior\WriteHtmlCacheBehavior [ RunTime:0.000214s ]
INFO: [ view_filter ] --END-- [ RunTime:0.000313s ]
INFO: [ app_end ] --START--
INFO: Run Behavior\ShowPageTraceBehavior [ RunTime:0.000500s ]
INFO: [ app_end ] --END-- [ RunTime:0.000601s ]

[ 2018-04-02T13:51:16+08:00 ] ::1 /index.php/Home/Users/mine.html
INFO: [ app_init ] --START--
INFO: Run Behavior\BuildLiteBehavior [ RunTime:0.000024s ]
INFO: [ app_init ] --END-- [ RunTime:0.000399s ]
INFO: [ app_begin ] --START--
INFO: Run Behavior\ReadHtmlCacheBehavior [ RunTime:0.000587s ]
INFO: [ app_begin ] --END-- [ RunTime:0.000696s ]
SQL: SHOW COLUMNS FROM `pub_wechat` [ RunTime:0.0404s ]
SQL: SELECT * FROM `pub_wechat` INNER JOIN pub_users ON pub_users.open_id=pub_wechat.open_id INNER JOIN pub_current_devices ON pub_current_devices.uid=pub_users.id INNER JOIN pub_devices ON pub_devices.id=pub_current_devices.did  WHERE ( pub_wechat.open_id="oXwY4t_vkTgtlD0CBTZ-vTbIMWHs" ) LIMIT 1   [ RunTime:0.0396s ]
INFO: [ view_parse ] --START--
INFO: [ template_filter ] --START--
INFO: Run Behavior\ContentReplaceBehavior [ RunTime:0.000103s ]
INFO: [ template_filter ] --END-- [ RunTime:0.000265s ]
INFO: Run Behavior\ParseTemplateBehavior [ RunTime:0.015390s ]
INFO: [ view_parse ] --END-- [ RunTime:0.015566s ]
INFO: [ view_filter ] --START--
INFO: Run Behavior\WriteHtmlCacheBehavior [ RunTime:0.000197s ]
INFO: [ view_filter ] --END-- [ RunTime:0.000293s ]
INFO: [ app_end ] --START--
INFO: Run Behavior\ShowPageTraceBehavior [ RunTime:0.000582s ]
INFO: [ app_end ] --END-- [ RunTime:0.000691s ]

[ 2018-04-02T13:51:17+08:00 ] ::1 /index.php/Home/Users/mine.html
INFO: [ app_init ] --START--
INFO: Run Behavior\BuildLiteBehavior [ RunTime:0.000027s ]
INFO: [ app_init ] --END-- [ RunTime:0.000509s ]
INFO: [ app_begin ] --START--
INFO: Run Behavior\ReadHtmlCacheBehavior [ RunTime:0.000537s ]
INFO: [ app_begin ] --END-- [ RunTime:0.000657s ]
SQL: SHOW COLUMNS FROM `pub_wechat` [ RunTime:0.0434s ]
SQL: SELECT * FROM `pub_wechat` INNER JOIN pub_users ON pub_users.open_id=pub_wechat.open_id INNER JOIN pub_current_devices ON pub_current_devices.uid=pub_users.id INNER JOIN pub_devices ON pub_devices.id=pub_current_devices.did  WHERE ( pub_wechat.open_id="oXwY4t_vkTgtlD0CBTZ-vTbIMWHs" ) LIMIT 1   [ RunTime:0.0473s ]
INFO: [ view_parse ] --START--
INFO: [ template_filter ] --START--
INFO: Run Behavior\ContentReplaceBehavior [ RunTime:0.000064s ]
INFO: [ template_filter ] --END-- [ RunTime:0.000181s ]
INFO: Run Behavior\ParseTemplateBehavior [ RunTime:0.012845s ]
INFO: [ view_parse ] --END-- [ RunTime:0.012977s ]
INFO: [ view_filter ] --START--
INFO: Run Behavior\WriteHtmlCacheBehavior [ RunTime:0.000191s ]
INFO: [ view_filter ] --END-- [ RunTime:0.000273s ]
INFO: [ app_end ] --START--
INFO: Run Behavior\ShowPageTraceBehavior [ RunTime:0.000429s ]
INFO: [ app_end ] --END-- [ RunTime:0.000514s ]

[ 2018-04-02T13:51:18+08:00 ] ::1 /index.php/Home/Users/mine.html
INFO: [ app_init ] --START--
INFO: Run Behavior\BuildLiteBehavior [ RunTime:0.000026s ]
INFO: [ app_init ] --END-- [ RunTime:0.000448s ]
INFO: [ app_begin ] --START--
INFO: Run Behavior\ReadHtmlCacheBehavior [ RunTime:0.000517s ]
INFO: [ app_begin ] --END-- [ RunTime:0.000663s ]
SQL: SHOW COLUMNS FROM `pub_wechat` [ RunTime:0.0404s ]
SQL: SELECT * FROM `pub_wechat` INNER JOIN pub_users ON pub_users.open_id=pub_wechat.open_id INNER JOIN pub_current_devices ON pub_current_devices.uid=pub_users.id INNER JOIN pub_devices ON pub_devices.id=pub_current_devices.did  WHERE ( pub_wechat.open_id="oXwY4t_vkTgtlD0CBTZ-vTbIMWHs" ) LIMIT 1   [ RunTime:0.0475s ]
INFO: [ view_parse ] --START--
INFO: [ template_filter ] --START--
INFO: Run Behavior\ContentReplaceBehavior [ RunTime:0.000074s ]
INFO: [ template_filter ] --END-- [ RunTime:0.000203s ]
INFO: Run Behavior\ParseTemplateBehavior [ RunTime:0.013572s ]
INFO: [ view_parse ] --END-- [ RunTime:0.013730s ]
INFO: [ view_filter ] --START--
INFO: Run Behavior\WriteHtmlCacheBehavior [ RunTime:0.000213s ]
INFO: [ view_filter ] --END-- [ RunTime:0.000326s ]
INFO: [ app_end ] --START--
INFO: Run Behavior\ShowPageTraceBehavior [ RunTime:0.000504s ]
INFO: [ app_end ] --END-- [ RunTime:0.000605s ]

[ 2018-04-02T13:51:21+08:00 ] ::1 /index.php/Home/WaterPurifier/record.html
INFO: [ app_init ] --START--
INFO: Run Behavior\BuildLiteBehavior [ RunTime:0.000026s ]
INFO: [ app_init ] --END-- [ RunTime:0.000432s ]
INFO: [ app_begin ] --START--
INFO: Run Behavior\ReadHtmlCacheBehavior [ RunTime:0.000512s ]
INFO: [ app_begin ] --END-- [ RunTime:0.000629s ]
SQL: SHOW COLUMNS FROM `pub_devices` [ RunTime:0.0473s ]
SQL: SELECT `device_code` FROM `pub_devices` WHERE ( id=105 ) LIMIT 1   [ RunTime:0.0440s ]
SQL: SHOW COLUMNS FROM `pub_tds` [ RunTime:0.0444s ]
SQL: SELECT * FROM `pub_tds` WHERE `dcode` = '868575025660723' AND `date` = 201804  [ RunTime:0.0437s ]
INFO: [ view_parse ] --START--
INFO: [ template_filter ] --START--
INFO: Run Behavior\ContentReplaceBehavior [ RunTime:0.000073s ]
INFO: [ template_filter ] --END-- [ RunTime:0.000192s ]
INFO: Run Behavior\ParseTemplateBehavior [ RunTime:0.011501s ]
INFO: [ view_parse ] --END-- [ RunTime:0.011620s ]
INFO: [ view_filter ] --START--
INFO: Run Behavior\WriteHtmlCacheBehavior [ RunTime:0.000184s ]
INFO: [ view_filter ] --END-- [ RunTime:0.000296s ]
INFO: [ app_end ] --START--
INFO: Run Behavior\ShowPageTraceBehavior [ RunTime:0.000758s ]
INFO: [ app_end ] --END-- [ RunTime:0.000867s ]

[ 2018-04-02T13:51:23+08:00 ] ::1 /index.php/Home/Users/mine.html
INFO: [ app_init ] --START--
INFO: Run Behavior\BuildLiteBehavior [ RunTime:0.000023s ]
INFO: [ app_init ] --END-- [ RunTime:0.000387s ]
INFO: [ app_begin ] --START--
INFO: Run Behavior\ReadHtmlCacheBehavior [ RunTime:0.000492s ]
INFO: [ app_begin ] --END-- [ RunTime:0.000599s ]
SQL: SHOW COLUMNS FROM `pub_wechat` [ RunTime:0.0402s ]
SQL: SELECT * FROM `pub_wechat` INNER JOIN pub_users ON pub_users.open_id=pub_wechat.open_id INNER JOIN pub_current_devices ON pub_current_devices.uid=pub_users.id INNER JOIN pub_devices ON pub_devices.id=pub_current_devices.did  WHERE ( pub_wechat.open_id="oXwY4t_vkTgtlD0CBTZ-vTbIMWHs" ) LIMIT 1   [ RunTime:0.0408s ]
INFO: [ view_parse ] --START--
INFO: [ template_filter ] --START--
INFO: Run Behavior\ContentReplaceBehavior [ RunTime:0.000085s ]
INFO: [ template_filter ] --END-- [ RunTime:0.000225s ]
INFO: Run Behavior\ParseTemplateBehavior [ RunTime:0.013494s ]
INFO: [ view_parse ] --END-- [ RunTime:0.013635s ]
INFO: [ view_filter ] --START--
INFO: Run Behavior\WriteHtmlCacheBehavior [ RunTime:0.000222s ]
INFO: [ view_filter ] --END-- [ RunTime:0.000337s ]
INFO: [ app_end ] --START--
INFO: Run Behavior\ShowPageTraceBehavior [ RunTime:0.000574s ]
INFO: [ app_end ] --END-- [ RunTime:0.000710s ]

[ 2018-04-02T13:51:23+08:00 ] ::1 /index.php/Home/Users/mine.html
INFO: [ app_init ] --START--
INFO: Run Behavior\BuildLiteBehavior [ RunTime:0.000025s ]
INFO: [ app_init ] --END-- [ RunTime:0.000416s ]
INFO: [ app_begin ] --START--
INFO: Run Behavior\ReadHtmlCacheBehavior [ RunTime:0.000453s ]
INFO: [ app_begin ] --END-- [ RunTime:0.000555s ]
SQL: SHOW COLUMNS FROM `pub_wechat` [ RunTime:0.0437s ]
SQL: SELECT * FROM `pub_wechat` INNER JOIN pub_users ON pub_users.open_id=pub_wechat.open_id INNER JOIN pub_current_devices ON pub_current_devices.uid=pub_users.id INNER JOIN pub_devices ON pub_devices.id=pub_current_devices.did  WHERE ( pub_wechat.open_id="oXwY4t_vkTgtlD0CBTZ-vTbIMWHs" ) LIMIT 1   [ RunTime:0.0426s ]
INFO: [ view_parse ] --START--
INFO: [ template_filter ] --START--
INFO: Run Behavior\ContentReplaceBehavior [ RunTime:0.000074s ]
INFO: [ template_filter ] --END-- [ RunTime:0.000195s ]
INFO: Run Behavior\ParseTemplateBehavior [ RunTime:0.012981s ]
INFO: [ view_parse ] --END-- [ RunTime:0.013119s ]
INFO: [ view_filter ] --START--
INFO: Run Behavior\WriteHtmlCacheBehavior [ RunTime:0.000204s ]
INFO: [ view_filter ] --END-- [ RunTime:0.000306s ]
INFO: [ app_end ] --START--
INFO: Run Behavior\ShowPageTraceBehavior [ RunTime:0.000504s ]
INFO: [ app_end ] --END-- [ RunTime:0.000604s ]

[ 2018-04-02T13:51:24+08:00 ] ::1 /index.php/Home/Users/reward.html
INFO: [ app_init ] --START--
INFO: Run Behavior\BuildLiteBehavior [ RunTime:0.000028s ]
INFO: [ app_init ] --END-- [ RunTime:0.000502s ]
INFO: [ app_begin ] --START--
INFO: Run Behavior\ReadHtmlCacheBehavior [ RunTime:0.000509s ]
INFO: [ app_begin ] --END-- [ RunTime:0.000627s ]
INFO: [ view_parse ] --START--
INFO: [ template_filter ] --START--
INFO: Run Behavior\ContentReplaceBehavior [ RunTime:0.000237s ]
INFO: [ template_filter ] --END-- [ RunTime:0.000524s ]
INFO: Run Behavior\ParseTemplateBehavior [ RunTime:0.011405s ]
INFO: [ view_parse ] --END-- [ RunTime:0.011526s ]
INFO: [ view_filter ] --START--
INFO: Run Behavior\WriteHtmlCacheBehavior [ RunTime:0.000215s ]
INFO: [ view_filter ] --END-- [ RunTime:0.000321s ]
INFO: [ app_end ] --START--
INFO: Run Behavior\ShowPageTraceBehavior [ RunTime:0.000552s ]
INFO: [ app_end ] --END-- [ RunTime:0.000672s ]

[ 2018-04-02T13:51:25+08:00 ] ::1 /index.php/Home/Users/reward.html
INFO: [ app_init ] --START--
INFO: Run Behavior\BuildLiteBehavior [ RunTime:0.000025s ]
INFO: [ app_init ] --END-- [ RunTime:0.000415s ]
INFO: [ app_begin ] --START--
INFO: Run Behavior\ReadHtmlCacheBehavior [ RunTime:0.000448s ]
INFO: [ app_begin ] --END-- [ RunTime:0.000539s ]
SQL: SHOW COLUMNS FROM `pub_work` [ RunTime:0.0436s ]
SQL: SHOW COLUMNS FROM `pub_devices` [ RunTime:0.0428s ]
SQL: SELECT `device_code` FROM `pub_devices` WHERE ( id=105 ) LIMIT 1   [ RunTime:0.0425s ]
SQL: SELECT w.*,p.name FROM pub_work w LEFT JOIN pub_personnel p ON w.personnel_id=p.id  WHERE `dcode` = '868575025660723'  [ RunTime:0.0452s ]

[ 2018-04-02T13:51:27+08:00 ] ::1 /index.php/Home/Users/mine.html
INFO: [ app_init ] --START--
INFO: Run Behavior\BuildLiteBehavior [ RunTime:0.000026s ]
INFO: [ app_init ] --END-- [ RunTime:0.000417s ]
INFO: [ app_begin ] --START--
INFO: Run Behavior\ReadHtmlCacheBehavior [ RunTime:0.000465s ]
INFO: [ app_begin ] --END-- [ RunTime:0.000574s ]
SQL: SHOW COLUMNS FROM `pub_wechat` [ RunTime:0.0397s ]
SQL: SELECT * FROM `pub_wechat` INNER JOIN pub_users ON pub_users.open_id=pub_wechat.open_id INNER JOIN pub_current_devices ON pub_current_devices.uid=pub_users.id INNER JOIN pub_devices ON pub_devices.id=pub_current_devices.did  WHERE ( pub_wechat.open_id="oXwY4t_vkTgtlD0CBTZ-vTbIMWHs" ) LIMIT 1   [ RunTime:0.0406s ]
INFO: [ view_parse ] --START--
INFO: [ template_filter ] --START--
INFO: Run Behavior\ContentReplaceBehavior [ RunTime:0.000110s ]
INFO: [ template_filter ] --END-- [ RunTime:0.000351s ]
INFO: Run Behavior\ParseTemplateBehavior [ RunTime:0.019762s ]
INFO: [ view_parse ] --END-- [ RunTime:0.019939s ]
INFO: [ view_filter ] --START--
INFO: Run Behavior\WriteHtmlCacheBehavior [ RunTime:0.000234s ]
INFO: [ view_filter ] --END-- [ RunTime:0.000368s ]
INFO: [ app_end ] --START--
INFO: Run Behavior\ShowPageTraceBehavior [ RunTime:0.001009s ]
INFO: [ app_end ] --END-- [ RunTime:0.001134s ]

[ 2018-04-02T13:51:27+08:00 ] ::1 /index.php/Home/Users/mine.html
INFO: [ app_init ] --START--
INFO: Run Behavior\BuildLiteBehavior [ RunTime:0.000024s ]
INFO: [ app_init ] --END-- [ RunTime:0.000472s ]
INFO: [ app_begin ] --START--
INFO: Run Behavior\ReadHtmlCacheBehavior [ RunTime:0.000806s ]
INFO: [ app_begin ] --END-- [ RunTime:0.000994s ]
SQL: SHOW COLUMNS FROM `pub_wechat` [ RunTime:0.0421s ]
SQL: SELECT * FROM `pub_wechat` INNER JOIN pub_users ON pub_users.open_id=pub_wechat.open_id INNER JOIN pub_current_devices ON pub_current_devices.uid=pub_users.id INNER JOIN pub_devices ON pub_devices.id=pub_current_devices.did  WHERE ( pub_wechat.open_id="oXwY4t_vkTgtlD0CBTZ-vTbIMWHs" ) LIMIT 1   [ RunTime:0.0447s ]
INFO: [ view_parse ] --START--
INFO: [ template_filter ] --START--
INFO: Run Behavior\ContentReplaceBehavior [ RunTime:0.000072s ]
INFO: [ template_filter ] --END-- [ RunTime:0.000188s ]
INFO: Run Behavior\ParseTemplateBehavior [ RunTime:0.012837s ]
INFO: [ view_parse ] --END-- [ RunTime:0.012971s ]
INFO: [ view_filter ] --START--
INFO: Run Behavior\WriteHtmlCacheBehavior [ RunTime:0.000182s ]
INFO: [ view_filter ] --END-- [ RunTime:0.000277s ]
INFO: [ app_end ] --START--
INFO: Run Behavior\ShowPageTraceBehavior [ RunTime:0.000464s ]
INFO: [ app_end ] --END-- [ RunTime:0.000558s ]

[ 2018-04-02T13:51:29+08:00 ] ::1 /index.php/Home/WaterPurifier/record.html
INFO: [ app_init ] --START--
INFO: Run Behavior\BuildLiteBehavior [ RunTime:0.000024s ]
INFO: [ app_init ] --END-- [ RunTime:0.000414s ]
INFO: [ app_begin ] --START--
INFO: Run Behavior\ReadHtmlCacheBehavior [ RunTime:0.000639s ]
INFO: [ app_begin ] --END-- [ RunTime:0.000820s ]
SQL: SHOW COLUMNS FROM `pub_devices` [ RunTime:0.0420s ]
SQL: SELECT `device_code` FROM `pub_devices` WHERE ( id=105 ) LIMIT 1   [ RunTime:0.0414s ]
SQL: SHOW COLUMNS FROM `pub_tds` [ RunTime:0.0418s ]
SQL: SELECT * FROM `pub_tds` WHERE `dcode` = '868575025660723' AND `date` = 201804  [ RunTime:0.0420s ]
INFO: [ view_parse ] --START--
INFO: [ template_filter ] --START--
INFO: Run Behavior\ContentReplaceBehavior [ RunTime:0.000076s ]
INFO: [ template_filter ] --END-- [ RunTime:0.000198s ]
INFO: Run Behavior\ParseTemplateBehavior [ RunTime:0.010435s ]
INFO: [ view_parse ] --END-- [ RunTime:0.010694s ]
INFO: [ view_filter ] --START--
INFO: Run Behavior\WriteHtmlCacheBehavior [ RunTime:0.000188s ]
INFO: [ view_filter ] --END-- [ RunTime:0.000291s ]
INFO: [ app_end ] --START--
INFO: Run Behavior\ShowPageTraceBehavior [ RunTime:0.000512s ]
INFO: [ app_end ] --END-- [ RunTime:0.000617s ]

[ 2018-04-02T13:51:32+08:00 ] ::1 /index.php/Home/Users/mine.html
INFO: [ app_init ] --START--
INFO: Run Behavior\BuildLiteBehavior [ RunTime:0.000025s ]
INFO: [ app_init ] --END-- [ RunTime:0.000422s ]
INFO: [ app_begin ] --START--
INFO: Run Behavior\ReadHtmlCacheBehavior [ RunTime:0.000480s ]
INFO: [ app_begin ] --END-- [ RunTime:0.000583s ]
SQL: SHOW COLUMNS FROM `pub_wechat` [ RunTime:0.0394s ]
SQL: SELECT * FROM `pub_wechat` INNER JOIN pub_users ON pub_users.open_id=pub_wechat.open_id INNER JOIN pub_current_devices ON pub_current_devices.uid=pub_users.id INNER JOIN pub_devices ON pub_devices.id=pub_current_devices.did  WHERE ( pub_wechat.open_id="oXwY4t_vkTgtlD0CBTZ-vTbIMWHs" ) LIMIT 1   [ RunTime:0.0404s ]
INFO: [ view_parse ] --START--
INFO: [ template_filter ] --START--
INFO: Run Behavior\ContentReplaceBehavior [ RunTime:0.000076s ]
INFO: [ template_filter ] --END-- [ RunTime:0.000198s ]
INFO: Run Behavior\ParseTemplateBehavior [ RunTime:0.013669s ]
INFO: [ view_parse ] --END-- [ RunTime:0.013802s ]
INFO: [ view_filter ] --START--
INFO: Run Behavior\WriteHtmlCacheBehavior [ RunTime:0.000202s ]
INFO: [ view_filter ] --END-- [ RunTime:0.000303s ]
INFO: [ app_end ] --START--
INFO: Run Behavior\ShowPageTraceBehavior [ RunTime:0.000531s ]
INFO: [ app_end ] --END-- [ RunTime:0.000636s ]

[ 2018-04-02T13:51:33+08:00 ] ::1 /index.php/Home/Users/mine.html
INFO: [ app_init ] --START--
INFO: Run Behavior\BuildLiteBehavior [ RunTime:0.000026s ]
INFO: [ app_init ] --END-- [ RunTime:0.000381s ]
INFO: [ app_begin ] --START--
INFO: Run Behavior\ReadHtmlCacheBehavior [ RunTime:0.000418s ]
INFO: [ app_begin ] --END-- [ RunTime:0.000514s ]
SQL: SHOW COLUMNS FROM `pub_wechat` [ RunTime:0.0422s ]
SQL: SELECT * FROM `pub_wechat` INNER JOIN pub_users ON pub_users.open_id=pub_wechat.open_id INNER JOIN pub_current_devices ON pub_current_devices.uid=pub_users.id INNER JOIN pub_devices ON pub_devices.id=pub_current_devices.did  WHERE ( pub_wechat.open_id="oXwY4t_vkTgtlD0CBTZ-vTbIMWHs" ) LIMIT 1   [ RunTime:0.0421s ]
INFO: [ view_parse ] --START--
INFO: [ template_filter ] --START--
INFO: Run Behavior\ContentReplaceBehavior [ RunTime:0.000075s ]
INFO: [ template_filter ] --END-- [ RunTime:0.000214s ]
INFO: Run Behavior\ParseTemplateBehavior [ RunTime:0.012557s ]
INFO: [ view_parse ] --END-- [ RunTime:0.012734s ]
INFO: [ view_filter ] --START--
INFO: Run Behavior\WriteHtmlCacheBehavior [ RunTime:0.000212s ]
INFO: [ view_filter ] --END-- [ RunTime:0.000309s ]
INFO: [ app_end ] --START--
INFO: Run Behavior\ShowPageTraceBehavior [ RunTime:0.000494s ]
INFO: [ app_end ] --END-- [ RunTime:0.000671s ]

[ 2018-04-02T13:51:35+08:00 ] ::1 /index.php/Home/Users/reward.html
INFO: [ app_init ] --START--
INFO: Run Behavior\BuildLiteBehavior [ RunTime:0.000025s ]
INFO: [ app_init ] --END-- [ RunTime:0.000409s ]
INFO: [ app_begin ] --START--
INFO: Run Behavior\ReadHtmlCacheBehavior [ RunTime:0.000439s ]
INFO: [ app_begin ] --END-- [ RunTime:0.000540s ]
INFO: [ view_parse ] --START--
INFO: [ template_filter ] --START--
INFO: Run Behavior\ContentReplaceBehavior [ RunTime:0.000060s ]
INFO: [ template_filter ] --END-- [ RunTime:0.000160s ]
INFO: Run Behavior\ParseTemplateBehavior [ RunTime:0.008881s ]
INFO: [ view_parse ] --END-- [ RunTime:0.008983s ]
INFO: [ view_filter ] --START--
INFO: Run Behavior\WriteHtmlCacheBehavior [ RunTime:0.000160s ]
INFO: [ view_filter ] --END-- [ RunTime:0.000247s ]
INFO: [ app_end ] --START--
INFO: Run Behavior\ShowPageTraceBehavior [ RunTime:0.000451s ]
INFO: [ app_end ] --END-- [ RunTime:0.000542s ]

[ 2018-04-02T13:51:36+08:00 ] ::1 /index.php/Home/Users/reward.html
INFO: [ app_init ] --START--
INFO: Run Behavior\BuildLiteBehavior [ RunTime:0.000023s ]
INFO: [ app_init ] --END-- [ RunTime:0.000392s ]
INFO: [ app_begin ] --START--
INFO: Run Behavior\ReadHtmlCacheBehavior [ RunTime:0.000472s ]
INFO: [ app_begin ] --END-- [ RunTime:0.000620s ]
SQL: SHOW COLUMNS FROM `pub_work` [ RunTime:0.0446s ]
SQL: SHOW COLUMNS FROM `pub_devices` [ RunTime:0.0417s ]
SQL: SELECT `device_code` FROM `pub_devices` WHERE ( id=105 ) LIMIT 1   [ RunTime:0.0419s ]
SQL: SELECT w.*,p.name FROM pub_work w LEFT JOIN pub_personnel p ON w.personnel_id=p.id  WHERE `dcode` = '868575025660723'  [ RunTime:0.0420s ]

[ 2018-04-02T13:51:37+08:00 ] ::1 /index.php/Home/Users/mine.html
INFO: [ app_init ] --START--
INFO: Run Behavior\BuildLiteBehavior [ RunTime:0.000029s ]
INFO: [ app_init ] --END-- [ RunTime:0.000643s ]
INFO: [ app_begin ] --START--
INFO: Run Behavior\ReadHtmlCacheBehavior [ RunTime:0.000535s ]
INFO: [ app_begin ] --END-- [ RunTime:0.000653s ]
SQL: SHOW COLUMNS FROM `pub_wechat` [ RunTime:0.0479s ]
SQL: SELECT * FROM `pub_wechat` INNER JOIN pub_users ON pub_users.open_id=pub_wechat.open_id INNER JOIN pub_current_devices ON pub_current_devices.uid=pub_users.id INNER JOIN pub_devices ON pub_devices.id=pub_current_devices.did  WHERE ( pub_wechat.open_id="oXwY4t_vkTgtlD0CBTZ-vTbIMWHs" ) LIMIT 1   [ RunTime:0.0449s ]
INFO: [ view_parse ] --START--
INFO: [ template_filter ] --START--
INFO: Run Behavior\ContentReplaceBehavior [ RunTime:0.000072s ]
INFO: [ template_filter ] --END-- [ RunTime:0.000184s ]
INFO: Run Behavior\ParseTemplateBehavior [ RunTime:0.013150s ]
INFO: [ view_parse ] --END-- [ RunTime:0.013297s ]
INFO: [ view_filter ] --START--
INFO: Run Behavior\WriteHtmlCacheBehavior [ RunTime:0.000236s ]
INFO: [ view_filter ] --END-- [ RunTime:0.000341s ]
INFO: [ app_end ] --START--
INFO: Run Behavior\ShowPageTraceBehavior [ RunTime:0.000517s ]
INFO: [ app_end ] --END-- [ RunTime:0.000623s ]

[ 2018-04-02T13:51:38+08:00 ] ::1 /index.php/Home/Users/mine.html
INFO: [ app_init ] --START--
INFO: Run Behavior\BuildLiteBehavior [ RunTime:0.000024s ]
INFO: [ app_init ] --END-- [ RunTime:0.000416s ]
INFO: [ app_begin ] --START--
INFO: Run Behavior\ReadHtmlCacheBehavior [ RunTime:0.000484s ]
INFO: [ app_begin ] --END-- [ RunTime:0.000593s ]
SQL: SHOW COLUMNS FROM `pub_wechat` [ RunTime:0.0421s ]
SQL: SELECT * FROM `pub_wechat` INNER JOIN pub_users ON pub_users.open_id=pub_wechat.open_id INNER JOIN pub_current_devices ON pub_current_devices.uid=pub_users.id INNER JOIN pub_devices ON pub_devices.id=pub_current_devices.did  WHERE ( pub_wechat.open_id="oXwY4t_vkTgtlD0CBTZ-vTbIMWHs" ) LIMIT 1   [ RunTime:0.0423s ]
INFO: [ view_parse ] --START--
INFO: [ template_filter ] --START--
INFO: Run Behavior\ContentReplaceBehavior [ RunTime:0.000075s ]
INFO: [ template_filter ] --END-- [ RunTime:0.000196s ]
INFO: Run Behavior\ParseTemplateBehavior [ RunTime:0.012348s ]
INFO: [ view_parse ] --END-- [ RunTime:0.012494s ]
INFO: [ view_filter ] --START--
INFO: Run Behavior\WriteHtmlCacheBehavior [ RunTime:0.000180s ]
INFO: [ view_filter ] --END-- [ RunTime:0.000278s ]
INFO: [ app_end ] --START--
INFO: Run Behavior\ShowPageTraceBehavior [ RunTime:0.000758s ]
INFO: [ app_end ] --END-- [ RunTime:0.000863s ]

[ 2018-04-02T13:52:06+08:00 ] ::1 /index.php/Home/WaterPurifier/record.html
INFO: [ app_init ] --START--
INFO: Run Behavior\BuildLiteBehavior [ RunTime:0.000022s ]
INFO: [ app_init ] --END-- [ RunTime:0.000353s ]
INFO: [ app_begin ] --START--
INFO: Run Behavior\ReadHtmlCacheBehavior [ RunTime:0.000387s ]
INFO: [ app_begin ] --END-- [ RunTime:0.000477s ]
SQL: SHOW COLUMNS FROM `pub_devices` [ RunTime:0.0402s ]
SQL: SELECT `device_code` FROM `pub_devices` WHERE ( id=105 ) LIMIT 1   [ RunTime:0.0396s ]
SQL: SHOW COLUMNS FROM `pub_tds` [ RunTime:0.0394s ]
SQL: SELECT * FROM `pub_tds` WHERE `dcode` = '868575025660723' AND `date` = 201804  [ RunTime:0.0419s ]
INFO: [ view_parse ] --START--
INFO: [ template_filter ] --START--
INFO: Run Behavior\ContentReplaceBehavior [ RunTime:0.000079s ]
INFO: [ template_filter ] --END-- [ RunTime:0.000204s ]
INFO: Run Behavior\ParseTemplateBehavior [ RunTime:0.010926s ]
INFO: [ view_parse ] --END-- [ RunTime:0.011080s ]
INFO: [ view_filter ] --START--
INFO: Run Behavior\WriteHtmlCacheBehavior [ RunTime:0.000230s ]
INFO: [ view_filter ] --END-- [ RunTime:0.000349s ]
INFO: [ app_end ] --START--
INFO: Run Behavior\ShowPageTraceBehavior [ RunTime:0.000591s ]
INFO: [ app_end ] --END-- [ RunTime:0.000713s ]

[ 2018-04-02T13:52:08+08:00 ] ::1 /index.php/Home/Users/mine.html
INFO: [ app_init ] --START--
INFO: Run Behavior\BuildLiteBehavior [ RunTime:0.000024s ]
INFO: [ app_init ] --END-- [ RunTime:0.000399s ]
INFO: [ app_begin ] --START--
INFO: Run Behavior\ReadHtmlCacheBehavior [ RunTime:0.000475s ]
INFO: [ app_begin ] --END-- [ RunTime:0.000577s ]
SQL: SHOW COLUMNS FROM `pub_wechat` [ RunTime:0.0392s ]
SQL: SELECT * FROM `pub_wechat` INNER JOIN pub_users ON pub_users.open_id=pub_wechat.open_id INNER JOIN pub_current_devices ON pub_current_devices.uid=pub_users.id INNER JOIN pub_devices ON pub_devices.id=pub_current_devices.did  WHERE ( pub_wechat.open_id="oXwY4t_vkTgtlD0CBTZ-vTbIMWHs" ) LIMIT 1   [ RunTime:0.0404s ]
INFO: [ view_parse ] --START--
INFO: [ template_filter ] --START--
INFO: Run Behavior\ContentReplaceBehavior [ RunTime:0.000071s ]
INFO: [ template_filter ] --END-- [ RunTime:0.000195s ]
INFO: Run Behavior\ParseTemplateBehavior [ RunTime:0.013722s ]
INFO: [ view_parse ] --END-- [ RunTime:0.013856s ]
INFO: [ view_filter ] --START--
INFO: Run Behavior\WriteHtmlCacheBehavior [ RunTime:0.000191s ]
INFO: [ view_filter ] --END-- [ RunTime:0.000288s ]
INFO: [ app_end ] --START--
INFO: Run Behavior\ShowPageTraceBehavior [ RunTime:0.000495s ]
INFO: [ app_end ] --END-- [ RunTime:0.000595s ]

[ 2018-04-02T13:52:08+08:00 ] ::1 /index.php/Home/Users/mine.html
INFO: [ app_init ] --START--
INFO: Run Behavior\BuildLiteBehavior [ RunTime:0.000025s ]
INFO: [ app_init ] --END-- [ RunTime:0.000399s ]
INFO: [ app_begin ] --START--
INFO: Run Behavior\ReadHtmlCacheBehavior [ RunTime:0.000443s ]
INFO: [ app_begin ] --END-- [ RunTime:0.000546s ]
SQL: SHOW COLUMNS FROM `pub_wechat` [ RunTime:0.0400s ]
SQL: SELECT * FROM `pub_wechat` INNER JOIN pub_users ON pub_users.open_id=pub_wechat.open_id INNER JOIN pub_current_devices ON pub_current_devices.uid=pub_users.id INNER JOIN pub_devices ON pub_devices.id=pub_current_devices.did  WHERE ( pub_wechat.open_id="oXwY4t_vkTgtlD0CBTZ-vTbIMWHs" ) LIMIT 1   [ RunTime:0.0422s ]
INFO: [ view_parse ] --START--
INFO: [ template_filter ] --START--
INFO: Run Behavior\ContentReplaceBehavior [ RunTime:0.000075s ]
INFO: [ template_filter ] --END-- [ RunTime:0.000196s ]
INFO: Run Behavior\ParseTemplateBehavior [ RunTime:0.013956s ]
INFO: [ view_parse ] --END-- [ RunTime:0.014090s ]
INFO: [ view_filter ] --START--
INFO: Run Behavior\WriteHtmlCacheBehavior [ RunTime:0.000190s ]
INFO: [ view_filter ] --END-- [ RunTime:0.000287s ]
INFO: [ app_end ] --START--
INFO: Run Behavior\ShowPageTraceBehavior [ RunTime:0.000506s ]
INFO: [ app_end ] --END-- [ RunTime:0.000605s ]

[ 2018-04-02T13:52:09+08:00 ] ::1 /index.php/Home/WaterPurifier/record.html
INFO: [ app_init ] --START--
INFO: Run Behavior\BuildLiteBehavior [ RunTime:0.000028s ]
INFO: [ app_init ] --END-- [ RunTime:0.000467s ]
INFO: [ app_begin ] --START--
INFO: Run Behavior\ReadHtmlCacheBehavior [ RunTime:0.000485s ]
INFO: [ app_begin ] --END-- [ RunTime:0.000592s ]
SQL: SHOW COLUMNS FROM `pub_devices` [ RunTime:0.0424s ]
SQL: SELECT `device_code` FROM `pub_devices` WHERE ( id=105 ) LIMIT 1   [ RunTime:0.0447s ]
SQL: SHOW COLUMNS FROM `pub_tds` [ RunTime:0.0454s ]
SQL: SELECT * FROM `pub_tds` WHERE `dcode` = '868575025660723' AND `date` = 201804  [ RunTime:0.0513s ]
INFO: [ view_parse ] --START--
INFO: [ template_filter ] --START--
INFO: Run Behavior\ContentReplaceBehavior [ RunTime:0.000069s ]
INFO: [ template_filter ] --END-- [ RunTime:0.000175s ]
INFO: Run Behavior\ParseTemplateBehavior [ RunTime:0.008908s ]
INFO: [ view_parse ] --END-- [ RunTime:0.009023s ]
INFO: [ view_filter ] --START--
INFO: Run Behavior\WriteHtmlCacheBehavior [ RunTime:0.000169s ]
INFO: [ view_filter ] --END-- [ RunTime:0.000262s ]
INFO: [ app_end ] --START--
INFO: Run Behavior\ShowPageTraceBehavior [ RunTime:0.000480s ]
INFO: [ app_end ] --END-- [ RunTime:0.000582s ]

[ 2018-04-02T13:52:11+08:00 ] ::1 /index.php/Home/Users/mine.html
INFO: [ app_init ] --START--
INFO: Run Behavior\BuildLiteBehavior [ RunTime:0.000022s ]
INFO: [ app_init ] --END-- [ RunTime:0.000399s ]
INFO: [ app_begin ] --START--
INFO: Run Behavior\ReadHtmlCacheBehavior [ RunTime:0.000396s ]
INFO: [ app_begin ] --END-- [ RunTime:0.000485s ]
SQL: SHOW COLUMNS FROM `pub_wechat` [ RunTime:0.0405s ]
SQL: SELECT * FROM `pub_wechat` INNER JOIN pub_users ON pub_users.open_id=pub_wechat.open_id INNER JOIN pub_current_devices ON pub_current_devices.uid=pub_users.id INNER JOIN pub_devices ON pub_devices.id=pub_current_devices.did  WHERE ( pub_wechat.open_id="oXwY4t_vkTgtlD0CBTZ-vTbIMWHs" ) LIMIT 1   [ RunTime:0.0405s ]
INFO: [ view_parse ] --START--
INFO: [ template_filter ] --START--
INFO: Run Behavior\ContentReplaceBehavior [ RunTime:0.000070s ]
INFO: [ template_filter ] --END-- [ RunTime:0.000179s ]
INFO: Run Behavior\ParseTemplateBehavior [ RunTime:0.012519s ]
INFO: [ view_parse ] --END-- [ RunTime:0.012685s ]
INFO: [ view_filter ] --START--
INFO: Run Behavior\WriteHtmlCacheBehavior [ RunTime:0.000245s ]
INFO: [ view_filter ] --END-- [ RunTime:0.000346s ]
INFO: [ app_end ] --START--
INFO: Run Behavior\ShowPageTraceBehavior [ RunTime:0.000642s ]
INFO: [ app_end ] --END-- [ RunTime:0.000739s ]

[ 2018-04-02T13:52:11+08:00 ] ::1 /index.php/Home/Users/mine.html
INFO: [ app_init ] --START--
INFO: Run Behavior\BuildLiteBehavior [ RunTime:0.000026s ]
INFO: [ app_init ] --END-- [ RunTime:0.000638s ]
INFO: [ app_begin ] --START--
INFO: Run Behavior\ReadHtmlCacheBehavior [ RunTime:0.000451s ]
INFO: [ app_begin ] --END-- [ RunTime:0.000551s ]
SQL: SHOW COLUMNS FROM `pub_wechat` [ RunTime:0.0392s ]
SQL: SELECT * FROM `pub_wechat` INNER JOIN pub_users ON pub_users.open_id=pub_wechat.open_id INNER JOIN pub_current_devices ON pub_current_devices.uid=pub_users.id INNER JOIN pub_devices ON pub_devices.id=pub_current_devices.did  WHERE ( pub_wechat.open_id="oXwY4t_vkTgtlD0CBTZ-vTbIMWHs" ) LIMIT 1   [ RunTime:0.0432s ]
INFO: [ view_parse ] --START--
INFO: [ template_filter ] --START--
INFO: Run Behavior\ContentReplaceBehavior [ RunTime:0.000074s ]
INFO: [ template_filter ] --END-- [ RunTime:0.000195s ]
INFO: Run Behavior\ParseTemplateBehavior [ RunTime:0.013058s ]
INFO: [ view_parse ] --END-- [ RunTime:0.013190s ]
INFO: [ view_filter ] --START--
INFO: Run Behavior\WriteHtmlCacheBehavior [ RunTime:0.000188s ]
INFO: [ view_filter ] --END-- [ RunTime:0.000289s ]
INFO: [ app_end ] --START--
INFO: Run Behavior\ShowPageTraceBehavior [ RunTime:0.000495s ]
INFO: [ app_end ] --END-- [ RunTime:0.000595s ]

[ 2018-04-02T13:52:12+08:00 ] ::1 /index.php/Home/Users/reward.html
INFO: [ app_init ] --START--
INFO: Run Behavior\BuildLiteBehavior [ RunTime:0.000025s ]
INFO: [ app_init ] --END-- [ RunTime:0.000414s ]
INFO: [ app_begin ] --START--
INFO: Run Behavior\ReadHtmlCacheBehavior [ RunTime:0.000438s ]
INFO: [ app_begin ] --END-- [ RunTime:0.000540s ]
INFO: [ view_parse ] --START--
INFO: [ template_filter ] --START--
INFO: Run Behavior\ContentReplaceBehavior [ RunTime:0.000065s ]
INFO: [ template_filter ] --END-- [ RunTime:0.000187s ]
INFO: Run Behavior\ParseTemplateBehavior [ RunTime:0.010270s ]
INFO: [ view_parse ] --END-- [ RunTime:0.010376s ]
INFO: [ view_filter ] --START--
INFO: Run Behavior\WriteHtmlCacheBehavior [ RunTime:0.000204s ]
INFO: [ view_filter ] --END-- [ RunTime:0.000295s ]
INFO: [ app_end ] --START--
INFO: Run Behavior\ShowPageTraceBehavior [ RunTime:0.000457s ]
INFO: [ app_end ] --END-- [ RunTime:0.000550s ]

[ 2018-04-02T13:52:13+08:00 ] ::1 /index.php/Home/Users/reward.html
INFO: [ app_init ] --START--
INFO: Run Behavior\BuildLiteBehavior [ RunTime:0.000022s ]
INFO: [ app_init ] --END-- [ RunTime:0.000370s ]
INFO: [ app_begin ] --START--
INFO: Run Behavior\ReadHtmlCacheBehavior [ RunTime:0.000432s ]
INFO: [ app_begin ] --END-- [ RunTime:0.000521s ]
SQL: SHOW COLUMNS FROM `pub_work` [ RunTime:0.0415s ]
SQL: SHOW COLUMNS FROM `pub_devices` [ RunTime:0.0409s ]
SQL: SELECT `device_code` FROM `pub_devices` WHERE ( id=105 ) LIMIT 1   [ RunTime:0.0406s ]
SQL: SELECT w.*,p.name FROM pub_work w LEFT JOIN pub_personnel p ON w.personnel_id=p.id  WHERE `dcode` = '868575025660723'  [ RunTime:0.0410s ]

