[ 2018-04-09T11:55:49+08:00 ] ::1 /index.php/Admin/Index/index.html
INFO: [ app_init ] --START--
INFO: Run Behavior\BuildLiteBehavior [ RunTime:0.000340s ]
INFO: [ app_init ] --END-- [ RunTime:0.002100s ]
INFO: [ app_begin ] --START--
INFO: Run Behavior\ReadHtmlCacheBehavior [ RunTime:0.000792s ]
INFO: [ app_begin ] --END-- [ RunTime:0.000893s ]

[ 2018-04-09T11:55:49+08:00 ] ::1 /index.php/Admin/Login/login.html
INFO: [ app_init ] --START--
INFO: Run Behavior\BuildLiteBehavior [ RunTime:0.000026s ]
INFO: [ app_init ] --END-- [ RunTime:0.000595s ]
INFO: [ app_begin ] --START--
INFO: Run Behavior\ReadHtmlCacheBehavior [ RunTime:0.000662s ]
INFO: [ app_begin ] --END-- [ RunTime:0.000813s ]
INFO: [ view_parse ] --START--
INFO: [ template_filter ] --START--
INFO: Run Behavior\ContentReplaceBehavior [ RunTime:0.006264s ]
INFO: [ template_filter ] --END-- [ RunTime:0.006431s ]
INFO: Run Behavior\ParseTemplateBehavior [ RunTime:0.095344s ]
INFO: [ view_parse ] --END-- [ RunTime:0.095508s ]
INFO: [ view_filter ] --START--
INFO: Run Behavior\WriteHtmlCacheBehavior [ RunTime:0.006629s ]
INFO: [ view_filter ] --END-- [ RunTime:0.006844s ]
INFO: [ app_end ] --START--
INFO: Run Behavior\ShowPageTraceBehavior [ RunTime:0.005564s ]
INFO: [ app_end ] --END-- [ RunTime:0.005736s ]

[ 2018-04-09T11:55:50+08:00 ] ::1 /index.php/Admin/Index/index.html
INFO: [ app_init ] --START--
INFO: Run Behavior\BuildLiteBehavior [ RunTime:0.000022s ]
INFO: [ app_init ] --END-- [ RunTime:0.000451s ]
INFO: [ app_begin ] --START--
INFO: Run Behavior\ReadHtmlCacheBehavior [ RunTime:0.000481s ]
INFO: [ app_begin ] --END-- [ RunTime:0.000580s ]

[ 2018-04-09T11:55:50+08:00 ] ::1 /index.php/Admin/Login/login.html
INFO: [ app_init ] --START--
INFO: Run Behavior\BuildLiteBehavior [ RunTime:0.000022s ]
INFO: [ app_init ] --END-- [ RunTime:0.000364s ]
INFO: [ app_begin ] --START--
INFO: Run Behavior\ReadHtmlCacheBehavior [ RunTime:0.000392s ]
INFO: [ app_begin ] --END-- [ RunTime:0.000480s ]
INFO: [ view_parse ] --START--
INFO: [ template_filter ] --START--
INFO: Run Behavior\ContentReplaceBehavior [ RunTime:0.000075s ]
INFO: [ template_filter ] --END-- [ RunTime:0.000179s ]
INFO: Run Behavior\ParseTemplateBehavior [ RunTime:0.014879s ]
INFO: [ view_parse ] --END-- [ RunTime:0.014979s ]
INFO: [ view_filter ] --START--
INFO: Run Behavior\WriteHtmlCacheBehavior [ RunTime:0.000176s ]
INFO: [ view_filter ] --END-- [ RunTime:0.000260s ]
INFO: [ app_end ] --START--
INFO: Run Behavior\ShowPageTraceBehavior [ RunTime:0.000435s ]
INFO: [ app_end ] --END-- [ RunTime:0.000523s ]

[ 2018-04-09T18:14:18+08:00 ] ::1 /admin
INFO: [ app_init ] --START--
INFO: Run Behavior\BuildLiteBehavior [ RunTime:0.000034s ]
INFO: [ app_init ] --END-- [ RunTime:0.001733s ]
INFO: [ app_begin ] --START--
INFO: Run Behavior\ReadHtmlCacheBehavior [ RunTime:0.000892s ]
INFO: [ app_begin ] --END-- [ RunTime:0.001004s ]

[ 2018-04-09T18:14:20+08:00 ] ::1 /admin
INFO: [ app_init ] --START--
INFO: Run Behavior\BuildLiteBehavior [ RunTime:0.000039s ]
INFO: [ app_init ] --END-- [ RunTime:0.000963s ]
INFO: [ app_begin ] --START--
INFO: Run Behavior\ReadHtmlCacheBehavior [ RunTime:0.000747s ]
INFO: [ app_begin ] --END-- [ RunTime:0.000879s ]

[ 2018-04-09T18:14:20+08:00 ] ::1 /index.php/Admin/Login/login.html
INFO: [ app_init ] --START--
INFO: Run Behavior\BuildLiteBehavior [ RunTime:0.000033s ]
INFO: [ app_init ] --END-- [ RunTime:0.000541s ]
INFO: [ app_begin ] --START--
INFO: Run Behavior\ReadHtmlCacheBehavior [ RunTime:0.000470s ]
INFO: [ app_begin ] --END-- [ RunTime:0.000567s ]
INFO: [ view_parse ] --START--
INFO: [ template_filter ] --START--
INFO: Run Behavior\ContentReplaceBehavior [ RunTime:0.000161s ]
INFO: [ template_filter ] --END-- [ RunTime:0.000305s ]
INFO: Run Behavior\ParseTemplateBehavior [ RunTime:0.018742s ]
INFO: [ view_parse ] --END-- [ RunTime:0.018864s ]
INFO: [ view_filter ] --START--
INFO: Run Behavior\WriteHtmlCacheBehavior [ RunTime:0.000456s ]
INFO: [ view_filter ] --END-- [ RunTime:0.000545s ]
INFO: [ app_end ] --START--
INFO: Run Behavior\ShowPageTraceBehavior [ RunTime:0.000975s ]
INFO: [ app_end ] --END-- [ RunTime:0.001083s ]

[ 2018-04-09T18:14:21+08:00 ] ::1 /index.php/Admin/Login/yzm
INFO: [ app_init ] --START--
INFO: Run Behavior\BuildLiteBehavior [ RunTime:0.000037s ]
INFO: [ app_init ] --END-- [ RunTime:0.000559s ]
INFO: [ app_begin ] --START--
INFO: Run Behavior\ReadHtmlCacheBehavior [ RunTime:0.000766s ]
INFO: [ app_begin ] --END-- [ RunTime:0.000911s ]
INFO: [ app_end ] --START--
INFO: Run Behavior\ShowPageTraceBehavior [ RunTime:0.000667s ]
INFO: [ app_end ] --END-- [ RunTime:0.000839s ]

[ 2018-04-09T18:14:27+08:00 ] ::1 /index.php/Admin/Login/login.html
INFO: [ app_init ] --START--
INFO: Run Behavior\BuildLiteBehavior [ RunTime:0.000020s ]
INFO: [ app_init ] --END-- [ RunTime:0.000425s ]
INFO: [ app_begin ] --START--
INFO: Run Behavior\ReadHtmlCacheBehavior [ RunTime:0.000579s ]
INFO: [ app_begin ] --END-- [ RunTime:0.000683s ]
INFO: [ view_parse ] --START--
INFO: [ template_filter ] --START--
INFO: Run Behavior\ContentReplaceBehavior [ RunTime:0.000091s ]
INFO: [ template_filter ] --END-- [ RunTime:0.000197s ]
INFO: Run Behavior\ParseTemplateBehavior [ RunTime:0.008360s ]
INFO: [ view_parse ] --END-- [ RunTime:0.008488s ]
INFO: [ view_filter ] --START--
INFO: Run Behavior\WriteHtmlCacheBehavior [ RunTime:0.000223s ]
INFO: [ view_filter ] --END-- [ RunTime:0.000314s ]

[ 2018-04-09T18:14:29+08:00 ] ::1 /index.php/Admin/Login/login.html
INFO: [ app_init ] --START--
INFO: Run Behavior\BuildLiteBehavior [ RunTime:0.000033s ]
INFO: [ app_init ] --END-- [ RunTime:0.000448s ]
INFO: [ app_begin ] --START--
INFO: Run Behavior\ReadHtmlCacheBehavior [ RunTime:0.000670s ]
INFO: [ app_begin ] --END-- [ RunTime:0.000805s ]
INFO: [ view_parse ] --START--
INFO: [ template_filter ] --START--
INFO: Run Behavior\ContentReplaceBehavior [ RunTime:0.000078s ]
INFO: [ template_filter ] --END-- [ RunTime:0.000187s ]
INFO: Run Behavior\ParseTemplateBehavior [ RunTime:0.014835s ]
INFO: [ view_parse ] --END-- [ RunTime:0.014976s ]
INFO: [ view_filter ] --START--
INFO: Run Behavior\WriteHtmlCacheBehavior [ RunTime:0.000305s ]
INFO: [ view_filter ] --END-- [ RunTime:0.000434s ]
INFO: [ app_end ] --START--
INFO: Run Behavior\ShowPageTraceBehavior [ RunTime:0.000643s ]
INFO: [ app_end ] --END-- [ RunTime:0.000770s ]

[ 2018-04-09T18:14:33+08:00 ] ::1 /index.php/Admin/Login/yzm?id=0.8458113036677046
INFO: [ app_init ] --START--
INFO: Run Behavior\BuildLiteBehavior [ RunTime:0.000027s ]
INFO: [ app_init ] --END-- [ RunTime:0.000444s ]
INFO: [ app_begin ] --START--
INFO: Run Behavior\ReadHtmlCacheBehavior [ RunTime:0.000572s ]
INFO: [ app_begin ] --END-- [ RunTime:0.000716s ]
INFO: [ app_end ] --START--
INFO: Run Behavior\ShowPageTraceBehavior [ RunTime:0.000673s ]
INFO: [ app_end ] --END-- [ RunTime:0.000811s ]

[ 2018-04-09T18:14:37+08:00 ] ::1 /index.php/Admin/Login/login.html
INFO: [ app_init ] --START--
INFO: Run Behavior\BuildLiteBehavior [ RunTime:0.000027s ]
INFO: [ app_init ] --END-- [ RunTime:0.000555s ]
INFO: [ app_begin ] --START--
INFO: Run Behavior\ReadHtmlCacheBehavior [ RunTime:0.000586s ]
INFO: [ app_begin ] --END-- [ RunTime:0.000712s ]
SQL: SHOW COLUMNS FROM `pub_vendors` [ RunTime:0.0385s ]
SQL: SELECT * FROM `pub_vendors` WHERE ( user='admin' ) LIMIT 1   [ RunTime:0.0379s ]

[ 2018-04-09T18:14:37+08:00 ] ::1 /index.php/Admin/Index/index.html
INFO: [ app_init ] --START--
INFO: Run Behavior\BuildLiteBehavior [ RunTime:0.000026s ]
INFO: [ app_init ] --END-- [ RunTime:0.000434s ]
INFO: [ app_begin ] --START--
INFO: Run Behavior\ReadHtmlCacheBehavior [ RunTime:0.000546s ]
INFO: [ app_begin ] --END-- [ RunTime:0.000670s ]
NOTIC: [2048] Declaration of Admin\Model\AdminMenuModel::getTreeData() should be compatible with Admin\Model\BaseModel::getTreeData($type = 'tree', $order = '', $name = 'name', $child = 'id', $parent = 'pid') /www/Gits/dianqiu/project/Application/Admin/Model/AdminMenuModel.class.php 第 7 行.
SQL: SHOW COLUMNS FROM `pub_admin_menu` [ RunTime:0.0419s ]
SQL: SELECT * FROM `pub_admin_menu` ORDER BY order_number is null,order_number,id  [ RunTime:0.0417s ]
SQL: SHOW COLUMNS FROM `pub_auth_group_access` [ RunTime:0.0417s ]
SQL: SELECT `uid`,`group_id`,`title`,`rules` FROM pub_auth_group_access a INNER JOIN pub_auth_group g on a.group_id=g.id  WHERE ( a.uid='1' and g.status='1' )  [ RunTime:0.0414s ]
SQL: SHOW COLUMNS FROM `pub_auth_rule` [ RunTime:0.0416s ]
SQL: SELECT `condition`,`name` FROM `pub_auth_rule` WHERE `id` IN ('1','2','38','3','4','5','6','7','8','9','10','11','12','13','15','16','42','18','19','20','21','22','23','24','25','27','28','29','30','31','32','33','34','35','36','37','39','40','41','47','48') AND `type` = 1 AND `status` = 1  [ RunTime:0.0416s ]
INFO: [ view_parse ] --START--
INFO: [ template_filter ] --START--
INFO: Run Behavior\ContentReplaceBehavior [ RunTime:0.000109s ]
INFO: [ template_filter ] --END-- [ RunTime:0.000232s ]
INFO: Run Behavior\ParseTemplateBehavior [ RunTime:0.031522s ]
INFO: [ view_parse ] --END-- [ RunTime:0.031650s ]
INFO: [ view_filter ] --START--
INFO: Run Behavior\WriteHtmlCacheBehavior [ RunTime:0.000211s ]
INFO: [ view_filter ] --END-- [ RunTime:0.000307s ]
INFO: [ app_end ] --START--
INFO: Run Behavior\ShowPageTraceBehavior [ RunTime:0.000650s ]
INFO: [ app_end ] --END-- [ RunTime:0.000789s ]

[ 2018-04-09T18:14:38+08:00 ] ::1 /index.php/Admin/Index/index.html
INFO: [ app_init ] --START--
INFO: Run Behavior\BuildLiteBehavior [ RunTime:0.000021s ]
INFO: [ app_init ] --END-- [ RunTime:0.000361s ]
INFO: [ app_begin ] --START--
INFO: Run Behavior\ReadHtmlCacheBehavior [ RunTime:0.000385s ]
INFO: [ app_begin ] --END-- [ RunTime:0.000462s ]
NOTIC: [2048] Declaration of Admin\Model\AdminMenuModel::getTreeData() should be compatible with Admin\Model\BaseModel::getTreeData($type = 'tree', $order = '', $name = 'name', $child = 'id', $parent = 'pid') /www/Gits/dianqiu/project/Application/Admin/Model/AdminMenuModel.class.php 第 7 行.
SQL: SHOW COLUMNS FROM `pub_admin_menu` [ RunTime:0.0385s ]
SQL: SELECT * FROM `pub_admin_menu` ORDER BY order_number is null,order_number,id  [ RunTime:0.0382s ]
SQL: SHOW COLUMNS FROM `pub_auth_group_access` [ RunTime:0.0380s ]
SQL: SELECT `uid`,`group_id`,`title`,`rules` FROM pub_auth_group_access a INNER JOIN pub_auth_group g on a.group_id=g.id  WHERE ( a.uid='1' and g.status='1' )  [ RunTime:0.0379s ]
SQL: SHOW COLUMNS FROM `pub_auth_rule` [ RunTime:0.0381s ]
SQL: SELECT `condition`,`name` FROM `pub_auth_rule` WHERE `id` IN ('1','2','38','3','4','5','6','7','8','9','10','11','12','13','15','16','42','18','19','20','21','22','23','24','25','27','28','29','30','31','32','33','34','35','36','37','39','40','41','47','48') AND `type` = 1 AND `status` = 1  [ RunTime:0.0382s ]
SQL: SHOW COLUMNS FROM `pub_flow` [ RunTime:0.0380s ]
SQL: SELECT * FROM `pub_flow` WHERE ( `addtime` > 1522512000 AND `addtime` < 1525104000  ) AND ( `status` = '1' )  [ RunTime:0.0382s ]
NOTIC: [8] Undefined offset: 1 /www/Gits/dianqiu/project/Application/Admin/Model/FlowModel.class.php 第 66 行.
NOTIC: [8] Undefined index: count /www/Gits/dianqiu/project/Application/Admin/Model/FlowModel.class.php 第 66 行.
NOTIC: [8] Undefined index: money /www/Gits/dianqiu/project/Application/Admin/Model/FlowModel.class.php 第 67 行.
NOTIC: [8] Undefined index: num /www/Gits/dianqiu/project/Application/Admin/Model/FlowModel.class.php 第 68 行.
NOTIC: [8] Undefined index: flow /www/Gits/dianqiu/project/Application/Admin/Model/FlowModel.class.php 第 69 行.
NOTIC: [8] Undefined index: count /www/Gits/dianqiu/project/Application/Admin/Model/FlowModel.class.php 第 66 行.
NOTIC: [8] Undefined index: money /www/Gits/dianqiu/project/Application/Admin/Model/FlowModel.class.php 第 67 行.
NOTIC: [8] Undefined index: num /www/Gits/dianqiu/project/Application/Admin/Model/FlowModel.class.php 第 68 行.
NOTIC: [8] Undefined index: flow /www/Gits/dianqiu/project/Application/Admin/Model/FlowModel.class.php 第 69 行.
SQL: SHOW COLUMNS FROM `pub_devices` [ RunTime:0.0382s ]
SQL: SELECT * FROM `pub_devices` WHERE ( `addtime` > 1522512000 AND `addtime` < 1525104000  )  [ RunTime:0.0381s ]
NOTIC: [8] Undefined offset: 1 /www/Gits/dianqiu/project/Application/Admin/Model/DevicesModel.class.php 第 135 行.
NOTIC: [8] Undefined index: count /www/Gits/dianqiu/project/Application/Admin/Model/DevicesModel.class.php 第 135 行.
NOTIC: [8] Undefined index: money /www/Gits/dianqiu/project/Application/Admin/Model/DevicesModel.class.php 第 136 行.
NOTIC: [8] Undefined index: money /www/Gits/dianqiu/project/Application/Admin/Model/DevicesModel.class.php 第 136 行.
NOTIC: [8] Undefined index: num /www/Gits/dianqiu/project/Application/Admin/Model/DevicesModel.class.php 第 137 行.
NOTIC: [8] Undefined index: num /www/Gits/dianqiu/project/Application/Admin/Model/DevicesModel.class.php 第 137 行.
NOTIC: [8] Undefined index: currentflow /www/Gits/dianqiu/project/Application/Admin/Model/DevicesModel.class.php 第 138 行.
NOTIC: [8] Undefined index: flow /www/Gits/dianqiu/project/Application/Admin/Model/DevicesModel.class.php 第 138 行.
NOTIC: [8] Undefined index: money /www/Gits/dianqiu/project/Application/Admin/Model/DevicesModel.class.php 第 136 行.
NOTIC: [8] Undefined index: num /www/Gits/dianqiu/project/Application/Admin/Model/DevicesModel.class.php 第 137 行.
NOTIC: [8] Undefined index: currentflow /www/Gits/dianqiu/project/Application/Admin/Model/DevicesModel.class.php 第 138 行.
NOTIC: [8] Undefined index: money /www/Gits/dianqiu/project/Application/Admin/Model/DevicesModel.class.php 第 136 行.
NOTIC: [8] Undefined index: num /www/Gits/dianqiu/project/Application/Admin/Model/DevicesModel.class.php 第 137 行.
NOTIC: [8] Undefined index: currentflow /www/Gits/dianqiu/project/Application/Admin/Model/DevicesModel.class.php 第 138 行.
NOTIC: [8] Undefined index: money /www/Gits/dianqiu/project/Application/Admin/Model/DevicesModel.class.php 第 136 行.
NOTIC: [8] Undefined index: num /www/Gits/dianqiu/project/Application/Admin/Model/DevicesModel.class.php 第 137 行.
NOTIC: [8] Undefined index: currentflow /www/Gits/dianqiu/project/Application/Admin/Model/DevicesModel.class.php 第 138 行.
NOTIC: [8] Undefined index: count /www/Gits/dianqiu/project/Application/Admin/Model/DevicesModel.class.php 第 135 行.
NOTIC: [8] Undefined index: money /www/Gits/dianqiu/project/Application/Admin/Model/DevicesModel.class.php 第 136 行.
NOTIC: [8] Undefined index: money /www/Gits/dianqiu/project/Application/Admin/Model/DevicesModel.class.php 第 136 行.
NOTIC: [8] Undefined index: num /www/Gits/dianqiu/project/Application/Admin/Model/DevicesModel.class.php 第 137 行.
NOTIC: [8] Undefined index: num /www/Gits/dianqiu/project/Application/Admin/Model/DevicesModel.class.php 第 137 行.
NOTIC: [8] Undefined index: currentflow /www/Gits/dianqiu/project/Application/Admin/Model/DevicesModel.class.php 第 138 行.
NOTIC: [8] Undefined index: flow /www/Gits/dianqiu/project/Application/Admin/Model/DevicesModel.class.php 第 138 行.
NOTIC: [8] Undefined index: money /www/Gits/dianqiu/project/Application/Admin/Model/DevicesModel.class.php 第 136 行.
NOTIC: [8] Undefined index: num /www/Gits/dianqiu/project/Application/Admin/Model/DevicesModel.class.php 第 137 行.
NOTIC: [8] Undefined index: currentflow /www/Gits/dianqiu/project/Application/Admin/Model/DevicesModel.class.php 第 138 行.
NOTIC: [8] Undefined index: money /www/Gits/dianqiu/project/Application/Admin/Model/DevicesModel.class.php 第 136 行.
NOTIC: [8] Undefined index: num /www/Gits/dianqiu/project/Application/Admin/Model/DevicesModel.class.php 第 137 行.
NOTIC: [8] Undefined index: currentflow /www/Gits/dianqiu/project/Application/Admin/Model/DevicesModel.class.php 第 138 行.
NOTIC: [8] Undefined index: money /www/Gits/dianqiu/project/Application/Admin/Model/DevicesModel.class.php 第 136 行.
NOTIC: [8] Undefined index: num /www/Gits/dianqiu/project/Application/Admin/Model/DevicesModel.class.php 第 137 行.
NOTIC: [8] Undefined index: currentflow /www/Gits/dianqiu/project/Application/Admin/Model/DevicesModel.class.php 第 138 行.
NOTIC: [8] Undefined index: count /www/Gits/dianqiu/project/Application/Admin/Model/DevicesModel.class.php 第 135 行.
NOTIC: [8] Undefined index: money /www/Gits/dianqiu/project/Application/Admin/Model/DevicesModel.class.php 第 136 行.
NOTIC: [8] Undefined index: money /www/Gits/dianqiu/project/Application/Admin/Model/DevicesModel.class.php 第 136 行.
NOTIC: [8] Undefined index: num /www/Gits/dianqiu/project/Application/Admin/Model/DevicesModel.class.php 第 137 行.
NOTIC: [8] Undefined index: num /www/Gits/dianqiu/project/Application/Admin/Model/DevicesModel.class.php 第 137 行.
NOTIC: [8] Undefined index: currentflow /www/Gits/dianqiu/project/Application/Admin/Model/DevicesModel.class.php 第 138 行.
NOTIC: [8] Undefined index: flow /www/Gits/dianqiu/project/Application/Admin/Model/DevicesModel.class.php 第 138 行.
NOTIC: [8] Undefined index: money /www/Gits/dianqiu/project/Application/Admin/Model/DevicesModel.class.php 第 136 行.
NOTIC: [8] Undefined index: num /www/Gits/dianqiu/project/Application/Admin/Model/DevicesModel.class.php 第 137 行.
NOTIC: [8] Undefined index: currentflow /www/Gits/dianqiu/project/Application/Admin/Model/DevicesModel.class.php 第 138 行.
NOTIC: [8] Undefined index: money /www/Gits/dianqiu/project/Application/Admin/Model/DevicesModel.class.php 第 136 行.
NOTIC: [8] Undefined index: num /www/Gits/dianqiu/project/Application/Admin/Model/DevicesModel.class.php 第 137 行.
NOTIC: [8] Undefined index: currentflow /www/Gits/dianqiu/project/Application/Admin/Model/DevicesModel.class.php 第 138 行.
NOTIC: [8] Undefined index: money /www/Gits/dianqiu/project/Application/Admin/Model/DevicesModel.class.php 第 136 行.
NOTIC: [8] Undefined index: num /www/Gits/dianqiu/project/Application/Admin/Model/DevicesModel.class.php 第 137 行.
NOTIC: [8] Undefined index: currentflow /www/Gits/dianqiu/project/Application/Admin/Model/DevicesModel.class.php 第 138 行.
NOTIC: [8] Undefined index: money /www/Gits/dianqiu/project/Application/Admin/Model/DevicesModel.class.php 第 136 行.
NOTIC: [8] Undefined index: num /www/Gits/dianqiu/project/Application/Admin/Model/DevicesModel.class.php 第 137 行.
NOTIC: [8] Undefined index: currentflow /www/Gits/dianqiu/project/Application/Admin/Model/DevicesModel.class.php 第 138 行.
SQL: SHOW COLUMNS FROM `pub_orders` [ RunTime:0.0378s ]
SQL: SELECT distinct(order_id) FROM `pub_orders`  [ RunTime:0.0383s ]
SQL: SHOW COLUMNS FROM `pub_repair` [ RunTime:0.0377s ]
SQL: SELECT COUNT(*) AS tp_count FROM `pub_repair` LIMIT 1   [ RunTime:0.0374s ]
SQL: SHOW COLUMNS FROM `pub_feeds` [ RunTime:0.0379s ]
SQL: SELECT COUNT(*) AS tp_count FROM `pub_feeds` LIMIT 1   [ RunTime:0.0374s ]

[ 2018-04-09T18:14:39+08:00 ] ::1 /index.php/Admin/Index/index.html
INFO: [ app_init ] --START--
INFO: Run Behavior\BuildLiteBehavior [ RunTime:0.000020s ]
INFO: [ app_init ] --END-- [ RunTime:0.000345s ]
INFO: [ app_begin ] --START--
INFO: Run Behavior\ReadHtmlCacheBehavior [ RunTime:0.000383s ]
INFO: [ app_begin ] --END-- [ RunTime:0.000459s ]
NOTIC: [2048] Declaration of Admin\Model\AdminMenuModel::getTreeData() should be compatible with Admin\Model\BaseModel::getTreeData($type = 'tree', $order = '', $name = 'name', $child = 'id', $parent = 'pid') /www/Gits/dianqiu/project/Application/Admin/Model/AdminMenuModel.class.php 第 7 行.
SQL: SHOW COLUMNS FROM `pub_admin_menu` [ RunTime:0.0431s ]
SQL: SELECT * FROM `pub_admin_menu` ORDER BY order_number is null,order_number,id  [ RunTime:0.0432s ]
SQL: SHOW COLUMNS FROM `pub_auth_group_access` [ RunTime:0.0432s ]
SQL: SELECT `uid`,`group_id`,`title`,`rules` FROM pub_auth_group_access a INNER JOIN pub_auth_group g on a.group_id=g.id  WHERE ( a.uid='1' and g.status='1' )  [ RunTime:0.0429s ]
SQL: SHOW COLUMNS FROM `pub_auth_rule` [ RunTime:0.0430s ]
SQL: SELECT `condition`,`name` FROM `pub_auth_rule` WHERE `id` IN ('1','2','38','3','4','5','6','7','8','9','10','11','12','13','15','16','42','18','19','20','21','22','23','24','25','27','28','29','30','31','32','33','34','35','36','37','39','40','41','47','48') AND `type` = 1 AND `status` = 1  [ RunTime:0.0431s ]
SQL: SHOW COLUMNS FROM `pub_flow` [ RunTime:0.0433s ]
SQL: SELECT * FROM `pub_flow` WHERE ( `addtime` > 1522512000 AND `addtime` < 1525104000  ) AND ( `status` = '1' )  [ RunTime:0.0432s ]
NOTIC: [8] Undefined offset: 1 /www/Gits/dianqiu/project/Application/Admin/Model/FlowModel.class.php 第 66 行.
NOTIC: [8] Undefined index: count /www/Gits/dianqiu/project/Application/Admin/Model/FlowModel.class.php 第 66 行.
NOTIC: [8] Undefined index: money /www/Gits/dianqiu/project/Application/Admin/Model/FlowModel.class.php 第 67 行.
NOTIC: [8] Undefined index: num /www/Gits/dianqiu/project/Application/Admin/Model/FlowModel.class.php 第 68 行.
NOTIC: [8] Undefined index: flow /www/Gits/dianqiu/project/Application/Admin/Model/FlowModel.class.php 第 69 行.
NOTIC: [8] Undefined index: count /www/Gits/dianqiu/project/Application/Admin/Model/FlowModel.class.php 第 66 行.
NOTIC: [8] Undefined index: money /www/Gits/dianqiu/project/Application/Admin/Model/FlowModel.class.php 第 67 行.
NOTIC: [8] Undefined index: num /www/Gits/dianqiu/project/Application/Admin/Model/FlowModel.class.php 第 68 行.
NOTIC: [8] Undefined index: flow /www/Gits/dianqiu/project/Application/Admin/Model/FlowModel.class.php 第 69 行.
SQL: SHOW COLUMNS FROM `pub_devices` [ RunTime:0.0431s ]
SQL: SELECT * FROM `pub_devices` WHERE ( `addtime` > 1522512000 AND `addtime` < 1525104000  )  [ RunTime:0.0430s ]
NOTIC: [8] Undefined offset: 1 /www/Gits/dianqiu/project/Application/Admin/Model/DevicesModel.class.php 第 135 行.
NOTIC: [8] Undefined index: count /www/Gits/dianqiu/project/Application/Admin/Model/DevicesModel.class.php 第 135 行.
NOTIC: [8] Undefined index: money /www/Gits/dianqiu/project/Application/Admin/Model/DevicesModel.class.php 第 136 行.
NOTIC: [8] Undefined index: money /www/Gits/dianqiu/project/Application/Admin/Model/DevicesModel.class.php 第 136 行.
NOTIC: [8] Undefined index: num /www/Gits/dianqiu/project/Application/Admin/Model/DevicesModel.class.php 第 137 行.
NOTIC: [8] Undefined index: num /www/Gits/dianqiu/project/Application/Admin/Model/DevicesModel.class.php 第 137 行.
NOTIC: [8] Undefined index: currentflow /www/Gits/dianqiu/project/Application/Admin/Model/DevicesModel.class.php 第 138 行.
NOTIC: [8] Undefined index: flow /www/Gits/dianqiu/project/Application/Admin/Model/DevicesModel.class.php 第 138 行.
NOTIC: [8] Undefined index: money /www/Gits/dianqiu/project/Application/Admin/Model/DevicesModel.class.php 第 136 行.
NOTIC: [8] Undefined index: num /www/Gits/dianqiu/project/Application/Admin/Model/DevicesModel.class.php 第 137 行.
NOTIC: [8] Undefined index: currentflow /www/Gits/dianqiu/project/Application/Admin/Model/DevicesModel.class.php 第 138 行.
NOTIC: [8] Undefined index: money /www/Gits/dianqiu/project/Application/Admin/Model/DevicesModel.class.php 第 136 行.
NOTIC: [8] Undefined index: num /www/Gits/dianqiu/project/Application/Admin/Model/DevicesModel.class.php 第 137 行.
NOTIC: [8] Undefined index: currentflow /www/Gits/dianqiu/project/Application/Admin/Model/DevicesModel.class.php 第 138 行.
NOTIC: [8] Undefined index: money /www/Gits/dianqiu/project/Application/Admin/Model/DevicesModel.class.php 第 136 行.
NOTIC: [8] Undefined index: num /www/Gits/dianqiu/project/Application/Admin/Model/DevicesModel.class.php 第 137 行.
NOTIC: [8] Undefined index: currentflow /www/Gits/dianqiu/project/Application/Admin/Model/DevicesModel.class.php 第 138 行.
NOTIC: [8] Undefined index: count /www/Gits/dianqiu/project/Application/Admin/Model/DevicesModel.class.php 第 135 行.
NOTIC: [8] Undefined index: money /www/Gits/dianqiu/project/Application/Admin/Model/DevicesModel.class.php 第 136 行.
NOTIC: [8] Undefined index: money /www/Gits/dianqiu/project/Application/Admin/Model/DevicesModel.class.php 第 136 行.
NOTIC: [8] Undefined index: num /www/Gits/dianqiu/project/Application/Admin/Model/DevicesModel.class.php 第 137 行.
NOTIC: [8] Undefined index: num /www/Gits/dianqiu/project/Application/Admin/Model/DevicesModel.class.php 第 137 行.
NOTIC: [8] Undefined index: currentflow /www/Gits/dianqiu/project/Application/Admin/Model/DevicesModel.class.php 第 138 行.
NOTIC: [8] Undefined index: flow /www/Gits/dianqiu/project/Application/Admin/Model/DevicesModel.class.php 第 138 行.
NOTIC: [8] Undefined index: money /www/Gits/dianqiu/project/Application/Admin/Model/DevicesModel.class.php 第 136 行.
NOTIC: [8] Undefined index: num /www/Gits/dianqiu/project/Application/Admin/Model/DevicesModel.class.php 第 137 行.
NOTIC: [8] Undefined index: currentflow /www/Gits/dianqiu/project/Application/Admin/Model/DevicesModel.class.php 第 138 行.
NOTIC: [8] Undefined index: money /www/Gits/dianqiu/project/Application/Admin/Model/DevicesModel.class.php 第 136 行.
NOTIC: [8] Undefined index: num /www/Gits/dianqiu/project/Application/Admin/Model/DevicesModel.class.php 第 137 行.
NOTIC: [8] Undefined index: currentflow /www/Gits/dianqiu/project/Application/Admin/Model/DevicesModel.class.php 第 138 行.
NOTIC: [8] Undefined index: money /www/Gits/dianqiu/project/Application/Admin/Model/DevicesModel.class.php 第 136 行.
NOTIC: [8] Undefined index: num /www/Gits/dianqiu/project/Application/Admin/Model/DevicesModel.class.php 第 137 行.
NOTIC: [8] Undefined index: currentflow /www/Gits/dianqiu/project/Application/Admin/Model/DevicesModel.class.php 第 138 行.
NOTIC: [8] Undefined index: count /www/Gits/dianqiu/project/Application/Admin/Model/DevicesModel.class.php 第 135 行.
NOTIC: [8] Undefined index: money /www/Gits/dianqiu/project/Application/Admin/Model/DevicesModel.class.php 第 136 行.
NOTIC: [8] Undefined index: money /www/Gits/dianqiu/project/Application/Admin/Model/DevicesModel.class.php 第 136 行.
NOTIC: [8] Undefined index: num /www/Gits/dianqiu/project/Application/Admin/Model/DevicesModel.class.php 第 137 行.
NOTIC: [8] Undefined index: num /www/Gits/dianqiu/project/Application/Admin/Model/DevicesModel.class.php 第 137 行.
NOTIC: [8] Undefined index: currentflow /www/Gits/dianqiu/project/Application/Admin/Model/DevicesModel.class.php 第 138 行.
NOTIC: [8] Undefined index: flow /www/Gits/dianqiu/project/Application/Admin/Model/DevicesModel.class.php 第 138 行.
NOTIC: [8] Undefined index: money /www/Gits/dianqiu/project/Application/Admin/Model/DevicesModel.class.php 第 136 行.
NOTIC: [8] Undefined index: num /www/Gits/dianqiu/project/Application/Admin/Model/DevicesModel.class.php 第 137 行.
NOTIC: [8] Undefined index: currentflow /www/Gits/dianqiu/project/Application/Admin/Model/DevicesModel.class.php 第 138 行.
NOTIC: [8] Undefined index: money /www/Gits/dianqiu/project/Application/Admin/Model/DevicesModel.class.php 第 136 行.
NOTIC: [8] Undefined index: num /www/Gits/dianqiu/project/Application/Admin/Model/DevicesModel.class.php 第 137 行.
NOTIC: [8] Undefined index: currentflow /www/Gits/dianqiu/project/Application/Admin/Model/DevicesModel.class.php 第 138 行.
NOTIC: [8] Undefined index: money /www/Gits/dianqiu/project/Application/Admin/Model/DevicesModel.class.php 第 136 行.
NOTIC: [8] Undefined index: num /www/Gits/dianqiu/project/Application/Admin/Model/DevicesModel.class.php 第 137 行.
NOTIC: [8] Undefined index: currentflow /www/Gits/dianqiu/project/Application/Admin/Model/DevicesModel.class.php 第 138 行.
NOTIC: [8] Undefined index: money /www/Gits/dianqiu/project/Application/Admin/Model/DevicesModel.class.php 第 136 行.
NOTIC: [8] Undefined index: num /www/Gits/dianqiu/project/Application/Admin/Model/DevicesModel.class.php 第 137 行.
NOTIC: [8] Undefined index: currentflow /www/Gits/dianqiu/project/Application/Admin/Model/DevicesModel.class.php 第 138 行.
SQL: SHOW COLUMNS FROM `pub_orders` [ RunTime:0.0428s ]
SQL: SELECT distinct(order_id) FROM `pub_orders`  [ RunTime:0.0427s ]
SQL: SHOW COLUMNS FROM `pub_repair` [ RunTime:0.0429s ]
SQL: SELECT COUNT(*) AS tp_count FROM `pub_repair` LIMIT 1   [ RunTime:0.0425s ]
SQL: SHOW COLUMNS FROM `pub_feeds` [ RunTime:0.0426s ]
SQL: SELECT COUNT(*) AS tp_count FROM `pub_feeds` LIMIT 1   [ RunTime:0.0424s ]

[ 2018-04-09T18:14:44+08:00 ] ::1 /index.php/Admin/Users/index.html
INFO: [ app_init ] --START--
INFO: Run Behavior\BuildLiteBehavior [ RunTime:0.000027s ]
INFO: [ app_init ] --END-- [ RunTime:0.000441s ]
INFO: [ app_begin ] --START--
INFO: Run Behavior\ReadHtmlCacheBehavior [ RunTime:0.000483s ]
INFO: [ app_begin ] --END-- [ RunTime:0.000591s ]
NOTIC: [2048] Declaration of Admin\Model\AdminMenuModel::getTreeData() should be compatible with Admin\Model\BaseModel::getTreeData($type = 'tree', $order = '', $name = 'name', $child = 'id', $parent = 'pid') /www/Gits/dianqiu/project/Application/Admin/Model/AdminMenuModel.class.php 第 7 行.
SQL: SHOW COLUMNS FROM `pub_admin_menu` [ RunTime:0.0406s ]
SQL: SELECT * FROM `pub_admin_menu` ORDER BY order_number is null,order_number,id  [ RunTime:0.0406s ]
SQL: SHOW COLUMNS FROM `pub_auth_group_access` [ RunTime:0.0403s ]
SQL: SELECT `uid`,`group_id`,`title`,`rules` FROM pub_auth_group_access a INNER JOIN pub_auth_group g on a.group_id=g.id  WHERE ( a.uid='1' and g.status='1' )  [ RunTime:0.0402s ]
SQL: SHOW COLUMNS FROM `pub_auth_rule` [ RunTime:0.0401s ]
SQL: SELECT `condition`,`name` FROM `pub_auth_rule` WHERE `id` IN ('1','2','38','3','4','5','6','7','8','9','10','11','12','13','15','16','42','18','19','20','21','22','23','24','25','27','28','29','30','31','32','33','34','35','36','37','39','40','41','47','48') AND `type` = 1 AND `status` = 1  [ RunTime:0.0400s ]
NOTIC: [8] Undefined variable: map /www/Gits/dianqiu/project/Application/Admin/Controller/UsersController.class.php 第 44 行.
NOTIC: [2] array_filter() expects parameter 1 to be array, null given /www/Gits/dianqiu/project/Application/Admin/Controller/UsersController.class.php 第 49 行.
SQL: SHOW COLUMNS FROM `pub_users` [ RunTime:0.0401s ]
SQL: SELECT COUNT(*) AS tp_count FROM pub_users u LEFT JOIN pub_wechat w ON u.open_id=w.open_id LEFT JOIN pub_current_devices cd ON u.id=cd.uid LEFT JOIN pub_devices d ON cd.did=d.id LEFT JOIN pub_binding bd ON d.id = bd.did   LIMIT 1   [ RunTime:0.0402s ]
SQL: SELECT d.device_code,d.name,d.phone,w.*,u.*,d.address,cd.uid,cd.did,d.updatetime FROM pub_users u LEFT JOIN pub_wechat w ON u.open_id=w.open_id LEFT JOIN pub_current_devices cd ON u.id=cd.uid LEFT JOIN pub_devices d ON cd.did=d.id LEFT JOIN pub_binding bd ON d.id = bd.did   ORDER BY u.created_at desc LIMIT 0,10   [ RunTime:0.0417s ]
INFO: [ view_parse ] --START--
INFO: [ template_filter ] --START--
INFO: Run Behavior\ContentReplaceBehavior [ RunTime:0.000125s ]
INFO: [ template_filter ] --END-- [ RunTime:0.000242s ]
INFO: Run Behavior\ParseTemplateBehavior [ RunTime:0.028906s ]
INFO: [ view_parse ] --END-- [ RunTime:0.029042s ]
INFO: [ view_filter ] --START--
INFO: Run Behavior\WriteHtmlCacheBehavior [ RunTime:0.000226s ]
INFO: [ view_filter ] --END-- [ RunTime:0.000320s ]
INFO: [ app_end ] --START--
INFO: Run Behavior\ShowPageTraceBehavior [ RunTime:0.000721s ]
INFO: [ app_end ] --END-- [ RunTime:0.000876s ]

[ 2018-04-09T18:14:57+08:00 ] ::1 /index.php/Admin/Users/index
INFO: [ app_init ] --START--
INFO: Run Behavior\BuildLiteBehavior [ RunTime:0.000026s ]
INFO: [ app_init ] --END-- [ RunTime:0.000444s ]
INFO: [ app_begin ] --START--
INFO: Run Behavior\ReadHtmlCacheBehavior [ RunTime:0.000548s ]
INFO: [ app_begin ] --END-- [ RunTime:0.000759s ]
NOTIC: [2048] Declaration of Admin\Model\AdminMenuModel::getTreeData() should be compatible with Admin\Model\BaseModel::getTreeData($type = 'tree', $order = '', $name = 'name', $child = 'id', $parent = 'pid') /www/Gits/dianqiu/project/Application/Admin/Model/AdminMenuModel.class.php 第 7 行.
SQL: SHOW COLUMNS FROM `pub_admin_menu` [ RunTime:0.0410s ]
SQL: SELECT * FROM `pub_admin_menu` ORDER BY order_number is null,order_number,id  [ RunTime:0.0415s ]
SQL: SHOW COLUMNS FROM `pub_auth_group_access` [ RunTime:0.0410s ]
SQL: SELECT `uid`,`group_id`,`title`,`rules` FROM pub_auth_group_access a INNER JOIN pub_auth_group g on a.group_id=g.id  WHERE ( a.uid='1' and g.status='1' )  [ RunTime:0.0405s ]
SQL: SHOW COLUMNS FROM `pub_auth_rule` [ RunTime:0.0403s ]
SQL: SELECT `condition`,`name` FROM `pub_auth_rule` WHERE `id` IN ('1','2','38','3','4','5','6','7','8','9','10','11','12','13','15','16','42','18','19','20','21','22','23','24','25','27','28','29','30','31','32','33','34','35','36','37','39','40','41','47','48') AND `type` = 1 AND `status` = 1  [ RunTime:0.0406s ]
NOTIC: [8] Undefined variable: map /www/Gits/dianqiu/project/Application/Admin/Controller/UsersController.class.php 第 44 行.
NOTIC: [2] array_filter() expects parameter 1 to be array, null given /www/Gits/dianqiu/project/Application/Admin/Controller/UsersController.class.php 第 49 行.
SQL: SHOW COLUMNS FROM `pub_users` [ RunTime:0.0406s ]
SQL: SELECT COUNT(*) AS tp_count FROM pub_users u LEFT JOIN pub_wechat w ON u.open_id=w.open_id LEFT JOIN pub_current_devices cd ON u.id=cd.uid LEFT JOIN pub_devices d ON cd.did=d.id LEFT JOIN pub_binding bd ON d.id = bd.did   WHERE ( u.created_at >= 1523203200 AND u.created_at <= 1523289600  ) LIMIT 1   [ RunTime:0.0407s ]
SQL: SELECT d.device_code,d.name,d.phone,w.*,u.*,d.address,cd.uid,cd.did,d.updatetime FROM pub_users u LEFT JOIN pub_wechat w ON u.open_id=w.open_id LEFT JOIN pub_current_devices cd ON u.id=cd.uid LEFT JOIN pub_devices d ON cd.did=d.id LEFT JOIN pub_binding bd ON d.id = bd.did   WHERE ( u.created_at >= 1523203200 AND u.created_at <= 1523289600  ) ORDER BY u.created_at desc LIMIT 0,10   [ RunTime:0.0411s ]
INFO: [ view_parse ] --START--
INFO: [ template_filter ] --START--
INFO: Run Behavior\ContentReplaceBehavior [ RunTime:0.000112s ]
INFO: [ template_filter ] --END-- [ RunTime:0.000262s ]
INFO: Run Behavior\ParseTemplateBehavior [ RunTime:0.026410s ]
INFO: [ view_parse ] --END-- [ RunTime:0.026541s ]
INFO: [ view_filter ] --START--
INFO: Run Behavior\WriteHtmlCacheBehavior [ RunTime:0.000192s ]
INFO: [ view_filter ] --END-- [ RunTime:0.000284s ]
INFO: [ app_end ] --START--
INFO: Run Behavior\ShowPageTraceBehavior [ RunTime:0.000573s ]
INFO: [ app_end ] --END-- [ RunTime:0.000681s ]

[ 2018-04-09T18:15:11+08:00 ] ::1 /index.php/Admin/Users/index
INFO: [ app_init ] --START--
INFO: Run Behavior\BuildLiteBehavior [ RunTime:0.000035s ]
INFO: [ app_init ] --END-- [ RunTime:0.000714s ]
INFO: [ app_begin ] --START--
INFO: Run Behavior\ReadHtmlCacheBehavior [ RunTime:0.000582s ]
INFO: [ app_begin ] --END-- [ RunTime:0.000799s ]
NOTIC: [2048] Declaration of Admin\Model\AdminMenuModel::getTreeData() should be compatible with Admin\Model\BaseModel::getTreeData($type = 'tree', $order = '', $name = 'name', $child = 'id', $parent = 'pid') /www/Gits/dianqiu/project/Application/Admin/Model/AdminMenuModel.class.php 第 7 行.
SQL: SHOW COLUMNS FROM `pub_admin_menu` [ RunTime:0.0409s ]
SQL: SELECT * FROM `pub_admin_menu` ORDER BY order_number is null,order_number,id  [ RunTime:0.0409s ]
SQL: SHOW COLUMNS FROM `pub_auth_group_access` [ RunTime:0.0404s ]
SQL: SELECT `uid`,`group_id`,`title`,`rules` FROM pub_auth_group_access a INNER JOIN pub_auth_group g on a.group_id=g.id  WHERE ( a.uid='1' and g.status='1' )  [ RunTime:0.0404s ]
SQL: SHOW COLUMNS FROM `pub_auth_rule` [ RunTime:0.0404s ]
SQL: SELECT `condition`,`name` FROM `pub_auth_rule` WHERE `id` IN ('1','2','38','3','4','5','6','7','8','9','10','11','12','13','15','16','42','18','19','20','21','22','23','24','25','27','28','29','30','31','32','33','34','35','36','37','39','40','41','47','48') AND `type` = 1 AND `status` = 1  [ RunTime:0.0406s ]
NOTIC: [8] Undefined variable: map /www/Gits/dianqiu/project/Application/Admin/Controller/UsersController.class.php 第 44 行.
NOTIC: [2] array_filter() expects parameter 1 to be array, null given /www/Gits/dianqiu/project/Application/Admin/Controller/UsersController.class.php 第 49 行.
SQL: SHOW COLUMNS FROM `pub_users` [ RunTime:0.0402s ]
SQL: SELECT COUNT(*) AS tp_count FROM pub_users u LEFT JOIN pub_wechat w ON u.open_id=w.open_id LEFT JOIN pub_current_devices cd ON u.id=cd.uid LEFT JOIN pub_devices d ON cd.did=d.id LEFT JOIN pub_binding bd ON d.id = bd.did   WHERE ( u.created_at >= 1522512000 AND u.created_at <= 1523289600  ) LIMIT 1   [ RunTime:0.0404s ]
SQL: SELECT d.device_code,d.name,d.phone,w.*,u.*,d.address,cd.uid,cd.did,d.updatetime FROM pub_users u LEFT JOIN pub_wechat w ON u.open_id=w.open_id LEFT JOIN pub_current_devices cd ON u.id=cd.uid LEFT JOIN pub_devices d ON cd.did=d.id LEFT JOIN pub_binding bd ON d.id = bd.did   WHERE ( u.created_at >= 1522512000 AND u.created_at <= 1523289600  ) ORDER BY u.created_at desc LIMIT 0,10   [ RunTime:0.0414s ]
INFO: [ view_parse ] --START--
INFO: [ template_filter ] --START--
INFO: Run Behavior\ContentReplaceBehavior [ RunTime:0.000111s ]
INFO: [ template_filter ] --END-- [ RunTime:0.000224s ]
INFO: Run Behavior\ParseTemplateBehavior [ RunTime:0.024343s ]
INFO: [ view_parse ] --END-- [ RunTime:0.024454s ]
INFO: [ view_filter ] --START--
INFO: Run Behavior\WriteHtmlCacheBehavior [ RunTime:0.000180s ]
INFO: [ view_filter ] --END-- [ RunTime:0.000267s ]
INFO: [ app_end ] --START--
INFO: Run Behavior\ShowPageTraceBehavior [ RunTime:0.000581s ]
INFO: [ app_end ] --END-- [ RunTime:0.000713s ]

[ 2018-04-09T18:15:18+08:00 ] ::1 /index.php/Admin/Users/index
INFO: [ app_init ] --START--
INFO: Run Behavior\BuildLiteBehavior [ RunTime:0.000025s ]
INFO: [ app_init ] --END-- [ RunTime:0.000434s ]
INFO: [ app_begin ] --START--
INFO: Run Behavior\ReadHtmlCacheBehavior [ RunTime:0.000398s ]
INFO: [ app_begin ] --END-- [ RunTime:0.000489s ]
NOTIC: [2048] Declaration of Admin\Model\AdminMenuModel::getTreeData() should be compatible with Admin\Model\BaseModel::getTreeData($type = 'tree', $order = '', $name = 'name', $child = 'id', $parent = 'pid') /www/Gits/dianqiu/project/Application/Admin/Model/AdminMenuModel.class.php 第 7 行.
SQL: SHOW COLUMNS FROM `pub_admin_menu` [ RunTime:0.0408s ]
SQL: SELECT * FROM `pub_admin_menu` ORDER BY order_number is null,order_number,id  [ RunTime:0.0411s ]
SQL: SHOW COLUMNS FROM `pub_auth_group_access` [ RunTime:0.0407s ]
SQL: SELECT `uid`,`group_id`,`title`,`rules` FROM pub_auth_group_access a INNER JOIN pub_auth_group g on a.group_id=g.id  WHERE ( a.uid='1' and g.status='1' )  [ RunTime:0.0406s ]
SQL: SHOW COLUMNS FROM `pub_auth_rule` [ RunTime:0.0401s ]
SQL: SELECT `condition`,`name` FROM `pub_auth_rule` WHERE `id` IN ('1','2','38','3','4','5','6','7','8','9','10','11','12','13','15','16','42','18','19','20','21','22','23','24','25','27','28','29','30','31','32','33','34','35','36','37','39','40','41','47','48') AND `type` = 1 AND `status` = 1  [ RunTime:0.0408s ]
NOTIC: [8] Undefined variable: map /www/Gits/dianqiu/project/Application/Admin/Controller/UsersController.class.php 第 44 行.
NOTIC: [2] array_filter() expects parameter 1 to be array, null given /www/Gits/dianqiu/project/Application/Admin/Controller/UsersController.class.php 第 49 行.
SQL: SHOW COLUMNS FROM `pub_users` [ RunTime:0.0406s ]
SQL: SELECT COUNT(*) AS tp_count FROM pub_users u LEFT JOIN pub_wechat w ON u.open_id=w.open_id LEFT JOIN pub_current_devices cd ON u.id=cd.uid LEFT JOIN pub_devices d ON cd.did=d.id LEFT JOIN pub_binding bd ON d.id = bd.did   WHERE ( u.created_at >= 1522512000 AND u.created_at <= 1522598400  ) LIMIT 1   [ RunTime:0.0403s ]
SQL: SELECT d.device_code,d.name,d.phone,w.*,u.*,d.address,cd.uid,cd.did,d.updatetime FROM pub_users u LEFT JOIN pub_wechat w ON u.open_id=w.open_id LEFT JOIN pub_current_devices cd ON u.id=cd.uid LEFT JOIN pub_devices d ON cd.did=d.id LEFT JOIN pub_binding bd ON d.id = bd.did   WHERE ( u.created_at >= 1522512000 AND u.created_at <= 1522598400  ) ORDER BY u.created_at desc LIMIT 0,10   [ RunTime:0.0409s ]
INFO: [ view_parse ] --START--
INFO: [ template_filter ] --START--
INFO: Run Behavior\ContentReplaceBehavior [ RunTime:0.000099s ]
INFO: [ template_filter ] --END-- [ RunTime:0.000198s ]
INFO: Run Behavior\ParseTemplateBehavior [ RunTime:0.023424s ]
INFO: [ view_parse ] --END-- [ RunTime:0.023557s ]
INFO: [ view_filter ] --START--
INFO: Run Behavior\WriteHtmlCacheBehavior [ RunTime:0.000213s ]
INFO: [ view_filter ] --END-- [ RunTime:0.000298s ]
INFO: [ app_end ] --START--
INFO: Run Behavior\ShowPageTraceBehavior [ RunTime:0.000642s ]
INFO: [ app_end ] --END-- [ RunTime:0.000811s ]

[ 2018-04-09T18:20:42+08:00 ] ::1 /index.php/Admin/Setmeal/index.html
INFO: [ app_init ] --START--
INFO: Run Behavior\BuildLiteBehavior [ RunTime:0.000026s ]
INFO: [ app_init ] --END-- [ RunTime:0.000434s ]
INFO: [ app_begin ] --START--
INFO: Run Behavior\ReadHtmlCacheBehavior [ RunTime:0.000537s ]
INFO: [ app_begin ] --END-- [ RunTime:0.000670s ]
NOTIC: [2048] Declaration of Admin\Model\AdminMenuModel::getTreeData() should be compatible with Admin\Model\BaseModel::getTreeData($type = 'tree', $order = '', $name = 'name', $child = 'id', $parent = 'pid') /www/Gits/dianqiu/project/Application/Admin/Model/AdminMenuModel.class.php 第 7 行.
SQL: SHOW COLUMNS FROM `pub_admin_menu` [ RunTime:0.0410s ]
SQL: SELECT * FROM `pub_admin_menu` ORDER BY order_number is null,order_number,id  [ RunTime:0.0415s ]
SQL: SHOW COLUMNS FROM `pub_auth_group_access` [ RunTime:0.0407s ]
SQL: SELECT `uid`,`group_id`,`title`,`rules` FROM pub_auth_group_access a INNER JOIN pub_auth_group g on a.group_id=g.id  WHERE ( a.uid='1' and g.status='1' )  [ RunTime:0.0404s ]
SQL: SHOW COLUMNS FROM `pub_auth_rule` [ RunTime:0.0407s ]
SQL: SELECT `condition`,`name` FROM `pub_auth_rule` WHERE `id` IN ('1','2','38','3','4','5','6','7','8','9','10','11','12','13','15','16','42','18','19','20','21','22','23','24','25','27','28','29','30','31','32','33','34','35','36','37','39','40','41','47','48') AND `type` = 1 AND `status` = 1  [ RunTime:0.0406s ]
SQL: SHOW COLUMNS FROM `pub_setmeal` [ RunTime:0.0407s ]
SQL: SELECT COUNT(*) AS tp_count FROM `pub_setmeal` INNER JOIN pub_device_type ON pub_setmeal.tid = pub_device_type.id  WHERE ( pub_setmeal.money >= 0  ) AND ( pub_setmeal.addtime >= 0  ) LIMIT 1   [ RunTime:0.0401s ]
SQL: SHOW COLUMNS FROM `pub_devices` [ RunTime:0.0407s ]
SQL: SELECT pub_setmeal.*,pub_device_type.typename FROM `pub_setmeal` INNER JOIN pub_device_type ON pub_setmeal.tid = pub_device_type.id  WHERE ( pub_setmeal.money >= 0  ) AND ( pub_setmeal.addtime >= 0  ) ORDER BY pub_setmeal.addtime desc LIMIT 0,8   [ RunTime:0.0404s ]
INFO: [ view_parse ] --START--
INFO: [ template_filter ] --START--
INFO: Run Behavior\ContentReplaceBehavior [ RunTime:0.000078s ]
INFO: [ template_filter ] --END-- [ RunTime:0.000175s ]
NOTIC: [8] Undefined index: remodel /www/Gits/dianqiu/project/Application/Runtime/Cache/Admin/99b35b70dc26d3d55c6a80bdbc3ca16a.php 第 299 行.
NOTIC: [8] Undefined index: typename /www/Gits/dianqiu/project/Application/Runtime/Cache/Admin/99b35b70dc26d3d55c6a80bdbc3ca16a.php 第 300 行.
NOTIC: [8] Undefined index: minmoney /www/Gits/dianqiu/project/Application/Runtime/Cache/Admin/99b35b70dc26d3d55c6a80bdbc3ca16a.php 第 301 行.
NOTIC: [8] Undefined index: maxmoney /www/Gits/dianqiu/project/Application/Runtime/Cache/Admin/99b35b70dc26d3d55c6a80bdbc3ca16a.php 第 302 行.
NOTIC: [8] Undefined index: flow /www/Gits/dianqiu/project/Application/Runtime/Cache/Admin/99b35b70dc26d3d55c6a80bdbc3ca16a.php 第 303 行.
NOTIC: [8] Undefined index: describe /www/Gits/dianqiu/project/Application/Runtime/Cache/Admin/99b35b70dc26d3d55c6a80bdbc3ca16a.php 第 304 行.
NOTIC: [8] Undefined index: mintime /www/Gits/dianqiu/project/Application/Runtime/Cache/Admin/99b35b70dc26d3d55c6a80bdbc3ca16a.php 第 305 行.
NOTIC: [8] Undefined index: maxtime /www/Gits/dianqiu/project/Application/Runtime/Cache/Admin/99b35b70dc26d3d55c6a80bdbc3ca16a.php 第 306 行.
INFO: Run Behavior\ParseTemplateBehavior [ RunTime:0.025130s ]
INFO: [ view_parse ] --END-- [ RunTime:0.025247s ]
INFO: [ view_filter ] --START--
INFO: Run Behavior\WriteHtmlCacheBehavior [ RunTime:0.003611s ]
INFO: [ view_filter ] --END-- [ RunTime:0.003721s ]
INFO: [ app_end ] --START--
INFO: Run Behavior\ShowPageTraceBehavior [ RunTime:0.001122s ]
INFO: [ app_end ] --END-- [ RunTime:0.001346s ]

[ 2018-04-09T18:20:47+08:00 ] ::1 /index.php/Admin/Setmeal/index
INFO: [ app_init ] --START--
INFO: Run Behavior\BuildLiteBehavior [ RunTime:0.000021s ]
INFO: [ app_init ] --END-- [ RunTime:0.000367s ]
INFO: [ app_begin ] --START--
INFO: Run Behavior\ReadHtmlCacheBehavior [ RunTime:0.000383s ]
INFO: [ app_begin ] --END-- [ RunTime:0.000475s ]
NOTIC: [2048] Declaration of Admin\Model\AdminMenuModel::getTreeData() should be compatible with Admin\Model\BaseModel::getTreeData($type = 'tree', $order = '', $name = 'name', $child = 'id', $parent = 'pid') /www/Gits/dianqiu/project/Application/Admin/Model/AdminMenuModel.class.php 第 7 行.
SQL: SHOW COLUMNS FROM `pub_admin_menu` [ RunTime:0.0409s ]
SQL: SELECT * FROM `pub_admin_menu` ORDER BY order_number is null,order_number,id  [ RunTime:0.0409s ]
SQL: SHOW COLUMNS FROM `pub_auth_group_access` [ RunTime:0.0405s ]
SQL: SELECT `uid`,`group_id`,`title`,`rules` FROM pub_auth_group_access a INNER JOIN pub_auth_group g on a.group_id=g.id  WHERE ( a.uid='1' and g.status='1' )  [ RunTime:0.0405s ]
SQL: SHOW COLUMNS FROM `pub_auth_rule` [ RunTime:0.0403s ]
SQL: SELECT `condition`,`name` FROM `pub_auth_rule` WHERE `id` IN ('1','2','38','3','4','5','6','7','8','9','10','11','12','13','15','16','42','18','19','20','21','22','23','24','25','27','28','29','30','31','32','33','34','35','36','37','39','40','41','47','48') AND `type` = 1 AND `status` = 1  [ RunTime:0.0407s ]
SQL: SHOW COLUMNS FROM `pub_setmeal` [ RunTime:0.0404s ]
SQL: SELECT COUNT(*) AS tp_count FROM `pub_setmeal` INNER JOIN pub_device_type ON pub_setmeal.tid = pub_device_type.id  WHERE ( pub_setmeal.money >= 0  ) AND ( pub_setmeal.addtime >= 0  ) LIMIT 1   [ RunTime:0.0402s ]
SQL: SHOW COLUMNS FROM `pub_devices` [ RunTime:0.0405s ]
SQL: SELECT pub_setmeal.*,pub_device_type.typename FROM `pub_setmeal` INNER JOIN pub_device_type ON pub_setmeal.tid = pub_device_type.id  WHERE ( pub_setmeal.money >= 0  ) AND ( pub_setmeal.addtime >= 0  ) ORDER BY pub_setmeal.addtime desc LIMIT 0,8   [ RunTime:0.0410s ]
INFO: [ view_parse ] --START--
INFO: [ template_filter ] --START--
INFO: Run Behavior\ContentReplaceBehavior [ RunTime:0.000100s ]
INFO: [ template_filter ] --END-- [ RunTime:0.000202s ]
INFO: Run Behavior\ParseTemplateBehavior [ RunTime:0.028024s ]
INFO: [ view_parse ] --END-- [ RunTime:0.028155s ]
INFO: [ view_filter ] --START--
INFO: Run Behavior\WriteHtmlCacheBehavior [ RunTime:0.000786s ]
INFO: [ view_filter ] --END-- [ RunTime:0.000875s ]
INFO: [ app_end ] --START--
INFO: Run Behavior\ShowPageTraceBehavior [ RunTime:0.000528s ]
INFO: [ app_end ] --END-- [ RunTime:0.000633s ]

[ 2018-04-09T18:22:08+08:00 ] ::1 /index.php/Admin/Setmeal/index
INFO: [ app_init ] --START--
INFO: Run Behavior\BuildLiteBehavior [ RunTime:0.000048s ]
INFO: [ app_init ] --END-- [ RunTime:0.000978s ]
INFO: [ app_begin ] --START--
INFO: Run Behavior\ReadHtmlCacheBehavior [ RunTime:0.000836s ]
INFO: [ app_begin ] --END-- [ RunTime:0.001031s ]
NOTIC: [2048] Declaration of Admin\Model\AdminMenuModel::getTreeData() should be compatible with Admin\Model\BaseModel::getTreeData($type = 'tree', $order = '', $name = 'name', $child = 'id', $parent = 'pid') /www/Gits/dianqiu/project/Application/Admin/Model/AdminMenuModel.class.php 第 7 行.
SQL: SHOW COLUMNS FROM `pub_admin_menu` [ RunTime:0.0412s ]
SQL: SELECT * FROM `pub_admin_menu` ORDER BY order_number is null,order_number,id  [ RunTime:0.0413s ]
SQL: SHOW COLUMNS FROM `pub_auth_group_access` [ RunTime:0.0412s ]
SQL: SELECT `uid`,`group_id`,`title`,`rules` FROM pub_auth_group_access a INNER JOIN pub_auth_group g on a.group_id=g.id  WHERE ( a.uid='1' and g.status='1' )  [ RunTime:0.0408s ]
SQL: SHOW COLUMNS FROM `pub_auth_rule` [ RunTime:0.0409s ]
SQL: SELECT `condition`,`name` FROM `pub_auth_rule` WHERE `id` IN ('1','2','38','3','4','5','6','7','8','9','10','11','12','13','15','16','42','18','19','20','21','22','23','24','25','27','28','29','30','31','32','33','34','35','36','37','39','40','41','47','48') AND `type` = 1 AND `status` = 1  [ RunTime:0.0409s ]
SQL: SHOW COLUMNS FROM `pub_setmeal` [ RunTime:0.0410s ]
SQL: SELECT COUNT(*) AS tp_count FROM `pub_setmeal` INNER JOIN pub_device_type ON pub_setmeal.tid = pub_device_type.id  WHERE ( pub_setmeal.money >= 0  ) AND ( pub_setmeal.addtime >= 0  ) LIMIT 1   [ RunTime:0.0405s ]
SQL: SHOW COLUMNS FROM `pub_devices` [ RunTime:0.0407s ]
SQL: SELECT pub_setmeal.*,pub_device_type.typename FROM `pub_setmeal` INNER JOIN pub_device_type ON pub_setmeal.tid = pub_device_type.id  WHERE ( pub_setmeal.money >= 0  ) AND ( pub_setmeal.addtime >= 0  ) ORDER BY pub_setmeal.addtime desc LIMIT 0,8   [ RunTime:0.0407s ]
INFO: [ view_parse ] --START--
INFO: [ template_filter ] --START--
INFO: Run Behavior\ContentReplaceBehavior [ RunTime:0.000119s ]
INFO: [ template_filter ] --END-- [ RunTime:0.000230s ]
INFO: Run Behavior\ParseTemplateBehavior [ RunTime:0.027068s ]
INFO: [ view_parse ] --END-- [ RunTime:0.027201s ]
INFO: [ view_filter ] --START--
INFO: Run Behavior\WriteHtmlCacheBehavior [ RunTime:0.000682s ]
INFO: [ view_filter ] --END-- [ RunTime:0.000767s ]
NOTIC: [2] Cannot modify header information - headers already sent by (output started at /www/Gits/dianqiu/project/ThinkPHP/Common/functions.php:850) /www/Gits/dianqiu/project/ThinkPHP/Library/Think/View.class.php 第 91 行.
NOTIC: [2] Cannot modify header information - headers already sent by (output started at /www/Gits/dianqiu/project/ThinkPHP/Common/functions.php:850) /www/Gits/dianqiu/project/ThinkPHP/Library/Think/View.class.php 第 92 行.
NOTIC: [2] Cannot modify header information - headers already sent by (output started at /www/Gits/dianqiu/project/ThinkPHP/Common/functions.php:850) /www/Gits/dianqiu/project/ThinkPHP/Library/Think/View.class.php 第 93 行.
INFO: [ app_end ] --START--
INFO: Run Behavior\ShowPageTraceBehavior [ RunTime:0.000585s ]
INFO: [ app_end ] --END-- [ RunTime:0.000774s ]

[ 2018-04-09T18:24:15+08:00 ] ::1 /index.php/Admin/Setmeal/index
INFO: [ app_init ] --START--
INFO: Run Behavior\BuildLiteBehavior [ RunTime:0.000027s ]
INFO: [ app_init ] --END-- [ RunTime:0.000489s ]
INFO: [ app_begin ] --START--
INFO: Run Behavior\ReadHtmlCacheBehavior [ RunTime:0.000559s ]
INFO: [ app_begin ] --END-- [ RunTime:0.000686s ]
NOTIC: [2048] Declaration of Admin\Model\AdminMenuModel::getTreeData() should be compatible with Admin\Model\BaseModel::getTreeData($type = 'tree', $order = '', $name = 'name', $child = 'id', $parent = 'pid') /www/Gits/dianqiu/project/Application/Admin/Model/AdminMenuModel.class.php 第 7 行.
SQL: SHOW COLUMNS FROM `pub_admin_menu` [ RunTime:0.0393s ]
SQL: SELECT * FROM `pub_admin_menu` ORDER BY order_number is null,order_number,id  [ RunTime:0.0395s ]
SQL: SHOW COLUMNS FROM `pub_auth_group_access` [ RunTime:0.0388s ]
SQL: SELECT `uid`,`group_id`,`title`,`rules` FROM pub_auth_group_access a INNER JOIN pub_auth_group g on a.group_id=g.id  WHERE ( a.uid='1' and g.status='1' )  [ RunTime:0.0387s ]
SQL: SHOW COLUMNS FROM `pub_auth_rule` [ RunTime:0.0393s ]
SQL: SELECT `condition`,`name` FROM `pub_auth_rule` WHERE `id` IN ('1','2','38','3','4','5','6','7','8','9','10','11','12','13','15','16','42','18','19','20','21','22','23','24','25','27','28','29','30','31','32','33','34','35','36','37','39','40','41','47','48') AND `type` = 1 AND `status` = 1  [ RunTime:0.0392s ]
SQL: SHOW COLUMNS FROM `pub_setmeal` [ RunTime:0.0387s ]
SQL: SELECT COUNT(*) AS tp_count FROM `pub_setmeal` INNER JOIN pub_device_type ON pub_setmeal.tid = pub_device_type.id  WHERE ( pub_setmeal.addtime >= 0  ) LIMIT 1   [ RunTime:0.0385s ]
SQL: SHOW COLUMNS FROM `pub_devices` [ RunTime:0.0388s ]
SQL: SELECT pub_setmeal.*,pub_device_type.typename FROM `pub_setmeal` INNER JOIN pub_device_type ON pub_setmeal.tid = pub_device_type.id  WHERE ( pub_setmeal.addtime >= 0  ) ORDER BY pub_setmeal.addtime desc LIMIT 0,8   [ RunTime:0.0389s ]
INFO: [ view_parse ] --START--
INFO: [ template_filter ] --START--
INFO: Run Behavior\ContentReplaceBehavior [ RunTime:0.000103s ]
INFO: [ template_filter ] --END-- [ RunTime:0.000220s ]
INFO: Run Behavior\ParseTemplateBehavior [ RunTime:0.029526s ]
INFO: [ view_parse ] --END-- [ RunTime:0.029672s ]
INFO: [ view_filter ] --START--
INFO: Run Behavior\WriteHtmlCacheBehavior [ RunTime:0.000819s ]
INFO: [ view_filter ] --END-- [ RunTime:0.000916s ]
NOTIC: [2] Cannot modify header information - headers already sent by (output started at /www/Gits/dianqiu/project/ThinkPHP/Common/functions.php:850) /www/Gits/dianqiu/project/ThinkPHP/Library/Think/View.class.php 第 91 行.
NOTIC: [2] Cannot modify header information - headers already sent by (output started at /www/Gits/dianqiu/project/ThinkPHP/Common/functions.php:850) /www/Gits/dianqiu/project/ThinkPHP/Library/Think/View.class.php 第 92 行.
NOTIC: [2] Cannot modify header information - headers already sent by (output started at /www/Gits/dianqiu/project/ThinkPHP/Common/functions.php:850) /www/Gits/dianqiu/project/ThinkPHP/Library/Think/View.class.php 第 93 行.
INFO: [ app_end ] --START--
INFO: Run Behavior\ShowPageTraceBehavior [ RunTime:0.000613s ]
INFO: [ app_end ] --END-- [ RunTime:0.000713s ]

[ 2018-04-09T18:25:29+08:00 ] ::1 /index.php/Admin/Setmeal/index
INFO: [ app_init ] --START--
INFO: Run Behavior\BuildLiteBehavior [ RunTime:0.000029s ]
INFO: [ app_init ] --END-- [ RunTime:0.000426s ]
INFO: [ app_begin ] --START--
INFO: Run Behavior\ReadHtmlCacheBehavior [ RunTime:0.000566s ]
INFO: [ app_begin ] --END-- [ RunTime:0.000686s ]
NOTIC: [2048] Declaration of Admin\Model\AdminMenuModel::getTreeData() should be compatible with Admin\Model\BaseModel::getTreeData($type = 'tree', $order = '', $name = 'name', $child = 'id', $parent = 'pid') /www/Gits/dianqiu/project/Application/Admin/Model/AdminMenuModel.class.php 第 7 行.
SQL: SHOW COLUMNS FROM `pub_admin_menu` [ RunTime:0.0431s ]
SQL: SELECT * FROM `pub_admin_menu` ORDER BY order_number is null,order_number,id  [ RunTime:0.0429s ]
SQL: SHOW COLUMNS FROM `pub_auth_group_access` [ RunTime:0.0428s ]
SQL: SELECT `uid`,`group_id`,`title`,`rules` FROM pub_auth_group_access a INNER JOIN pub_auth_group g on a.group_id=g.id  WHERE ( a.uid='1' and g.status='1' )  [ RunTime:0.0426s ]
SQL: SHOW COLUMNS FROM `pub_auth_rule` [ RunTime:0.0425s ]
SQL: SELECT `condition`,`name` FROM `pub_auth_rule` WHERE `id` IN ('1','2','38','3','4','5','6','7','8','9','10','11','12','13','15','16','42','18','19','20','21','22','23','24','25','27','28','29','30','31','32','33','34','35','36','37','39','40','41','47','48') AND `type` = 1 AND `status` = 1  [ RunTime:0.0431s ]
SQL: SHOW COLUMNS FROM `pub_setmeal` [ RunTime:0.0428s ]
SQL: SELECT COUNT(*) AS tp_count FROM `pub_setmeal` INNER JOIN pub_device_type ON pub_setmeal.tid = pub_device_type.id  LIMIT 1   [ RunTime:0.0424s ]
SQL: SHOW COLUMNS FROM `pub_devices` [ RunTime:0.0429s ]
SQL: SELECT pub_setmeal.*,pub_device_type.typename FROM `pub_setmeal` INNER JOIN pub_device_type ON pub_setmeal.tid = pub_device_type.id  ORDER BY pub_setmeal.addtime desc LIMIT 0,8   [ RunTime:0.0428s ]
INFO: [ view_parse ] --START--
INFO: [ template_filter ] --START--
INFO: Run Behavior\ContentReplaceBehavior [ RunTime:0.000092s ]
INFO: [ template_filter ] --END-- [ RunTime:0.000225s ]
INFO: Run Behavior\ParseTemplateBehavior [ RunTime:0.028082s ]
INFO: [ view_parse ] --END-- [ RunTime:0.028235s ]
INFO: [ view_filter ] --START--
INFO: Run Behavior\WriteHtmlCacheBehavior [ RunTime:0.000196s ]
INFO: [ view_filter ] --END-- [ RunTime:0.000291s ]
NOTIC: [2] Cannot modify header information - headers already sent by (output started at /www/Gits/dianqiu/project/ThinkPHP/Common/functions.php:850) /www/Gits/dianqiu/project/ThinkPHP/Library/Think/View.class.php 第 91 行.
NOTIC: [2] Cannot modify header information - headers already sent by (output started at /www/Gits/dianqiu/project/ThinkPHP/Common/functions.php:850) /www/Gits/dianqiu/project/ThinkPHP/Library/Think/View.class.php 第 92 行.
NOTIC: [2] Cannot modify header information - headers already sent by (output started at /www/Gits/dianqiu/project/ThinkPHP/Common/functions.php:850) /www/Gits/dianqiu/project/ThinkPHP/Library/Think/View.class.php 第 93 行.
INFO: [ app_end ] --START--
INFO: Run Behavior\ShowPageTraceBehavior [ RunTime:0.000732s ]
INFO: [ app_end ] --END-- [ RunTime:0.000923s ]

[ 2018-04-09T18:25:36+08:00 ] ::1 /index.php/Admin/Setmeal/index
INFO: [ app_init ] --START--
INFO: Run Behavior\BuildLiteBehavior [ RunTime:0.000027s ]
INFO: [ app_init ] --END-- [ RunTime:0.000494s ]
INFO: [ app_begin ] --START--
INFO: Run Behavior\ReadHtmlCacheBehavior [ RunTime:0.000692s ]
INFO: [ app_begin ] --END-- [ RunTime:0.000814s ]
NOTIC: [2048] Declaration of Admin\Model\AdminMenuModel::getTreeData() should be compatible with Admin\Model\BaseModel::getTreeData($type = 'tree', $order = '', $name = 'name', $child = 'id', $parent = 'pid') /www/Gits/dianqiu/project/Application/Admin/Model/AdminMenuModel.class.php 第 7 行.
SQL: SHOW COLUMNS FROM `pub_admin_menu` [ RunTime:0.0408s ]
SQL: SELECT * FROM `pub_admin_menu` ORDER BY order_number is null,order_number,id  [ RunTime:0.0412s ]
SQL: SHOW COLUMNS FROM `pub_auth_group_access` [ RunTime:0.0402s ]
SQL: SELECT `uid`,`group_id`,`title`,`rules` FROM pub_auth_group_access a INNER JOIN pub_auth_group g on a.group_id=g.id  WHERE ( a.uid='1' and g.status='1' )  [ RunTime:0.0402s ]
SQL: SHOW COLUMNS FROM `pub_auth_rule` [ RunTime:0.0404s ]
SQL: SELECT `condition`,`name` FROM `pub_auth_rule` WHERE `id` IN ('1','2','38','3','4','5','6','7','8','9','10','11','12','13','15','16','42','18','19','20','21','22','23','24','25','27','28','29','30','31','32','33','34','35','36','37','39','40','41','47','48') AND `type` = 1 AND `status` = 1  [ RunTime:0.0403s ]
SQL: SHOW COLUMNS FROM `pub_setmeal` [ RunTime:0.0403s ]
SQL: SELECT COUNT(*) AS tp_count FROM `pub_setmeal` INNER JOIN pub_device_type ON pub_setmeal.tid = pub_device_type.id  LIMIT 1   [ RunTime:0.0401s ]
SQL: SHOW COLUMNS FROM `pub_devices` [ RunTime:0.0405s ]
SQL: SELECT pub_setmeal.*,pub_device_type.typename FROM `pub_setmeal` INNER JOIN pub_device_type ON pub_setmeal.tid = pub_device_type.id  ORDER BY pub_setmeal.addtime desc LIMIT 0,8   [ RunTime:0.0403s ]
INFO: [ view_parse ] --START--
INFO: [ template_filter ] --START--
INFO: Run Behavior\ContentReplaceBehavior [ RunTime:0.000084s ]
INFO: [ template_filter ] --END-- [ RunTime:0.000200s ]
INFO: Run Behavior\ParseTemplateBehavior [ RunTime:0.028420s ]
INFO: [ view_parse ] --END-- [ RunTime:0.028569s ]
INFO: [ view_filter ] --START--
INFO: Run Behavior\WriteHtmlCacheBehavior [ RunTime:0.000232s ]
INFO: [ view_filter ] --END-- [ RunTime:0.000332s ]
NOTIC: [2] Cannot modify header information - headers already sent by (output started at /www/Gits/dianqiu/project/ThinkPHP/Common/functions.php:850) /www/Gits/dianqiu/project/ThinkPHP/Library/Think/View.class.php 第 91 行.
NOTIC: [2] Cannot modify header information - headers already sent by (output started at /www/Gits/dianqiu/project/ThinkPHP/Common/functions.php:850) /www/Gits/dianqiu/project/ThinkPHP/Library/Think/View.class.php 第 92 行.
NOTIC: [2] Cannot modify header information - headers already sent by (output started at /www/Gits/dianqiu/project/ThinkPHP/Common/functions.php:850) /www/Gits/dianqiu/project/ThinkPHP/Library/Think/View.class.php 第 93 行.
INFO: [ app_end ] --START--
INFO: Run Behavior\ShowPageTraceBehavior [ RunTime:0.000604s ]
INFO: [ app_end ] --END-- [ RunTime:0.000723s ]

[ 2018-04-09T18:25:53+08:00 ] ::1 /index.php/Admin/Setmeal/index
INFO: [ app_init ] --START--
INFO: Run Behavior\BuildLiteBehavior [ RunTime:0.000031s ]
INFO: [ app_init ] --END-- [ RunTime:0.000498s ]
INFO: [ app_begin ] --START--
INFO: Run Behavior\ReadHtmlCacheBehavior [ RunTime:0.000648s ]
INFO: [ app_begin ] --END-- [ RunTime:0.000799s ]
NOTIC: [2048] Declaration of Admin\Model\AdminMenuModel::getTreeData() should be compatible with Admin\Model\BaseModel::getTreeData($type = 'tree', $order = '', $name = 'name', $child = 'id', $parent = 'pid') /www/Gits/dianqiu/project/Application/Admin/Model/AdminMenuModel.class.php 第 7 行.
SQL: SHOW COLUMNS FROM `pub_admin_menu` [ RunTime:0.0409s ]
SQL: SELECT * FROM `pub_admin_menu` ORDER BY order_number is null,order_number,id  [ RunTime:0.0415s ]
SQL: SHOW COLUMNS FROM `pub_auth_group_access` [ RunTime:0.0406s ]
SQL: SELECT `uid`,`group_id`,`title`,`rules` FROM pub_auth_group_access a INNER JOIN pub_auth_group g on a.group_id=g.id  WHERE ( a.uid='1' and g.status='1' )  [ RunTime:0.0408s ]
SQL: SHOW COLUMNS FROM `pub_auth_rule` [ RunTime:0.0404s ]
SQL: SELECT `condition`,`name` FROM `pub_auth_rule` WHERE `id` IN ('1','2','38','3','4','5','6','7','8','9','10','11','12','13','15','16','42','18','19','20','21','22','23','24','25','27','28','29','30','31','32','33','34','35','36','37','39','40','41','47','48') AND `type` = 1 AND `status` = 1  [ RunTime:0.0404s ]
SQL: SHOW COLUMNS FROM `pub_setmeal` [ RunTime:0.0408s ]
SQL: SELECT COUNT(*) AS tp_count FROM `pub_setmeal` INNER JOIN pub_device_type ON pub_setmeal.tid = pub_device_type.id  LIMIT 1   [ RunTime:0.0409s ]
SQL: SHOW COLUMNS FROM `pub_devices` [ RunTime:0.0407s ]
SQL: SELECT pub_setmeal.*,pub_device_type.typename FROM `pub_setmeal` INNER JOIN pub_device_type ON pub_setmeal.tid = pub_device_type.id  ORDER BY pub_setmeal.addtime desc LIMIT 0,8   [ RunTime:0.0407s ]
INFO: [ view_parse ] --START--
INFO: [ template_filter ] --START--
INFO: Run Behavior\ContentReplaceBehavior [ RunTime:0.000097s ]
INFO: [ template_filter ] --END-- [ RunTime:0.000211s ]
INFO: Run Behavior\ParseTemplateBehavior [ RunTime:0.025667s ]
INFO: [ view_parse ] --END-- [ RunTime:0.025797s ]
INFO: [ view_filter ] --START--
INFO: Run Behavior\WriteHtmlCacheBehavior [ RunTime:0.000196s ]
INFO: [ view_filter ] --END-- [ RunTime:0.000287s ]
NOTIC: [2] Cannot modify header information - headers already sent by (output started at /www/Gits/dianqiu/project/ThinkPHP/Common/functions.php:850) /www/Gits/dianqiu/project/ThinkPHP/Library/Think/View.class.php 第 91 行.
NOTIC: [2] Cannot modify header information - headers already sent by (output started at /www/Gits/dianqiu/project/ThinkPHP/Common/functions.php:850) /www/Gits/dianqiu/project/ThinkPHP/Library/Think/View.class.php 第 92 行.
NOTIC: [2] Cannot modify header information - headers already sent by (output started at /www/Gits/dianqiu/project/ThinkPHP/Common/functions.php:850) /www/Gits/dianqiu/project/ThinkPHP/Library/Think/View.class.php 第 93 行.
INFO: [ app_end ] --START--
INFO: Run Behavior\ShowPageTraceBehavior [ RunTime:0.000696s ]
INFO: [ app_end ] --END-- [ RunTime:0.000843s ]

[ 2018-04-09T18:26:32+08:00 ] ::1 /index.php/Admin/Setmeal/index
INFO: [ app_init ] --START--
INFO: Run Behavior\BuildLiteBehavior [ RunTime:0.000028s ]
INFO: [ app_init ] --END-- [ RunTime:0.000466s ]
INFO: [ app_begin ] --START--
INFO: Run Behavior\ReadHtmlCacheBehavior [ RunTime:0.000694s ]
INFO: [ app_begin ] --END-- [ RunTime:0.006879s ]
NOTIC: [2048] Declaration of Admin\Model\AdminMenuModel::getTreeData() should be compatible with Admin\Model\BaseModel::getTreeData($type = 'tree', $order = '', $name = 'name', $child = 'id', $parent = 'pid') /www/Gits/dianqiu/project/Application/Admin/Model/AdminMenuModel.class.php 第 7 行.
SQL: SHOW COLUMNS FROM `pub_admin_menu` [ RunTime:0.0407s ]
SQL: SELECT * FROM `pub_admin_menu` ORDER BY order_number is null,order_number,id  [ RunTime:0.0408s ]
SQL: SHOW COLUMNS FROM `pub_auth_group_access` [ RunTime:0.0408s ]
SQL: SELECT `uid`,`group_id`,`title`,`rules` FROM pub_auth_group_access a INNER JOIN pub_auth_group g on a.group_id=g.id  WHERE ( a.uid='1' and g.status='1' )  [ RunTime:0.0404s ]
SQL: SHOW COLUMNS FROM `pub_auth_rule` [ RunTime:0.0406s ]
SQL: SELECT `condition`,`name` FROM `pub_auth_rule` WHERE `id` IN ('1','2','38','3','4','5','6','7','8','9','10','11','12','13','15','16','42','18','19','20','21','22','23','24','25','27','28','29','30','31','32','33','34','35','36','37','39','40','41','47','48') AND `type` = 1 AND `status` = 1  [ RunTime:0.0408s ]
SQL: SHOW COLUMNS FROM `pub_setmeal` [ RunTime:0.0403s ]
SQL: SELECT COUNT(*) AS tp_count FROM `pub_setmeal` INNER JOIN pub_device_type ON pub_setmeal.tid = pub_device_type.id  WHERE ( pub_setmeal.addtime <= 1523203200 AND pub_setmeal.addtime >= 1522684800  ) LIMIT 1   [ RunTime:0.0402s ]
SQL: SHOW COLUMNS FROM `pub_devices` [ RunTime:0.0412s ]
SQL: SELECT pub_setmeal.*,pub_device_type.typename FROM `pub_setmeal` INNER JOIN pub_device_type ON pub_setmeal.tid = pub_device_type.id  WHERE ( pub_setmeal.addtime <= 1523203200 AND pub_setmeal.addtime >= 1522684800  ) ORDER BY pub_setmeal.addtime desc LIMIT 0,8   [ RunTime:0.0403s ]
INFO: [ view_parse ] --START--
INFO: [ template_filter ] --START--
INFO: Run Behavior\ContentReplaceBehavior [ RunTime:0.000080s ]
INFO: [ template_filter ] --END-- [ RunTime:0.000204s ]
INFO: Run Behavior\ParseTemplateBehavior [ RunTime:0.024923s ]
INFO: [ view_parse ] --END-- [ RunTime:0.025071s ]
INFO: [ view_filter ] --START--
INFO: Run Behavior\WriteHtmlCacheBehavior [ RunTime:0.000183s ]
INFO: [ view_filter ] --END-- [ RunTime:0.000267s ]
NOTIC: [2] Cannot modify header information - headers already sent by (output started at /www/Gits/dianqiu/project/ThinkPHP/Common/functions.php:850) /www/Gits/dianqiu/project/ThinkPHP/Library/Think/View.class.php 第 91 行.
NOTIC: [2] Cannot modify header information - headers already sent by (output started at /www/Gits/dianqiu/project/ThinkPHP/Common/functions.php:850) /www/Gits/dianqiu/project/ThinkPHP/Library/Think/View.class.php 第 92 行.
NOTIC: [2] Cannot modify header information - headers already sent by (output started at /www/Gits/dianqiu/project/ThinkPHP/Common/functions.php:850) /www/Gits/dianqiu/project/ThinkPHP/Library/Think/View.class.php 第 93 行.
INFO: [ app_end ] --START--
INFO: Run Behavior\ShowPageTraceBehavior [ RunTime:0.000588s ]
INFO: [ app_end ] --END-- [ RunTime:0.000690s ]

[ 2018-04-09T18:26:37+08:00 ] ::1 /index.php/Admin/Setmeal/index
INFO: [ app_init ] --START--
INFO: Run Behavior\BuildLiteBehavior [ RunTime:0.000026s ]
INFO: [ app_init ] --END-- [ RunTime:0.000432s ]
INFO: [ app_begin ] --START--
INFO: Run Behavior\ReadHtmlCacheBehavior [ RunTime:0.000549s ]
INFO: [ app_begin ] --END-- [ RunTime:0.000666s ]
NOTIC: [2048] Declaration of Admin\Model\AdminMenuModel::getTreeData() should be compatible with Admin\Model\BaseModel::getTreeData($type = 'tree', $order = '', $name = 'name', $child = 'id', $parent = 'pid') /www/Gits/dianqiu/project/Application/Admin/Model/AdminMenuModel.class.php 第 7 行.
SQL: SHOW COLUMNS FROM `pub_admin_menu` [ RunTime:0.0388s ]
SQL: SELECT * FROM `pub_admin_menu` ORDER BY order_number is null,order_number,id  [ RunTime:0.0393s ]
SQL: SHOW COLUMNS FROM `pub_auth_group_access` [ RunTime:0.0386s ]
SQL: SELECT `uid`,`group_id`,`title`,`rules` FROM pub_auth_group_access a INNER JOIN pub_auth_group g on a.group_id=g.id  WHERE ( a.uid='1' and g.status='1' )  [ RunTime:0.0388s ]
SQL: SHOW COLUMNS FROM `pub_auth_rule` [ RunTime:0.0386s ]
SQL: SELECT `condition`,`name` FROM `pub_auth_rule` WHERE `id` IN ('1','2','38','3','4','5','6','7','8','9','10','11','12','13','15','16','42','18','19','20','21','22','23','24','25','27','28','29','30','31','32','33','34','35','36','37','39','40','41','47','48') AND `type` = 1 AND `status` = 1  [ RunTime:0.0389s ]
SQL: SHOW COLUMNS FROM `pub_setmeal` [ RunTime:0.0388s ]
SQL: SELECT COUNT(*) AS tp_count FROM `pub_setmeal` INNER JOIN pub_device_type ON pub_setmeal.tid = pub_device_type.id  WHERE ( pub_setmeal.addtime <= 1523203200 AND pub_setmeal.addtime >= 1522512000  ) LIMIT 1   [ RunTime:0.0384s ]
SQL: SHOW COLUMNS FROM `pub_devices` [ RunTime:0.0399s ]
SQL: SELECT pub_setmeal.*,pub_device_type.typename FROM `pub_setmeal` INNER JOIN pub_device_type ON pub_setmeal.tid = pub_device_type.id  WHERE ( pub_setmeal.addtime <= 1523203200 AND pub_setmeal.addtime >= 1522512000  ) ORDER BY pub_setmeal.addtime desc LIMIT 0,8   [ RunTime:0.0387s ]
INFO: [ view_parse ] --START--
INFO: [ template_filter ] --START--
INFO: Run Behavior\ContentReplaceBehavior [ RunTime:0.000083s ]
INFO: [ template_filter ] --END-- [ RunTime:0.000197s ]
INFO: Run Behavior\ParseTemplateBehavior [ RunTime:0.027047s ]
INFO: [ view_parse ] --END-- [ RunTime:0.027197s ]
INFO: [ view_filter ] --START--
INFO: Run Behavior\WriteHtmlCacheBehavior [ RunTime:0.000250s ]
INFO: [ view_filter ] --END-- [ RunTime:0.000343s ]
NOTIC: [2] Cannot modify header information - headers already sent by (output started at /www/Gits/dianqiu/project/ThinkPHP/Common/functions.php:850) /www/Gits/dianqiu/project/ThinkPHP/Library/Think/View.class.php 第 91 行.
NOTIC: [2] Cannot modify header information - headers already sent by (output started at /www/Gits/dianqiu/project/ThinkPHP/Common/functions.php:850) /www/Gits/dianqiu/project/ThinkPHP/Library/Think/View.class.php 第 92 行.
NOTIC: [2] Cannot modify header information - headers already sent by (output started at /www/Gits/dianqiu/project/ThinkPHP/Common/functions.php:850) /www/Gits/dianqiu/project/ThinkPHP/Library/Think/View.class.php 第 93 行.
INFO: [ app_end ] --START--
INFO: Run Behavior\ShowPageTraceBehavior [ RunTime:0.000537s ]
INFO: [ app_end ] --END-- [ RunTime:0.000645s ]

[ 2018-04-09T18:26:49+08:00 ] ::1 /index.php/Admin/Setmeal/index
INFO: [ app_init ] --START--
INFO: Run Behavior\BuildLiteBehavior [ RunTime:0.000027s ]
INFO: [ app_init ] --END-- [ RunTime:0.000448s ]
INFO: [ app_begin ] --START--
INFO: Run Behavior\ReadHtmlCacheBehavior [ RunTime:0.000480s ]
INFO: [ app_begin ] --END-- [ RunTime:0.000604s ]
NOTIC: [2048] Declaration of Admin\Model\AdminMenuModel::getTreeData() should be compatible with Admin\Model\BaseModel::getTreeData($type = 'tree', $order = '', $name = 'name', $child = 'id', $parent = 'pid') /www/Gits/dianqiu/project/Application/Admin/Model/AdminMenuModel.class.php 第 7 行.
SQL: SHOW COLUMNS FROM `pub_admin_menu` [ RunTime:0.0409s ]
SQL: SELECT * FROM `pub_admin_menu` ORDER BY order_number is null,order_number,id  [ RunTime:0.0409s ]
SQL: SHOW COLUMNS FROM `pub_auth_group_access` [ RunTime:0.0404s ]
SQL: SELECT `uid`,`group_id`,`title`,`rules` FROM pub_auth_group_access a INNER JOIN pub_auth_group g on a.group_id=g.id  WHERE ( a.uid='1' and g.status='1' )  [ RunTime:0.0404s ]
SQL: SHOW COLUMNS FROM `pub_auth_rule` [ RunTime:0.0406s ]
SQL: SELECT `condition`,`name` FROM `pub_auth_rule` WHERE `id` IN ('1','2','38','3','4','5','6','7','8','9','10','11','12','13','15','16','42','18','19','20','21','22','23','24','25','27','28','29','30','31','32','33','34','35','36','37','39','40','41','47','48') AND `type` = 1 AND `status` = 1  [ RunTime:0.0407s ]
SQL: SHOW COLUMNS FROM `pub_setmeal` [ RunTime:0.0406s ]
SQL: SELECT COUNT(*) AS tp_count FROM `pub_setmeal` INNER JOIN pub_device_type ON pub_setmeal.tid = pub_device_type.id  WHERE ( pub_setmeal.addtime <= 1525017600 AND pub_setmeal.addtime >= 1522512000  ) LIMIT 1   [ RunTime:0.0405s ]
SQL: SHOW COLUMNS FROM `pub_devices` [ RunTime:0.0405s ]
SQL: SELECT pub_setmeal.*,pub_device_type.typename FROM `pub_setmeal` INNER JOIN pub_device_type ON pub_setmeal.tid = pub_device_type.id  WHERE ( pub_setmeal.addtime <= 1525017600 AND pub_setmeal.addtime >= 1522512000  ) ORDER BY pub_setmeal.addtime desc LIMIT 0,8   [ RunTime:0.0408s ]
INFO: [ view_parse ] --START--
INFO: [ template_filter ] --START--
INFO: Run Behavior\ContentReplaceBehavior [ RunTime:0.000086s ]
INFO: [ template_filter ] --END-- [ RunTime:0.000197s ]
INFO: Run Behavior\ParseTemplateBehavior [ RunTime:0.027157s ]
INFO: [ view_parse ] --END-- [ RunTime:0.027310s ]
INFO: [ view_filter ] --START--
INFO: Run Behavior\WriteHtmlCacheBehavior [ RunTime:0.000182s ]
INFO: [ view_filter ] --END-- [ RunTime:0.000270s ]
NOTIC: [2] Cannot modify header information - headers already sent by (output started at /www/Gits/dianqiu/project/ThinkPHP/Common/functions.php:850) /www/Gits/dianqiu/project/ThinkPHP/Library/Think/View.class.php 第 91 行.
NOTIC: [2] Cannot modify header information - headers already sent by (output started at /www/Gits/dianqiu/project/ThinkPHP/Common/functions.php:850) /www/Gits/dianqiu/project/ThinkPHP/Library/Think/View.class.php 第 92 行.
NOTIC: [2] Cannot modify header information - headers already sent by (output started at /www/Gits/dianqiu/project/ThinkPHP/Common/functions.php:850) /www/Gits/dianqiu/project/ThinkPHP/Library/Think/View.class.php 第 93 行.
INFO: [ app_end ] --START--
INFO: Run Behavior\ShowPageTraceBehavior [ RunTime:0.000665s ]
INFO: [ app_end ] --END-- [ RunTime:0.000881s ]

[ 2018-04-09T18:26:55+08:00 ] ::1 /index.php/Admin/Setmeal/index
INFO: [ app_init ] --START--
INFO: Run Behavior\BuildLiteBehavior [ RunTime:0.000025s ]
INFO: [ app_init ] --END-- [ RunTime:0.000410s ]
INFO: [ app_begin ] --START--
INFO: Run Behavior\ReadHtmlCacheBehavior [ RunTime:0.000470s ]
INFO: [ app_begin ] --END-- [ RunTime:0.000580s ]
NOTIC: [2048] Declaration of Admin\Model\AdminMenuModel::getTreeData() should be compatible with Admin\Model\BaseModel::getTreeData($type = 'tree', $order = '', $name = 'name', $child = 'id', $parent = 'pid') /www/Gits/dianqiu/project/Application/Admin/Model/AdminMenuModel.class.php 第 7 行.
SQL: SHOW COLUMNS FROM `pub_admin_menu` [ RunTime:0.0407s ]
SQL: SELECT * FROM `pub_admin_menu` ORDER BY order_number is null,order_number,id  [ RunTime:0.0409s ]
SQL: SHOW COLUMNS FROM `pub_auth_group_access` [ RunTime:0.0405s ]
SQL: SELECT `uid`,`group_id`,`title`,`rules` FROM pub_auth_group_access a INNER JOIN pub_auth_group g on a.group_id=g.id  WHERE ( a.uid='1' and g.status='1' )  [ RunTime:0.0406s ]
SQL: SHOW COLUMNS FROM `pub_auth_rule` [ RunTime:0.0408s ]
SQL: SELECT `condition`,`name` FROM `pub_auth_rule` WHERE `id` IN ('1','2','38','3','4','5','6','7','8','9','10','11','12','13','15','16','42','18','19','20','21','22','23','24','25','27','28','29','30','31','32','33','34','35','36','37','39','40','41','47','48') AND `type` = 1 AND `status` = 1  [ RunTime:0.0413s ]
SQL: SHOW COLUMNS FROM `pub_setmeal` [ RunTime:0.0407s ]
SQL: SELECT COUNT(*) AS tp_count FROM `pub_setmeal` INNER JOIN pub_device_type ON pub_setmeal.tid = pub_device_type.id  WHERE ( pub_setmeal.addtime <= 1525017600 AND pub_setmeal.addtime >= 1522252800  ) LIMIT 1   [ RunTime:0.0405s ]
SQL: SHOW COLUMNS FROM `pub_devices` [ RunTime:0.0406s ]
SQL: SELECT pub_setmeal.*,pub_device_type.typename FROM `pub_setmeal` INNER JOIN pub_device_type ON pub_setmeal.tid = pub_device_type.id  WHERE ( pub_setmeal.addtime <= 1525017600 AND pub_setmeal.addtime >= 1522252800  ) ORDER BY pub_setmeal.addtime desc LIMIT 0,8   [ RunTime:0.0405s ]
INFO: [ view_parse ] --START--
INFO: [ template_filter ] --START--
INFO: Run Behavior\ContentReplaceBehavior [ RunTime:0.000113s ]
INFO: [ template_filter ] --END-- [ RunTime:0.000235s ]
INFO: Run Behavior\ParseTemplateBehavior [ RunTime:0.031312s ]
INFO: [ view_parse ] --END-- [ RunTime:0.031508s ]
INFO: [ view_filter ] --START--
INFO: Run Behavior\WriteHtmlCacheBehavior [ RunTime:0.000228s ]
INFO: [ view_filter ] --END-- [ RunTime:0.000323s ]
NOTIC: [2] Cannot modify header information - headers already sent by (output started at /www/Gits/dianqiu/project/ThinkPHP/Common/functions.php:850) /www/Gits/dianqiu/project/ThinkPHP/Library/Think/View.class.php 第 91 行.
NOTIC: [2] Cannot modify header information - headers already sent by (output started at /www/Gits/dianqiu/project/ThinkPHP/Common/functions.php:850) /www/Gits/dianqiu/project/ThinkPHP/Library/Think/View.class.php 第 92 行.
NOTIC: [2] Cannot modify header information - headers already sent by (output started at /www/Gits/dianqiu/project/ThinkPHP/Common/functions.php:850) /www/Gits/dianqiu/project/ThinkPHP/Library/Think/View.class.php 第 93 行.
INFO: [ app_end ] --START--
INFO: Run Behavior\ShowPageTraceBehavior [ RunTime:0.000578s ]
INFO: [ app_end ] --END-- [ RunTime:0.000727s ]

[ 2018-04-09T18:27:13+08:00 ] ::1 /index.php/Admin/Setmeal/index
INFO: [ app_init ] --START--
INFO: Run Behavior\BuildLiteBehavior [ RunTime:0.000027s ]
INFO: [ app_init ] --END-- [ RunTime:0.000413s ]
INFO: [ app_begin ] --START--
INFO: Run Behavior\ReadHtmlCacheBehavior [ RunTime:0.000461s ]
INFO: [ app_begin ] --END-- [ RunTime:0.000567s ]
NOTIC: [2048] Declaration of Admin\Model\AdminMenuModel::getTreeData() should be compatible with Admin\Model\BaseModel::getTreeData($type = 'tree', $order = '', $name = 'name', $child = 'id', $parent = 'pid') /www/Gits/dianqiu/project/Application/Admin/Model/AdminMenuModel.class.php 第 7 行.
SQL: SHOW COLUMNS FROM `pub_admin_menu` [ RunTime:0.0414s ]
SQL: SELECT * FROM `pub_admin_menu` ORDER BY order_number is null,order_number,id  [ RunTime:0.0409s ]
SQL: SHOW COLUMNS FROM `pub_auth_group_access` [ RunTime:0.0410s ]
SQL: SELECT `uid`,`group_id`,`title`,`rules` FROM pub_auth_group_access a INNER JOIN pub_auth_group g on a.group_id=g.id  WHERE ( a.uid='1' and g.status='1' )  [ RunTime:0.0405s ]
SQL: SHOW COLUMNS FROM `pub_auth_rule` [ RunTime:0.0407s ]
SQL: SELECT `condition`,`name` FROM `pub_auth_rule` WHERE `id` IN ('1','2','38','3','4','5','6','7','8','9','10','11','12','13','15','16','42','18','19','20','21','22','23','24','25','27','28','29','30','31','32','33','34','35','36','37','39','40','41','47','48') AND `type` = 1 AND `status` = 1  [ RunTime:0.0407s ]
SQL: SHOW COLUMNS FROM `pub_setmeal` [ RunTime:0.0407s ]
SQL: SELECT COUNT(*) AS tp_count FROM `pub_setmeal` INNER JOIN pub_device_type ON pub_setmeal.tid = pub_device_type.id  WHERE ( pub_setmeal.addtime <= 1525017600 AND pub_setmeal.addtime >= 1522252800  ) LIMIT 1   [ RunTime:0.0402s ]
SQL: SHOW COLUMNS FROM `pub_devices` [ RunTime:0.0408s ]
SQL: SELECT pub_setmeal.*,pub_device_type.typename FROM `pub_setmeal` INNER JOIN pub_device_type ON pub_setmeal.tid = pub_device_type.id  WHERE ( pub_setmeal.addtime <= 1525017600 AND pub_setmeal.addtime >= 1522252800  ) ORDER BY pub_setmeal.addtime desc LIMIT 0,8   [ RunTime:0.0408s ]
INFO: [ view_parse ] --START--
INFO: [ template_filter ] --START--
INFO: Run Behavior\ContentReplaceBehavior [ RunTime:0.000106s ]
INFO: [ template_filter ] --END-- [ RunTime:0.000220s ]
INFO: Run Behavior\ParseTemplateBehavior [ RunTime:0.029236s ]
INFO: [ view_parse ] --END-- [ RunTime:0.029380s ]
INFO: [ view_filter ] --START--
INFO: Run Behavior\WriteHtmlCacheBehavior [ RunTime:0.000256s ]
INFO: [ view_filter ] --END-- [ RunTime:0.000355s ]
INFO: [ app_end ] --START--
INFO: Run Behavior\ShowPageTraceBehavior [ RunTime:0.000712s ]
INFO: [ app_end ] --END-- [ RunTime:0.000854s ]

