[ 2018-03-27T10:45:15+08:00 ] ::1 /admin
INFO: [ app_init ] --START--
INFO: Run Behavior\BuildLiteBehavior [ RunTime:0.000064s ]
INFO: [ app_init ] --END-- [ RunTime:0.000984s ]
INFO: [ app_begin ] --START--
INFO: Run Behavior\ReadHtmlCacheBehavior [ RunTime:0.000526s ]
INFO: [ app_begin ] --END-- [ RunTime:0.000582s ]

[ 2018-03-27T10:45:15+08:00 ] ::1 /index.php/Admin/Login/login.html
INFO: [ app_init ] --START--
INFO: Run Behavior\BuildLiteBehavior [ RunTime:0.000021s ]
INFO: [ app_init ] --END-- [ RunTime:0.000122s ]
INFO: [ app_begin ] --START--
INFO: Run Behavior\ReadHtmlCacheBehavior [ RunTime:0.000520s ]
INFO: [ app_begin ] --END-- [ RunTime:0.000588s ]
INFO: [ view_parse ] --START--
INFO: [ template_filter ] --START--
INFO: Run Behavior\ContentReplaceBehavior [ RunTime:0.000100s ]
INFO: [ template_filter ] --END-- [ RunTime:0.000158s ]
INFO: Run Behavior\ParseTemplateBehavior [ RunTime:0.011897s ]
INFO: [ view_parse ] --END-- [ RunTime:0.011972s ]
INFO: [ view_filter ] --START--
INFO: Run Behavior\WriteHtmlCacheBehavior [ RunTime:0.000193s ]
INFO: [ view_filter ] --END-- [ RunTime:0.000245s ]
INFO: [ app_end ] --START--
INFO: Run Behavior\ShowPageTraceBehavior [ RunTime:0.000500s ]
INFO: [ app_end ] --END-- [ RunTime:0.000548s ]

[ 2018-03-27T10:45:16+08:00 ] ::1 /index.php/Admin/Login/yzm
INFO: [ app_init ] --START--
INFO: Run Behavior\BuildLiteBehavior [ RunTime:0.000024s ]
INFO: [ app_init ] --END-- [ RunTime:0.000196s ]
INFO: [ app_begin ] --START--
INFO: Run Behavior\ReadHtmlCacheBehavior [ RunTime:0.000619s ]
INFO: [ app_begin ] --END-- [ RunTime:0.000679s ]
INFO: [ app_end ] --START--
INFO: Run Behavior\ShowPageTraceBehavior [ RunTime:0.000778s ]
INFO: [ app_end ] --END-- [ RunTime:0.000872s ]

[ 2018-03-27T10:45:24+08:00 ] ::1 /index.php/Admin/Login/login.html
INFO: [ app_init ] --START--
INFO: Run Behavior\BuildLiteBehavior [ RunTime:0.000013s ]
INFO: [ app_init ] --END-- [ RunTime:0.000070s ]
INFO: [ app_begin ] --START--
INFO: Run Behavior\ReadHtmlCacheBehavior [ RunTime:0.000442s ]
INFO: [ app_begin ] --END-- [ RunTime:0.000497s ]
ERR: 无法加载数据库驱动: Think\Db\Driver\

[ 2018-03-27T10:46:34+08:00 ] ::1 /index.php/Admin/Login/login.html
INFO: [ app_init ] --START--
INFO: Run Behavior\BuildLiteBehavior [ RunTime:0.000015s ]
INFO: [ app_init ] --END-- [ RunTime:0.000351s ]
INFO: [ app_begin ] --START--
INFO: Run Behavior\ReadHtmlCacheBehavior [ RunTime:0.000447s ]
INFO: [ app_begin ] --END-- [ RunTime:0.000499s ]
INFO: [ view_parse ] --START--
INFO: [ template_filter ] --START--
INFO: Run Behavior\ContentReplaceBehavior [ RunTime:0.000037s ]
INFO: [ template_filter ] --END-- [ RunTime:0.000093s ]
INFO: Run Behavior\ParseTemplateBehavior [ RunTime:0.005592s ]
INFO: [ view_parse ] --END-- [ RunTime:0.005645s ]
INFO: [ view_filter ] --START--
INFO: Run Behavior\WriteHtmlCacheBehavior [ RunTime:0.000133s ]
INFO: [ view_filter ] --END-- [ RunTime:0.000171s ]

[ 2018-03-27T10:46:36+08:00 ] ::1 /index.php/Admin/Login/login.html
INFO: [ app_init ] --START--
INFO: Run Behavior\BuildLiteBehavior [ RunTime:0.000017s ]
INFO: [ app_init ] --END-- [ RunTime:0.000331s ]
INFO: [ app_begin ] --START--
INFO: Run Behavior\ReadHtmlCacheBehavior [ RunTime:0.000411s ]
INFO: [ app_begin ] --END-- [ RunTime:0.000461s ]
INFO: [ view_parse ] --START--
INFO: [ template_filter ] --START--
INFO: Run Behavior\ContentReplaceBehavior [ RunTime:0.000081s ]
INFO: [ template_filter ] --END-- [ RunTime:0.000140s ]
INFO: Run Behavior\ParseTemplateBehavior [ RunTime:0.009613s ]
INFO: [ view_parse ] --END-- [ RunTime:0.009661s ]
INFO: [ view_filter ] --START--
INFO: Run Behavior\WriteHtmlCacheBehavior [ RunTime:0.000146s ]
INFO: [ view_filter ] --END-- [ RunTime:0.000184s ]
INFO: [ app_end ] --START--
INFO: Run Behavior\ShowPageTraceBehavior [ RunTime:0.000421s ]
INFO: [ app_end ] --END-- [ RunTime:0.000464s ]

[ 2018-03-27T10:46:38+08:00 ] ::1 /index.php/Admin/Login/yzm?id=0.24357733385828761
INFO: [ app_init ] --START--
INFO: Run Behavior\BuildLiteBehavior [ RunTime:0.000013s ]
INFO: [ app_init ] --END-- [ RunTime:0.000320s ]
INFO: [ app_begin ] --START--
INFO: Run Behavior\ReadHtmlCacheBehavior [ RunTime:0.000600s ]
INFO: [ app_begin ] --END-- [ RunTime:0.000667s ]
INFO: [ app_end ] --START--
INFO: Run Behavior\ShowPageTraceBehavior [ RunTime:0.000699s ]
INFO: [ app_end ] --END-- [ RunTime:0.000789s ]

[ 2018-03-27T10:46:44+08:00 ] ::1 /index.php/Admin/Login/login.html
INFO: [ app_init ] --START--
INFO: Run Behavior\BuildLiteBehavior [ RunTime:0.000013s ]
INFO: [ app_init ] --END-- [ RunTime:0.000318s ]
INFO: [ app_begin ] --START--
INFO: Run Behavior\ReadHtmlCacheBehavior [ RunTime:0.000404s ]
INFO: [ app_begin ] --END-- [ RunTime:0.000454s ]
SQL: SHOW COLUMNS FROM `pub_vendors` [ RunTime:0.0074s ]
SQL: SELECT * FROM `pub_vendors` WHERE ( user='admin' ) LIMIT 1   [ RunTime:0.0007s ]

[ 2018-03-27T10:46:44+08:00 ] ::1 /index.php/Admin/Index/index.html
INFO: [ app_init ] --START--
INFO: Run Behavior\BuildLiteBehavior [ RunTime:0.000011s ]
INFO: [ app_init ] --END-- [ RunTime:0.000270s ]
INFO: [ app_begin ] --START--
INFO: Run Behavior\ReadHtmlCacheBehavior [ RunTime:0.000353s ]
INFO: [ app_begin ] --END-- [ RunTime:0.000396s ]
NOTIC: [2048] Declaration of Admin\Model\AdminMenuModel::getTreeData() should be compatible with Admin\Model\BaseModel::getTreeData($type = 'tree', $order = '', $name = 'name', $child = 'id', $parent = 'pid') /www/Gits/dianqiu/project/Application/Admin/Model/AdminMenuModel.class.php 第 7 行.
SQL: SHOW COLUMNS FROM `pub_admin_menu` [ RunTime:0.0020s ]
SQL: SELECT * FROM `pub_admin_menu` ORDER BY order_number is null,order_number,id  [ RunTime:0.0005s ]
SQL: SHOW COLUMNS FROM `pub_auth_group_access` [ RunTime:0.0017s ]
SQL: SELECT `uid`,`group_id`,`title`,`rules` FROM pub_auth_group_access a INNER JOIN pub_auth_group g on a.group_id=g.id  WHERE ( a.uid='1' and g.status='1' )  [ RunTime:0.0005s ]
SQL: SHOW COLUMNS FROM `pub_auth_rule` [ RunTime:0.0017s ]
SQL: SELECT `condition`,`name` FROM `pub_auth_rule` WHERE `id` IN ('1','2','38','3','4','5','6','7','8','9','10','11','12','13','15','16','42','18','19','20','21','22','23','24','25','27','28','29','30','31','32','33','34','35','36','37','39','40','41') AND `type` = 1 AND `status` = 1  [ RunTime:0.0005s ]
INFO: [ view_parse ] --START--
INFO: [ template_filter ] --START--
INFO: Run Behavior\ContentReplaceBehavior [ RunTime:0.000056s ]
INFO: [ template_filter ] --END-- [ RunTime:0.000107s ]
INFO: Run Behavior\ParseTemplateBehavior [ RunTime:0.020492s ]
INFO: [ view_parse ] --END-- [ RunTime:0.020564s ]
INFO: [ view_filter ] --START--
INFO: Run Behavior\WriteHtmlCacheBehavior [ RunTime:0.000207s ]
INFO: [ view_filter ] --END-- [ RunTime:0.000260s ]
INFO: [ app_end ] --START--
INFO: Run Behavior\ShowPageTraceBehavior [ RunTime:0.000639s ]
INFO: [ app_end ] --END-- [ RunTime:0.000712s ]

[ 2018-03-27T10:46:45+08:00 ] ::1 /index.php/Admin/Index/index.html
INFO: [ app_init ] --START--
INFO: Run Behavior\BuildLiteBehavior [ RunTime:0.000012s ]
INFO: [ app_init ] --END-- [ RunTime:0.000333s ]
INFO: [ app_begin ] --START--
INFO: Run Behavior\ReadHtmlCacheBehavior [ RunTime:0.000501s ]
INFO: [ app_begin ] --END-- [ RunTime:0.000582s ]
NOTIC: [2048] Declaration of Admin\Model\AdminMenuModel::getTreeData() should be compatible with Admin\Model\BaseModel::getTreeData($type = 'tree', $order = '', $name = 'name', $child = 'id', $parent = 'pid') /www/Gits/dianqiu/project/Application/Admin/Model/AdminMenuModel.class.php 第 7 行.
SQL: SHOW COLUMNS FROM `pub_admin_menu` [ RunTime:0.0017s ]
SQL: SELECT * FROM `pub_admin_menu` ORDER BY order_number is null,order_number,id  [ RunTime:0.0002s ]
SQL: SHOW COLUMNS FROM `pub_auth_group_access` [ RunTime:0.0015s ]
SQL: SELECT `uid`,`group_id`,`title`,`rules` FROM pub_auth_group_access a INNER JOIN pub_auth_group g on a.group_id=g.id  WHERE ( a.uid='1' and g.status='1' )  [ RunTime:0.0001s ]
SQL: SHOW COLUMNS FROM `pub_auth_rule` [ RunTime:0.0016s ]
SQL: SELECT `condition`,`name` FROM `pub_auth_rule` WHERE `id` IN ('1','2','38','3','4','5','6','7','8','9','10','11','12','13','15','16','42','18','19','20','21','22','23','24','25','27','28','29','30','31','32','33','34','35','36','37','39','40','41') AND `type` = 1 AND `status` = 1  [ RunTime:0.0002s ]
SQL: SHOW COLUMNS FROM `pub_flow` [ RunTime:0.0017s ]
SQL: SELECT * FROM `pub_flow` WHERE ( `addtime` > 1519833600 AND `addtime` < 1522512000  ) AND ( `status` = '1' )  [ RunTime:0.0010s ]
NOTIC: [8] Undefined offset: 6 /www/Gits/dianqiu/project/Application/Admin/Model/FlowModel.class.php 第 54 行.
NOTIC: [8] Undefined index: count /www/Gits/dianqiu/project/Application/Admin/Model/FlowModel.class.php 第 54 行.
NOTIC: [8] Undefined index: money /www/Gits/dianqiu/project/Application/Admin/Model/FlowModel.class.php 第 55 行.
NOTIC: [8] Undefined index: num /www/Gits/dianqiu/project/Application/Admin/Model/FlowModel.class.php 第 56 行.
NOTIC: [8] Undefined index: flow /www/Gits/dianqiu/project/Application/Admin/Model/FlowModel.class.php 第 57 行.
NOTIC: [8] Undefined index: count /www/Gits/dianqiu/project/Application/Admin/Model/FlowModel.class.php 第 54 行.
NOTIC: [8] Undefined index: money /www/Gits/dianqiu/project/Application/Admin/Model/FlowModel.class.php 第 55 行.
NOTIC: [8] Undefined index: num /www/Gits/dianqiu/project/Application/Admin/Model/FlowModel.class.php 第 56 行.
NOTIC: [8] Undefined index: flow /www/Gits/dianqiu/project/Application/Admin/Model/FlowModel.class.php 第 57 行.
NOTIC: [8] Undefined index: count /www/Gits/dianqiu/project/Application/Admin/Model/FlowModel.class.php 第 54 行.
NOTIC: [8] Undefined index: money /www/Gits/dianqiu/project/Application/Admin/Model/FlowModel.class.php 第 55 行.
NOTIC: [8] Undefined index: num /www/Gits/dianqiu/project/Application/Admin/Model/FlowModel.class.php 第 56 行.
NOTIC: [8] Undefined index: flow /www/Gits/dianqiu/project/Application/Admin/Model/FlowModel.class.php 第 57 行.
SQL: SHOW COLUMNS FROM `pub_orders` [ RunTime:0.0023s ]
SQL: SELECT distinct(order_id) FROM `pub_orders` INNER JOIN pub_express_information ON pub_orders.express_id = pub_express_information.id   [ RunTime:0.0008s ]
SQL: SHOW COLUMNS FROM `pub_repair` [ RunTime:0.0019s ]
SQL: SELECT COUNT(*) AS tp_count FROM `pub_repair` LIMIT 1   [ RunTime:0.0004s ]
SQL: SHOW COLUMNS FROM `pub_feeds` [ RunTime:0.0017s ]
SQL: SELECT COUNT(*) AS tp_count FROM `pub_feeds` LIMIT 1   [ RunTime:0.0002s ]

[ 2018-03-27T10:46:45+08:00 ] ::1 /index.php/Admin/Index/index.html
INFO: [ app_init ] --START--
INFO: Run Behavior\BuildLiteBehavior [ RunTime:0.000035s ]
INFO: [ app_init ] --END-- [ RunTime:0.000378s ]
INFO: [ app_begin ] --START--
INFO: Run Behavior\ReadHtmlCacheBehavior [ RunTime:0.000353s ]
INFO: [ app_begin ] --END-- [ RunTime:0.000396s ]
NOTIC: [2048] Declaration of Admin\Model\AdminMenuModel::getTreeData() should be compatible with Admin\Model\BaseModel::getTreeData($type = 'tree', $order = '', $name = 'name', $child = 'id', $parent = 'pid') /www/Gits/dianqiu/project/Application/Admin/Model/AdminMenuModel.class.php 第 7 行.
SQL: SHOW COLUMNS FROM `pub_admin_menu` [ RunTime:0.0020s ]
SQL: SELECT * FROM `pub_admin_menu` ORDER BY order_number is null,order_number,id  [ RunTime:0.0003s ]
SQL: SHOW COLUMNS FROM `pub_auth_group_access` [ RunTime:0.0017s ]
SQL: SELECT `uid`,`group_id`,`title`,`rules` FROM pub_auth_group_access a INNER JOIN pub_auth_group g on a.group_id=g.id  WHERE ( a.uid='1' and g.status='1' )  [ RunTime:0.0002s ]
SQL: SHOW COLUMNS FROM `pub_auth_rule` [ RunTime:0.0016s ]
SQL: SELECT `condition`,`name` FROM `pub_auth_rule` WHERE `id` IN ('1','2','38','3','4','5','6','7','8','9','10','11','12','13','15','16','42','18','19','20','21','22','23','24','25','27','28','29','30','31','32','33','34','35','36','37','39','40','41') AND `type` = 1 AND `status` = 1  [ RunTime:0.0002s ]
SQL: SHOW COLUMNS FROM `pub_flow` [ RunTime:0.0018s ]
SQL: SELECT * FROM `pub_flow` WHERE ( `addtime` > 1519833600 AND `addtime` < 1522512000  ) AND ( `status` = '1' )  [ RunTime:0.0002s ]
NOTIC: [8] Undefined offset: 6 /www/Gits/dianqiu/project/Application/Admin/Model/FlowModel.class.php 第 54 行.
NOTIC: [8] Undefined index: count /www/Gits/dianqiu/project/Application/Admin/Model/FlowModel.class.php 第 54 行.
NOTIC: [8] Undefined index: money /www/Gits/dianqiu/project/Application/Admin/Model/FlowModel.class.php 第 55 行.
NOTIC: [8] Undefined index: num /www/Gits/dianqiu/project/Application/Admin/Model/FlowModel.class.php 第 56 行.
NOTIC: [8] Undefined index: flow /www/Gits/dianqiu/project/Application/Admin/Model/FlowModel.class.php 第 57 行.
NOTIC: [8] Undefined index: count /www/Gits/dianqiu/project/Application/Admin/Model/FlowModel.class.php 第 54 行.
NOTIC: [8] Undefined index: money /www/Gits/dianqiu/project/Application/Admin/Model/FlowModel.class.php 第 55 行.
NOTIC: [8] Undefined index: num /www/Gits/dianqiu/project/Application/Admin/Model/FlowModel.class.php 第 56 行.
NOTIC: [8] Undefined index: flow /www/Gits/dianqiu/project/Application/Admin/Model/FlowModel.class.php 第 57 行.
NOTIC: [8] Undefined index: count /www/Gits/dianqiu/project/Application/Admin/Model/FlowModel.class.php 第 54 行.
NOTIC: [8] Undefined index: money /www/Gits/dianqiu/project/Application/Admin/Model/FlowModel.class.php 第 55 行.
NOTIC: [8] Undefined index: num /www/Gits/dianqiu/project/Application/Admin/Model/FlowModel.class.php 第 56 行.
NOTIC: [8] Undefined index: flow /www/Gits/dianqiu/project/Application/Admin/Model/FlowModel.class.php 第 57 行.
SQL: SHOW COLUMNS FROM `pub_orders` [ RunTime:0.0017s ]
SQL: SELECT distinct(order_id) FROM `pub_orders` INNER JOIN pub_express_information ON pub_orders.express_id = pub_express_information.id   [ RunTime:0.0003s ]
SQL: SHOW COLUMNS FROM `pub_repair` [ RunTime:0.0016s ]
SQL: SELECT COUNT(*) AS tp_count FROM `pub_repair` LIMIT 1   [ RunTime:0.0002s ]
SQL: SHOW COLUMNS FROM `pub_feeds` [ RunTime:0.0014s ]
SQL: SELECT COUNT(*) AS tp_count FROM `pub_feeds` LIMIT 1   [ RunTime:0.0001s ]

[ 2018-03-27T10:46:46+08:00 ] ::1 /index.php/Admin/Index/index.html
INFO: [ app_init ] --START--
INFO: Run Behavior\BuildLiteBehavior [ RunTime:0.000014s ]
INFO: [ app_init ] --END-- [ RunTime:0.000311s ]
INFO: [ app_begin ] --START--
INFO: Run Behavior\ReadHtmlCacheBehavior [ RunTime:0.000379s ]
INFO: [ app_begin ] --END-- [ RunTime:0.000424s ]
NOTIC: [2048] Declaration of Admin\Model\AdminMenuModel::getTreeData() should be compatible with Admin\Model\BaseModel::getTreeData($type = 'tree', $order = '', $name = 'name', $child = 'id', $parent = 'pid') /www/Gits/dianqiu/project/Application/Admin/Model/AdminMenuModel.class.php 第 7 行.
SQL: SHOW COLUMNS FROM `pub_admin_menu` [ RunTime:0.0072s ]
SQL: SELECT * FROM `pub_admin_menu` ORDER BY order_number is null,order_number,id  [ RunTime:0.0004s ]
SQL: SHOW COLUMNS FROM `pub_auth_group_access` [ RunTime:0.0020s ]
SQL: SELECT `uid`,`group_id`,`title`,`rules` FROM pub_auth_group_access a INNER JOIN pub_auth_group g on a.group_id=g.id  WHERE ( a.uid='1' and g.status='1' )  [ RunTime:0.0002s ]
SQL: SHOW COLUMNS FROM `pub_auth_rule` [ RunTime:0.0018s ]
SQL: SELECT `condition`,`name` FROM `pub_auth_rule` WHERE `id` IN ('1','2','38','3','4','5','6','7','8','9','10','11','12','13','15','16','42','18','19','20','21','22','23','24','25','27','28','29','30','31','32','33','34','35','36','37','39','40','41') AND `type` = 1 AND `status` = 1  [ RunTime:0.0005s ]
INFO: [ view_parse ] --START--
INFO: [ template_filter ] --START--
INFO: Run Behavior\ContentReplaceBehavior [ RunTime:0.000086s ]
INFO: [ template_filter ] --END-- [ RunTime:0.000174s ]
INFO: Run Behavior\ParseTemplateBehavior [ RunTime:0.022135s ]
INFO: [ view_parse ] --END-- [ RunTime:0.022257s ]
INFO: [ view_filter ] --START--
INFO: Run Behavior\WriteHtmlCacheBehavior [ RunTime:0.000244s ]
INFO: [ view_filter ] --END-- [ RunTime:0.000289s ]
INFO: [ app_end ] --START--
INFO: Run Behavior\ShowPageTraceBehavior [ RunTime:0.000757s ]
INFO: [ app_end ] --END-- [ RunTime:0.000845s ]

[ 2018-03-27T10:46:47+08:00 ] ::1 /index.php/Admin/Index/index.html
INFO: [ app_init ] --START--
INFO: Run Behavior\BuildLiteBehavior [ RunTime:0.000012s ]
INFO: [ app_init ] --END-- [ RunTime:0.000284s ]
INFO: [ app_begin ] --START--
INFO: Run Behavior\ReadHtmlCacheBehavior [ RunTime:0.000356s ]
INFO: [ app_begin ] --END-- [ RunTime:0.000396s ]
NOTIC: [2048] Declaration of Admin\Model\AdminMenuModel::getTreeData() should be compatible with Admin\Model\BaseModel::getTreeData($type = 'tree', $order = '', $name = 'name', $child = 'id', $parent = 'pid') /www/Gits/dianqiu/project/Application/Admin/Model/AdminMenuModel.class.php 第 7 行.
SQL: SHOW COLUMNS FROM `pub_admin_menu` [ RunTime:0.0016s ]
SQL: SELECT * FROM `pub_admin_menu` ORDER BY order_number is null,order_number,id  [ RunTime:0.0002s ]
SQL: SHOW COLUMNS FROM `pub_auth_group_access` [ RunTime:0.0013s ]
SQL: SELECT `uid`,`group_id`,`title`,`rules` FROM pub_auth_group_access a INNER JOIN pub_auth_group g on a.group_id=g.id  WHERE ( a.uid='1' and g.status='1' )  [ RunTime:0.0001s ]
SQL: SHOW COLUMNS FROM `pub_auth_rule` [ RunTime:0.0015s ]
SQL: SELECT `condition`,`name` FROM `pub_auth_rule` WHERE `id` IN ('1','2','38','3','4','5','6','7','8','9','10','11','12','13','15','16','42','18','19','20','21','22','23','24','25','27','28','29','30','31','32','33','34','35','36','37','39','40','41') AND `type` = 1 AND `status` = 1  [ RunTime:0.0002s ]
SQL: SHOW COLUMNS FROM `pub_flow` [ RunTime:0.0016s ]
SQL: SELECT * FROM `pub_flow` WHERE ( `addtime` > 1519833600 AND `addtime` < 1522512000  ) AND ( `status` = '1' )  [ RunTime:0.0002s ]
NOTIC: [8] Undefined offset: 6 /www/Gits/dianqiu/project/Application/Admin/Model/FlowModel.class.php 第 54 行.
NOTIC: [8] Undefined index: count /www/Gits/dianqiu/project/Application/Admin/Model/FlowModel.class.php 第 54 行.
NOTIC: [8] Undefined index: money /www/Gits/dianqiu/project/Application/Admin/Model/FlowModel.class.php 第 55 行.
NOTIC: [8] Undefined index: num /www/Gits/dianqiu/project/Application/Admin/Model/FlowModel.class.php 第 56 行.
NOTIC: [8] Undefined index: flow /www/Gits/dianqiu/project/Application/Admin/Model/FlowModel.class.php 第 57 行.
NOTIC: [8] Undefined index: count /www/Gits/dianqiu/project/Application/Admin/Model/FlowModel.class.php 第 54 行.
NOTIC: [8] Undefined index: money /www/Gits/dianqiu/project/Application/Admin/Model/FlowModel.class.php 第 55 行.
NOTIC: [8] Undefined index: num /www/Gits/dianqiu/project/Application/Admin/Model/FlowModel.class.php 第 56 行.
NOTIC: [8] Undefined index: flow /www/Gits/dianqiu/project/Application/Admin/Model/FlowModel.class.php 第 57 行.
NOTIC: [8] Undefined index: count /www/Gits/dianqiu/project/Application/Admin/Model/FlowModel.class.php 第 54 行.
NOTIC: [8] Undefined index: money /www/Gits/dianqiu/project/Application/Admin/Model/FlowModel.class.php 第 55 行.
NOTIC: [8] Undefined index: num /www/Gits/dianqiu/project/Application/Admin/Model/FlowModel.class.php 第 56 行.
NOTIC: [8] Undefined index: flow /www/Gits/dianqiu/project/Application/Admin/Model/FlowModel.class.php 第 57 行.
SQL: SHOW COLUMNS FROM `pub_orders` [ RunTime:0.0018s ]
SQL: SELECT distinct(order_id) FROM `pub_orders` INNER JOIN pub_express_information ON pub_orders.express_id = pub_express_information.id   [ RunTime:0.0001s ]
SQL: SHOW COLUMNS FROM `pub_repair` [ RunTime:0.0016s ]
SQL: SELECT COUNT(*) AS tp_count FROM `pub_repair` LIMIT 1   [ RunTime:0.0002s ]
SQL: SHOW COLUMNS FROM `pub_feeds` [ RunTime:0.0015s ]
SQL: SELECT COUNT(*) AS tp_count FROM `pub_feeds` LIMIT 1   [ RunTime:0.0001s ]

[ 2018-03-27T10:46:47+08:00 ] ::1 /index.php/Admin/Index/index.html
INFO: [ app_init ] --START--
INFO: Run Behavior\BuildLiteBehavior [ RunTime:0.000010s ]
INFO: [ app_init ] --END-- [ RunTime:0.000270s ]
INFO: [ app_begin ] --START--
INFO: Run Behavior\ReadHtmlCacheBehavior [ RunTime:0.000348s ]
INFO: [ app_begin ] --END-- [ RunTime:0.000386s ]
NOTIC: [2048] Declaration of Admin\Model\AdminMenuModel::getTreeData() should be compatible with Admin\Model\BaseModel::getTreeData($type = 'tree', $order = '', $name = 'name', $child = 'id', $parent = 'pid') /www/Gits/dianqiu/project/Application/Admin/Model/AdminMenuModel.class.php 第 7 行.
SQL: SHOW COLUMNS FROM `pub_admin_menu` [ RunTime:0.0015s ]
SQL: SELECT * FROM `pub_admin_menu` ORDER BY order_number is null,order_number,id  [ RunTime:0.0003s ]
SQL: SHOW COLUMNS FROM `pub_auth_group_access` [ RunTime:0.0015s ]
SQL: SELECT `uid`,`group_id`,`title`,`rules` FROM pub_auth_group_access a INNER JOIN pub_auth_group g on a.group_id=g.id  WHERE ( a.uid='1' and g.status='1' )  [ RunTime:0.0001s ]
SQL: SHOW COLUMNS FROM `pub_auth_rule` [ RunTime:0.0016s ]
SQL: SELECT `condition`,`name` FROM `pub_auth_rule` WHERE `id` IN ('1','2','38','3','4','5','6','7','8','9','10','11','12','13','15','16','42','18','19','20','21','22','23','24','25','27','28','29','30','31','32','33','34','35','36','37','39','40','41') AND `type` = 1 AND `status` = 1  [ RunTime:0.0002s ]
SQL: SHOW COLUMNS FROM `pub_flow` [ RunTime:0.0017s ]
SQL: SELECT * FROM `pub_flow` WHERE ( `addtime` > 1519833600 AND `addtime` < 1522512000  ) AND ( `status` = '1' )  [ RunTime:0.0002s ]
NOTIC: [8] Undefined offset: 6 /www/Gits/dianqiu/project/Application/Admin/Model/FlowModel.class.php 第 54 行.
NOTIC: [8] Undefined index: count /www/Gits/dianqiu/project/Application/Admin/Model/FlowModel.class.php 第 54 行.
NOTIC: [8] Undefined index: money /www/Gits/dianqiu/project/Application/Admin/Model/FlowModel.class.php 第 55 行.
NOTIC: [8] Undefined index: num /www/Gits/dianqiu/project/Application/Admin/Model/FlowModel.class.php 第 56 行.
NOTIC: [8] Undefined index: flow /www/Gits/dianqiu/project/Application/Admin/Model/FlowModel.class.php 第 57 行.
NOTIC: [8] Undefined index: count /www/Gits/dianqiu/project/Application/Admin/Model/FlowModel.class.php 第 54 行.
NOTIC: [8] Undefined index: money /www/Gits/dianqiu/project/Application/Admin/Model/FlowModel.class.php 第 55 行.
NOTIC: [8] Undefined index: num /www/Gits/dianqiu/project/Application/Admin/Model/FlowModel.class.php 第 56 行.
NOTIC: [8] Undefined index: flow /www/Gits/dianqiu/project/Application/Admin/Model/FlowModel.class.php 第 57 行.
NOTIC: [8] Undefined index: count /www/Gits/dianqiu/project/Application/Admin/Model/FlowModel.class.php 第 54 行.
NOTIC: [8] Undefined index: money /www/Gits/dianqiu/project/Application/Admin/Model/FlowModel.class.php 第 55 行.
NOTIC: [8] Undefined index: num /www/Gits/dianqiu/project/Application/Admin/Model/FlowModel.class.php 第 56 行.
NOTIC: [8] Undefined index: flow /www/Gits/dianqiu/project/Application/Admin/Model/FlowModel.class.php 第 57 行.
SQL: SHOW COLUMNS FROM `pub_orders` [ RunTime:0.0017s ]
SQL: SELECT distinct(order_id) FROM `pub_orders` INNER JOIN pub_express_information ON pub_orders.express_id = pub_express_information.id   [ RunTime:0.0001s ]
SQL: SHOW COLUMNS FROM `pub_repair` [ RunTime:0.0015s ]
SQL: SELECT COUNT(*) AS tp_count FROM `pub_repair` LIMIT 1   [ RunTime:0.0001s ]
SQL: SHOW COLUMNS FROM `pub_feeds` [ RunTime:0.0015s ]
SQL: SELECT COUNT(*) AS tp_count FROM `pub_feeds` LIMIT 1   [ RunTime:0.0001s ]

[ 2018-03-27T10:47:18+08:00 ] ::1 /index.php/Admin/action/test.html
INFO: [ app_init ] --START--
INFO: Run Behavior\BuildLiteBehavior [ RunTime:0.000013s ]
INFO: [ app_init ] --END-- [ RunTime:0.000329s ]
INFO: [ app_begin ] --START--
INFO: Run Behavior\ReadHtmlCacheBehavior [ RunTime:0.000465s ]
INFO: [ app_begin ] --END-- [ RunTime:0.000523s ]
ERR: 无法加载控制器:Action

[ 2018-03-27T10:47:27+08:00 ] ::1 /index.php/Admin/Action/test.html
INFO: [ app_init ] --START--
INFO: Run Behavior\BuildLiteBehavior [ RunTime:0.000013s ]
INFO: [ app_init ] --END-- [ RunTime:0.000317s ]
INFO: [ app_begin ] --START--
INFO: Run Behavior\ReadHtmlCacheBehavior [ RunTime:0.000405s ]
INFO: [ app_begin ] --END-- [ RunTime:0.000455s ]
ERR: 无法加载控制器:Action

[ 2018-03-27T10:47:43+08:00 ] ::1 /index.php/Admin/action/test.html
INFO: [ app_init ] --START--
INFO: Run Behavior\BuildLiteBehavior [ RunTime:0.000014s ]
INFO: [ app_init ] --END-- [ RunTime:0.000341s ]
INFO: [ app_begin ] --START--
INFO: Run Behavior\ReadHtmlCacheBehavior [ RunTime:0.000419s ]
INFO: [ app_begin ] --END-- [ RunTime:0.000469s ]
ERR: 无法加载控制器:Action

[ 2018-03-27T10:47:44+08:00 ] ::1 /index.php/Admin/Index/index.html
INFO: [ app_init ] --START--
INFO: Run Behavior\BuildLiteBehavior [ RunTime:0.000013s ]
INFO: [ app_init ] --END-- [ RunTime:0.000310s ]
INFO: [ app_begin ] --START--
INFO: Run Behavior\ReadHtmlCacheBehavior [ RunTime:0.000600s ]
INFO: [ app_begin ] --END-- [ RunTime:0.000657s ]
NOTIC: [2048] Declaration of Admin\Model\AdminMenuModel::getTreeData() should be compatible with Admin\Model\BaseModel::getTreeData($type = 'tree', $order = '', $name = 'name', $child = 'id', $parent = 'pid') /www/Gits/dianqiu/project/Application/Admin/Model/AdminMenuModel.class.php 第 7 行.
SQL: SHOW COLUMNS FROM `pub_admin_menu` [ RunTime:0.0079s ]
SQL: SELECT * FROM `pub_admin_menu` ORDER BY order_number is null,order_number,id  [ RunTime:0.0003s ]
SQL: SHOW COLUMNS FROM `pub_auth_group_access` [ RunTime:0.0022s ]
SQL: SELECT `uid`,`group_id`,`title`,`rules` FROM pub_auth_group_access a INNER JOIN pub_auth_group g on a.group_id=g.id  WHERE ( a.uid='1' and g.status='1' )  [ RunTime:0.0002s ]
SQL: SHOW COLUMNS FROM `pub_auth_rule` [ RunTime:0.0018s ]
SQL: SELECT `condition`,`name` FROM `pub_auth_rule` WHERE `id` IN ('1','2','38','3','4','5','6','7','8','9','10','11','12','13','15','16','42','18','19','20','21','22','23','24','25','27','28','29','30','31','32','33','34','35','36','37','39','40','41') AND `type` = 1 AND `status` = 1  [ RunTime:0.0002s ]
INFO: [ view_parse ] --START--
INFO: [ template_filter ] --START--
INFO: Run Behavior\ContentReplaceBehavior [ RunTime:0.000076s ]
INFO: [ template_filter ] --END-- [ RunTime:0.000128s ]
INFO: Run Behavior\ParseTemplateBehavior [ RunTime:0.022338s ]
INFO: [ view_parse ] --END-- [ RunTime:0.022419s ]
INFO: [ view_filter ] --START--
INFO: Run Behavior\WriteHtmlCacheBehavior [ RunTime:0.000213s ]
INFO: [ view_filter ] --END-- [ RunTime:0.000265s ]
INFO: [ app_end ] --START--
INFO: Run Behavior\ShowPageTraceBehavior [ RunTime:0.000708s ]
INFO: [ app_end ] --END-- [ RunTime:0.000785s ]

[ 2018-03-27T10:47:44+08:00 ] ::1 /index.php/Admin/Index/index.html
INFO: [ app_init ] --START--
INFO: Run Behavior\BuildLiteBehavior [ RunTime:0.000012s ]
INFO: [ app_init ] --END-- [ RunTime:0.000321s ]
INFO: [ app_begin ] --START--
INFO: Run Behavior\ReadHtmlCacheBehavior [ RunTime:0.000355s ]
INFO: [ app_begin ] --END-- [ RunTime:0.000395s ]
NOTIC: [2048] Declaration of Admin\Model\AdminMenuModel::getTreeData() should be compatible with Admin\Model\BaseModel::getTreeData($type = 'tree', $order = '', $name = 'name', $child = 'id', $parent = 'pid') /www/Gits/dianqiu/project/Application/Admin/Model/AdminMenuModel.class.php 第 7 行.
SQL: SHOW COLUMNS FROM `pub_admin_menu` [ RunTime:0.0017s ]
SQL: SELECT * FROM `pub_admin_menu` ORDER BY order_number is null,order_number,id  [ RunTime:0.0002s ]
SQL: SHOW COLUMNS FROM `pub_auth_group_access` [ RunTime:0.0016s ]
SQL: SELECT `uid`,`group_id`,`title`,`rules` FROM pub_auth_group_access a INNER JOIN pub_auth_group g on a.group_id=g.id  WHERE ( a.uid='1' and g.status='1' )  [ RunTime:0.0001s ]
SQL: SHOW COLUMNS FROM `pub_auth_rule` [ RunTime:0.0015s ]
SQL: SELECT `condition`,`name` FROM `pub_auth_rule` WHERE `id` IN ('1','2','38','3','4','5','6','7','8','9','10','11','12','13','15','16','42','18','19','20','21','22','23','24','25','27','28','29','30','31','32','33','34','35','36','37','39','40','41') AND `type` = 1 AND `status` = 1  [ RunTime:0.0002s ]
SQL: SHOW COLUMNS FROM `pub_flow` [ RunTime:0.0016s ]
SQL: SELECT * FROM `pub_flow` WHERE ( `addtime` > 1519833600 AND `addtime` < 1522512000  ) AND ( `status` = '1' )  [ RunTime:0.0002s ]
NOTIC: [8] Undefined offset: 6 /www/Gits/dianqiu/project/Application/Admin/Model/FlowModel.class.php 第 54 行.
NOTIC: [8] Undefined index: count /www/Gits/dianqiu/project/Application/Admin/Model/FlowModel.class.php 第 54 行.
NOTIC: [8] Undefined index: money /www/Gits/dianqiu/project/Application/Admin/Model/FlowModel.class.php 第 55 行.
NOTIC: [8] Undefined index: num /www/Gits/dianqiu/project/Application/Admin/Model/FlowModel.class.php 第 56 行.
NOTIC: [8] Undefined index: flow /www/Gits/dianqiu/project/Application/Admin/Model/FlowModel.class.php 第 57 行.
NOTIC: [8] Undefined index: count /www/Gits/dianqiu/project/Application/Admin/Model/FlowModel.class.php 第 54 行.
NOTIC: [8] Undefined index: money /www/Gits/dianqiu/project/Application/Admin/Model/FlowModel.class.php 第 55 行.
NOTIC: [8] Undefined index: num /www/Gits/dianqiu/project/Application/Admin/Model/FlowModel.class.php 第 56 行.
NOTIC: [8] Undefined index: flow /www/Gits/dianqiu/project/Application/Admin/Model/FlowModel.class.php 第 57 行.
NOTIC: [8] Undefined index: count /www/Gits/dianqiu/project/Application/Admin/Model/FlowModel.class.php 第 54 行.
NOTIC: [8] Undefined index: money /www/Gits/dianqiu/project/Application/Admin/Model/FlowModel.class.php 第 55 行.
NOTIC: [8] Undefined index: num /www/Gits/dianqiu/project/Application/Admin/Model/FlowModel.class.php 第 56 行.
NOTIC: [8] Undefined index: flow /www/Gits/dianqiu/project/Application/Admin/Model/FlowModel.class.php 第 57 行.
SQL: SHOW COLUMNS FROM `pub_orders` [ RunTime:0.0017s ]
SQL: SELECT distinct(order_id) FROM `pub_orders` INNER JOIN pub_express_information ON pub_orders.express_id = pub_express_information.id   [ RunTime:0.0001s ]
SQL: SHOW COLUMNS FROM `pub_repair` [ RunTime:0.0014s ]
SQL: SELECT COUNT(*) AS tp_count FROM `pub_repair` LIMIT 1   [ RunTime:0.0001s ]
SQL: SHOW COLUMNS FROM `pub_feeds` [ RunTime:0.0016s ]
SQL: SELECT COUNT(*) AS tp_count FROM `pub_feeds` LIMIT 1   [ RunTime:0.0001s ]

[ 2018-03-27T10:47:44+08:00 ] ::1 /index.php/Admin/Index/index.html
INFO: [ app_init ] --START--
INFO: Run Behavior\BuildLiteBehavior [ RunTime:0.000036s ]
INFO: [ app_init ] --END-- [ RunTime:0.000384s ]
INFO: [ app_begin ] --START--
INFO: Run Behavior\ReadHtmlCacheBehavior [ RunTime:0.000410s ]
INFO: [ app_begin ] --END-- [ RunTime:0.000459s ]
NOTIC: [2048] Declaration of Admin\Model\AdminMenuModel::getTreeData() should be compatible with Admin\Model\BaseModel::getTreeData($type = 'tree', $order = '', $name = 'name', $child = 'id', $parent = 'pid') /www/Gits/dianqiu/project/Application/Admin/Model/AdminMenuModel.class.php 第 7 行.
SQL: SHOW COLUMNS FROM `pub_admin_menu` [ RunTime:0.0016s ]
SQL: SELECT * FROM `pub_admin_menu` ORDER BY order_number is null,order_number,id  [ RunTime:0.0002s ]
SQL: SHOW COLUMNS FROM `pub_auth_group_access` [ RunTime:0.0014s ]
SQL: SELECT `uid`,`group_id`,`title`,`rules` FROM pub_auth_group_access a INNER JOIN pub_auth_group g on a.group_id=g.id  WHERE ( a.uid='1' and g.status='1' )  [ RunTime:0.0001s ]
SQL: SHOW COLUMNS FROM `pub_auth_rule` [ RunTime:0.0015s ]
SQL: SELECT `condition`,`name` FROM `pub_auth_rule` WHERE `id` IN ('1','2','38','3','4','5','6','7','8','9','10','11','12','13','15','16','42','18','19','20','21','22','23','24','25','27','28','29','30','31','32','33','34','35','36','37','39','40','41') AND `type` = 1 AND `status` = 1  [ RunTime:0.0002s ]
SQL: SHOW COLUMNS FROM `pub_flow` [ RunTime:0.0015s ]
SQL: SELECT * FROM `pub_flow` WHERE ( `addtime` > 1519833600 AND `addtime` < 1522512000  ) AND ( `status` = '1' )  [ RunTime:0.0002s ]
NOTIC: [8] Undefined offset: 6 /www/Gits/dianqiu/project/Application/Admin/Model/FlowModel.class.php 第 54 行.
NOTIC: [8] Undefined index: count /www/Gits/dianqiu/project/Application/Admin/Model/FlowModel.class.php 第 54 行.
NOTIC: [8] Undefined index: money /www/Gits/dianqiu/project/Application/Admin/Model/FlowModel.class.php 第 55 行.
NOTIC: [8] Undefined index: num /www/Gits/dianqiu/project/Application/Admin/Model/FlowModel.class.php 第 56 行.
NOTIC: [8] Undefined index: flow /www/Gits/dianqiu/project/Application/Admin/Model/FlowModel.class.php 第 57 行.
NOTIC: [8] Undefined index: count /www/Gits/dianqiu/project/Application/Admin/Model/FlowModel.class.php 第 54 行.
NOTIC: [8] Undefined index: money /www/Gits/dianqiu/project/Application/Admin/Model/FlowModel.class.php 第 55 行.
NOTIC: [8] Undefined index: num /www/Gits/dianqiu/project/Application/Admin/Model/FlowModel.class.php 第 56 行.
NOTIC: [8] Undefined index: flow /www/Gits/dianqiu/project/Application/Admin/Model/FlowModel.class.php 第 57 行.
NOTIC: [8] Undefined index: count /www/Gits/dianqiu/project/Application/Admin/Model/FlowModel.class.php 第 54 行.
NOTIC: [8] Undefined index: money /www/Gits/dianqiu/project/Application/Admin/Model/FlowModel.class.php 第 55 行.
NOTIC: [8] Undefined index: num /www/Gits/dianqiu/project/Application/Admin/Model/FlowModel.class.php 第 56 行.
NOTIC: [8] Undefined index: flow /www/Gits/dianqiu/project/Application/Admin/Model/FlowModel.class.php 第 57 行.
SQL: SHOW COLUMNS FROM `pub_orders` [ RunTime:0.0015s ]
SQL: SELECT distinct(order_id) FROM `pub_orders` INNER JOIN pub_express_information ON pub_orders.express_id = pub_express_information.id   [ RunTime:0.0001s ]
SQL: SHOW COLUMNS FROM `pub_repair` [ RunTime:0.0014s ]
SQL: SELECT COUNT(*) AS tp_count FROM `pub_repair` LIMIT 1   [ RunTime:0.0001s ]
SQL: SHOW COLUMNS FROM `pub_feeds` [ RunTime:0.0015s ]
SQL: SELECT COUNT(*) AS tp_count FROM `pub_feeds` LIMIT 1   [ RunTime:0.0001s ]

