[ 2018-04-01T14:30:58+08:00 ] ::1 /index.php/Admin/
INFO: [ app_init ] --START--
INFO: Run Behavior\BuildLiteBehavior [ RunTime:0.000051s ]
INFO: [ app_init ] --END-- [ RunTime:0.002039s ]
INFO: [ app_begin ] --START--
INFO: Run Behavior\ReadHtmlCacheBehavior [ RunTime:0.000881s ]
INFO: [ app_begin ] --END-- [ RunTime:0.000999s ]

[ 2018-04-01T14:30:58+08:00 ] ::1 /index.php/Admin/Login/login.html
INFO: [ app_init ] --START--
INFO: Run Behavior\BuildLiteBehavior [ RunTime:0.000032s ]
INFO: [ app_init ] --END-- [ RunTime:0.000567s ]
INFO: [ app_begin ] --START--
INFO: Run Behavior\ReadHtmlCacheBehavior [ RunTime:0.000492s ]
INFO: [ app_begin ] --END-- [ RunTime:0.000602s ]
INFO: [ view_parse ] --START--
INFO: [ template_filter ] --START--
INFO: Run Behavior\ContentReplaceBehavior [ RunTime:0.000149s ]
INFO: [ template_filter ] --END-- [ RunTime:0.000285s ]
INFO: Run Behavior\ParseTemplateBehavior [ RunTime:0.020685s ]
INFO: [ view_parse ] --END-- [ RunTime:0.020833s ]
INFO: [ view_filter ] --START--
INFO: Run Behavior\WriteHtmlCacheBehavior [ RunTime:0.000539s ]
INFO: [ view_filter ] --END-- [ RunTime:0.000629s ]
INFO: [ app_end ] --START--
INFO: Run Behavior\ShowPageTraceBehavior [ RunTime:0.000772s ]
INFO: [ app_end ] --END-- [ RunTime:0.000864s ]

[ 2018-04-01T14:30:59+08:00 ] ::1 /index.php/Admin/Login/yzm
INFO: [ app_init ] --START--
INFO: Run Behavior\BuildLiteBehavior [ RunTime:0.000038s ]
INFO: [ app_init ] --END-- [ RunTime:0.000934s ]
INFO: [ app_begin ] --START--
INFO: Run Behavior\ReadHtmlCacheBehavior [ RunTime:0.000622s ]
INFO: [ app_begin ] --END-- [ RunTime:0.000739s ]
INFO: [ app_end ] --START--
INFO: Run Behavior\ShowPageTraceBehavior [ RunTime:0.000697s ]
INFO: [ app_end ] --END-- [ RunTime:0.000879s ]

[ 2018-04-01T14:31:02+08:00 ] ::1 /index.php/Admin/Login/login.html
INFO: [ app_init ] --START--
INFO: Run Behavior\BuildLiteBehavior [ RunTime:0.000024s ]
INFO: [ app_init ] --END-- [ RunTime:0.000502s ]
INFO: [ app_begin ] --START--
INFO: Run Behavior\ReadHtmlCacheBehavior [ RunTime:0.000568s ]
INFO: [ app_begin ] --END-- [ RunTime:0.000710s ]
INFO: [ view_parse ] --START--
INFO: [ template_filter ] --START--
INFO: Run Behavior\ContentReplaceBehavior [ RunTime:0.000087s ]
INFO: [ template_filter ] --END-- [ RunTime:0.000209s ]
INFO: Run Behavior\ParseTemplateBehavior [ RunTime:0.018536s ]
INFO: [ view_parse ] --END-- [ RunTime:0.018849s ]
INFO: [ view_filter ] --START--
INFO: Run Behavior\WriteHtmlCacheBehavior [ RunTime:0.000271s ]
INFO: [ view_filter ] --END-- [ RunTime:0.000424s ]

[ 2018-04-01T14:31:04+08:00 ] ::1 /index.php/Admin/Login/login.html
INFO: [ app_init ] --START--
INFO: Run Behavior\BuildLiteBehavior [ RunTime:0.000026s ]
INFO: [ app_init ] --END-- [ RunTime:0.000438s ]
INFO: [ app_begin ] --START--
INFO: Run Behavior\ReadHtmlCacheBehavior [ RunTime:0.000487s ]
INFO: [ app_begin ] --END-- [ RunTime:0.000599s ]
INFO: [ view_parse ] --START--
INFO: [ template_filter ] --START--
INFO: Run Behavior\ContentReplaceBehavior [ RunTime:0.000126s ]
INFO: [ template_filter ] --END-- [ RunTime:0.000243s ]
INFO: Run Behavior\ParseTemplateBehavior [ RunTime:0.010708s ]
INFO: [ view_parse ] --END-- [ RunTime:0.010874s ]
INFO: [ view_filter ] --START--
INFO: Run Behavior\WriteHtmlCacheBehavior [ RunTime:0.000183s ]
INFO: [ view_filter ] --END-- [ RunTime:0.000274s ]
INFO: [ app_end ] --START--
INFO: Run Behavior\ShowPageTraceBehavior [ RunTime:0.000689s ]
INFO: [ app_end ] --END-- [ RunTime:0.000816s ]

[ 2018-04-01T14:31:09+08:00 ] ::1 /index.php/Admin/Login/login.html
INFO: [ app_init ] --START--
INFO: Run Behavior\BuildLiteBehavior [ RunTime:0.000022s ]
INFO: [ app_init ] --END-- [ RunTime:0.000425s ]
INFO: [ app_begin ] --START--
INFO: Run Behavior\ReadHtmlCacheBehavior [ RunTime:0.000534s ]
INFO: [ app_begin ] --END-- [ RunTime:0.000645s ]
SQL: SHOW COLUMNS FROM `pub_vendors` [ RunTime:0.0083s ]
SQL: SELECT * FROM `pub_vendors` WHERE ( user='admin' ) LIMIT 1   [ RunTime:0.0103s ]

[ 2018-04-01T14:31:09+08:00 ] ::1 /index.php/Admin/Index/index.html
INFO: [ app_init ] --START--
INFO: Run Behavior\BuildLiteBehavior [ RunTime:0.000020s ]
INFO: [ app_init ] --END-- [ RunTime:0.000371s ]
INFO: [ app_begin ] --START--
INFO: Run Behavior\ReadHtmlCacheBehavior [ RunTime:0.000461s ]
INFO: [ app_begin ] --END-- [ RunTime:0.000562s ]
NOTIC: [2048] Declaration of Admin\Model\AdminMenuModel::getTreeData() should be compatible with Admin\Model\BaseModel::getTreeData($type = 'tree', $order = '', $name = 'name', $child = 'id', $parent = 'pid') /www/Gits/dianqiu/project/Application/Admin/Model/AdminMenuModel.class.php 第 7 行.
SQL: SHOW COLUMNS FROM `pub_admin_menu` [ RunTime:0.0017s ]
SQL: SELECT * FROM `pub_admin_menu` ORDER BY order_number is null,order_number,id  [ RunTime:0.0015s ]
SQL: SHOW COLUMNS FROM `pub_auth_group_access` [ RunTime:0.0018s ]
SQL: SELECT `uid`,`group_id`,`title`,`rules` FROM pub_auth_group_access a INNER JOIN pub_auth_group g on a.group_id=g.id  WHERE ( a.uid='1' and g.status='1' )  [ RunTime:0.0087s ]
SQL: SHOW COLUMNS FROM `pub_auth_rule` [ RunTime:0.0017s ]
SQL: SELECT `condition`,`name` FROM `pub_auth_rule` WHERE `id` IN ('1','2','38','3','4','5','6','7','8','9','10','11','12','13','15','16','42','18','19','20','21','22','23','24','25','27','28','29','30','31','32','33','34','35','36','37','39','40','41','47','48') AND `type` = 1 AND `status` = 1  [ RunTime:0.0019s ]
INFO: [ view_parse ] --START--
INFO: [ template_filter ] --START--
INFO: Run Behavior\ContentReplaceBehavior [ RunTime:0.000147s ]
INFO: [ template_filter ] --END-- [ RunTime:0.000264s ]
INFO: Run Behavior\ParseTemplateBehavior [ RunTime:0.041763s ]
INFO: [ view_parse ] --END-- [ RunTime:0.041881s ]
INFO: [ view_filter ] --START--
INFO: Run Behavior\WriteHtmlCacheBehavior [ RunTime:0.000189s ]
INFO: [ view_filter ] --END-- [ RunTime:0.000288s ]
INFO: [ app_end ] --START--
INFO: Run Behavior\ShowPageTraceBehavior [ RunTime:0.000727s ]
INFO: [ app_end ] --END-- [ RunTime:0.000843s ]

[ 2018-04-01T14:31:09+08:00 ] ::1 /index.php/Admin/Index/index.html
INFO: [ app_init ] --START--
INFO: Run Behavior\BuildLiteBehavior [ RunTime:0.000022s ]
INFO: [ app_init ] --END-- [ RunTime:0.000410s ]
INFO: [ app_begin ] --START--
INFO: Run Behavior\ReadHtmlCacheBehavior [ RunTime:0.000505s ]
INFO: [ app_begin ] --END-- [ RunTime:0.000590s ]
NOTIC: [2048] Declaration of Admin\Model\AdminMenuModel::getTreeData() should be compatible with Admin\Model\BaseModel::getTreeData($type = 'tree', $order = '', $name = 'name', $child = 'id', $parent = 'pid') /www/Gits/dianqiu/project/Application/Admin/Model/AdminMenuModel.class.php 第 7 行.
SQL: SHOW COLUMNS FROM `pub_admin_menu` [ RunTime:0.0020s ]
SQL: SELECT * FROM `pub_admin_menu` ORDER BY order_number is null,order_number,id  [ RunTime:0.0003s ]
SQL: SHOW COLUMNS FROM `pub_auth_group_access` [ RunTime:0.0015s ]
SQL: SELECT `uid`,`group_id`,`title`,`rules` FROM pub_auth_group_access a INNER JOIN pub_auth_group g on a.group_id=g.id  WHERE ( a.uid='1' and g.status='1' )  [ RunTime:0.0001s ]
SQL: SHOW COLUMNS FROM `pub_auth_rule` [ RunTime:0.0015s ]
SQL: SELECT `condition`,`name` FROM `pub_auth_rule` WHERE `id` IN ('1','2','38','3','4','5','6','7','8','9','10','11','12','13','15','16','42','18','19','20','21','22','23','24','25','27','28','29','30','31','32','33','34','35','36','37','39','40','41','47','48') AND `type` = 1 AND `status` = 1  [ RunTime:0.0002s ]
SQL: SHOW COLUMNS FROM `pub_flow` [ RunTime:0.0026s ]
SQL: SELECT * FROM `pub_flow` WHERE ( `addtime` > 1522512000 AND `addtime` < 1525104000  ) AND ( `status` = '1' )  [ RunTime:0.0013s ]
SQL: SHOW COLUMNS FROM `pub_devices` [ RunTime:0.0021s ]
SQL: SELECT * FROM `pub_devices` WHERE ( `addtime` > 1522512000 AND `addtime` < 1525104000  )  [ RunTime:0.0005s ]
SQL: SHOW COLUMNS FROM `pub_orders` [ RunTime:0.0023s ]
SQL: SELECT distinct(order_id) FROM `pub_orders`  [ RunTime:0.0020s ]
SQL: SHOW COLUMNS FROM `pub_repair` [ RunTime:0.0020s ]
SQL: SELECT COUNT(*) AS tp_count FROM `pub_repair` LIMIT 1   [ RunTime:0.0021s ]
SQL: SHOW COLUMNS FROM `pub_feeds` [ RunTime:0.0055s ]
SQL: SELECT COUNT(*) AS tp_count FROM `pub_feeds` LIMIT 1   [ RunTime:0.0002s ]

[ 2018-04-01T14:31:09+08:00 ] ::1 /index.php/Admin/Index/index.html
INFO: [ app_init ] --START--
INFO: Run Behavior\BuildLiteBehavior [ RunTime:0.000020s ]
INFO: [ app_init ] --END-- [ RunTime:0.000344s ]
INFO: [ app_begin ] --START--
INFO: Run Behavior\ReadHtmlCacheBehavior [ RunTime:0.000377s ]
INFO: [ app_begin ] --END-- [ RunTime:0.000455s ]
NOTIC: [2048] Declaration of Admin\Model\AdminMenuModel::getTreeData() should be compatible with Admin\Model\BaseModel::getTreeData($type = 'tree', $order = '', $name = 'name', $child = 'id', $parent = 'pid') /www/Gits/dianqiu/project/Application/Admin/Model/AdminMenuModel.class.php 第 7 行.
SQL: SHOW COLUMNS FROM `pub_admin_menu` [ RunTime:0.0018s ]
SQL: SELECT * FROM `pub_admin_menu` ORDER BY order_number is null,order_number,id  [ RunTime:0.0003s ]
SQL: SHOW COLUMNS FROM `pub_auth_group_access` [ RunTime:0.0014s ]
SQL: SELECT `uid`,`group_id`,`title`,`rules` FROM pub_auth_group_access a INNER JOIN pub_auth_group g on a.group_id=g.id  WHERE ( a.uid='1' and g.status='1' )  [ RunTime:0.0001s ]
SQL: SHOW COLUMNS FROM `pub_auth_rule` [ RunTime:0.0016s ]
SQL: SELECT `condition`,`name` FROM `pub_auth_rule` WHERE `id` IN ('1','2','38','3','4','5','6','7','8','9','10','11','12','13','15','16','42','18','19','20','21','22','23','24','25','27','28','29','30','31','32','33','34','35','36','37','39','40','41','47','48') AND `type` = 1 AND `status` = 1  [ RunTime:0.0002s ]
SQL: SHOW COLUMNS FROM `pub_flow` [ RunTime:0.0018s ]
SQL: SELECT * FROM `pub_flow` WHERE ( `addtime` > 1522512000 AND `addtime` < 1525104000  ) AND ( `status` = '1' )  [ RunTime:0.0002s ]
SQL: SHOW COLUMNS FROM `pub_devices` [ RunTime:0.0017s ]
SQL: SELECT * FROM `pub_devices` WHERE ( `addtime` > 1522512000 AND `addtime` < 1525104000  )  [ RunTime:0.0002s ]
SQL: SHOW COLUMNS FROM `pub_orders` [ RunTime:0.0017s ]
SQL: SELECT distinct(order_id) FROM `pub_orders`  [ RunTime:0.0004s ]
SQL: SHOW COLUMNS FROM `pub_repair` [ RunTime:0.0014s ]
SQL: SELECT COUNT(*) AS tp_count FROM `pub_repair` LIMIT 1   [ RunTime:0.0001s ]
SQL: SHOW COLUMNS FROM `pub_feeds` [ RunTime:0.0016s ]
SQL: SELECT COUNT(*) AS tp_count FROM `pub_feeds` LIMIT 1   [ RunTime:0.0002s ]

[ 2018-04-01T14:41:59+08:00 ] ::1 /index.php/Admin/Devices/devicesList.html
INFO: [ app_init ] --START--
INFO: Run Behavior\BuildLiteBehavior [ RunTime:0.000023s ]
INFO: [ app_init ] --END-- [ RunTime:0.000383s ]
INFO: [ app_begin ] --START--
INFO: Run Behavior\ReadHtmlCacheBehavior [ RunTime:0.000425s ]
INFO: [ app_begin ] --END-- [ RunTime:0.000523s ]
NOTIC: [2048] Declaration of Admin\Model\AdminMenuModel::getTreeData() should be compatible with Admin\Model\BaseModel::getTreeData($type = 'tree', $order = '', $name = 'name', $child = 'id', $parent = 'pid') /www/Gits/dianqiu/project/Application/Admin/Model/AdminMenuModel.class.php 第 7 行.
SQL: SHOW COLUMNS FROM `pub_admin_menu` [ RunTime:0.0018s ]
SQL: SELECT * FROM `pub_admin_menu` ORDER BY order_number is null,order_number,id  [ RunTime:0.0003s ]
SQL: SHOW COLUMNS FROM `pub_auth_group_access` [ RunTime:0.0015s ]
SQL: SELECT `uid`,`group_id`,`title`,`rules` FROM pub_auth_group_access a INNER JOIN pub_auth_group g on a.group_id=g.id  WHERE ( a.uid='1' and g.status='1' )  [ RunTime:0.0001s ]
SQL: SHOW COLUMNS FROM `pub_auth_rule` [ RunTime:0.0018s ]
SQL: SELECT `condition`,`name` FROM `pub_auth_rule` WHERE `id` IN ('1','2','38','3','4','5','6','7','8','9','10','11','12','13','15','16','42','18','19','20','21','22','23','24','25','27','28','29','30','31','32','33','34','35','36','37','39','40','41','47','48') AND `type` = 1 AND `status` = 1  [ RunTime:0.0002s ]
NOTIC: [8] Undefined variable: map /www/Gits/dianqiu/project/Application/Admin/Controller/DevicesController.class.php 第 82 行.
NOTIC: [2] array_filter() expects parameter 1 to be array, null given /www/Gits/dianqiu/project/Application/Admin/Controller/DevicesController.class.php 第 87 行.
SQL: SHOW COLUMNS FROM `pub_devices` [ RunTime:0.0017s ]
SQL: SELECT COUNT(*) AS tp_count FROM pub_devices d LEFT JOIN pub_devices_statu statu ON d.device_code=statu.DeviceID LEFT JOIN pub_binding bind ON d.id=bind.did LEFT JOIN pub_vendors vendors ON bind.vid=vendors.id LEFT JOIN pub_device_type type ON d.type_id=type.id LEFT JOIN pub_users u ON u.id=d.uid  LIMIT 1   [ RunTime:0.0041s ]
SQL: SELECT statu.*,bind.*,d.device_code,type.*,vendors.*,d.name dname,d.phone,d.address,d.id,d.uid,u.open_id FROM pub_devices d LEFT JOIN pub_devices_statu statu ON d.device_code=statu.DeviceID LEFT JOIN pub_binding bind ON d.id=bind.did LEFT JOIN pub_vendors vendors ON bind.vid=vendors.id LEFT JOIN pub_device_type type ON d.type_id=type.id LEFT JOIN pub_users u ON u.id=d.uid  ORDER BY d.id asc LIMIT 0,10   [ RunTime:0.0063s ]
INFO: [ view_parse ] --START--
INFO: [ template_filter ] --START--
INFO: Run Behavior\ContentReplaceBehavior [ RunTime:0.000180s ]
INFO: [ template_filter ] --END-- [ RunTime:0.000281s ]
INFO: Run Behavior\ParseTemplateBehavior [ RunTime:0.049413s ]
INFO: [ view_parse ] --END-- [ RunTime:0.049542s ]
INFO: [ view_filter ] --START--
INFO: Run Behavior\WriteHtmlCacheBehavior [ RunTime:0.000204s ]
INFO: [ view_filter ] --END-- [ RunTime:0.000287s ]
INFO: [ app_end ] --START--
INFO: Run Behavior\ShowPageTraceBehavior [ RunTime:0.000562s ]
INFO: [ app_end ] --END-- [ RunTime:0.000689s ]

[ 2018-04-01T14:42:02+08:00 ] ::1 /index.php/Admin/Devices/devices_detail.html
INFO: [ app_init ] --START--
INFO: Run Behavior\BuildLiteBehavior [ RunTime:0.000024s ]
INFO: [ app_init ] --END-- [ RunTime:0.000414s ]
INFO: [ app_begin ] --START--
INFO: Run Behavior\ReadHtmlCacheBehavior [ RunTime:0.000473s ]
INFO: [ app_begin ] --END-- [ RunTime:0.000583s ]
NOTIC: [2048] Declaration of Admin\Model\AdminMenuModel::getTreeData() should be compatible with Admin\Model\BaseModel::getTreeData($type = 'tree', $order = '', $name = 'name', $child = 'id', $parent = 'pid') /www/Gits/dianqiu/project/Application/Admin/Model/AdminMenuModel.class.php 第 7 行.
SQL: SHOW COLUMNS FROM `pub_admin_menu` [ RunTime:0.0019s ]
SQL: SELECT * FROM `pub_admin_menu` ORDER BY order_number is null,order_number,id  [ RunTime:0.0003s ]
SQL: SHOW COLUMNS FROM `pub_auth_group_access` [ RunTime:0.0018s ]
SQL: SELECT `uid`,`group_id`,`title`,`rules` FROM pub_auth_group_access a INNER JOIN pub_auth_group g on a.group_id=g.id  WHERE ( a.uid='1' and g.status='1' )  [ RunTime:0.0002s ]
SQL: SHOW COLUMNS FROM `pub_auth_rule` [ RunTime:0.0018s ]
SQL: SELECT `condition`,`name` FROM `pub_auth_rule` WHERE `id` IN ('1','2','38','3','4','5','6','7','8','9','10','11','12','13','15','16','42','18','19','20','21','22','23','24','25','27','28','29','30','31','32','33','34','35','36','37','39','40','41','47','48') AND `type` = 1 AND `status` = 1  [ RunTime:0.0002s ]
INFO: [ view_parse ] --START--
INFO: [ template_filter ] --START--
INFO: Run Behavior\ContentReplaceBehavior [ RunTime:0.000142s ]
INFO: [ template_filter ] --END-- [ RunTime:0.000258s ]
INFO: Run Behavior\ParseTemplateBehavior [ RunTime:0.044605s ]
INFO: [ view_parse ] --END-- [ RunTime:0.044707s ]
INFO: [ view_filter ] --START--
INFO: Run Behavior\WriteHtmlCacheBehavior [ RunTime:0.000188s ]
INFO: [ view_filter ] --END-- [ RunTime:0.000274s ]
INFO: [ app_end ] --START--
INFO: Run Behavior\ShowPageTraceBehavior [ RunTime:0.000565s ]
INFO: [ app_end ] --END-- [ RunTime:0.000665s ]

[ 2018-04-01T14:42:02+08:00 ] ::1 /index.php/Admin/Devices/deviceDetail?code=166753845596778
INFO: [ app_init ] --START--
INFO: Run Behavior\BuildLiteBehavior [ RunTime:0.000021s ]
INFO: [ app_init ] --END-- [ RunTime:0.000354s ]
INFO: [ app_begin ] --START--
INFO: Run Behavior\ReadHtmlCacheBehavior [ RunTime:0.000392s ]
INFO: [ app_begin ] --END-- [ RunTime:0.000469s ]
NOTIC: [2048] Declaration of Admin\Model\AdminMenuModel::getTreeData() should be compatible with Admin\Model\BaseModel::getTreeData($type = 'tree', $order = '', $name = 'name', $child = 'id', $parent = 'pid') /www/Gits/dianqiu/project/Application/Admin/Model/AdminMenuModel.class.php 第 7 行.
SQL: SHOW COLUMNS FROM `pub_admin_menu` [ RunTime:0.0016s ]
SQL: SELECT * FROM `pub_admin_menu` ORDER BY order_number is null,order_number,id  [ RunTime:0.0002s ]
SQL: SHOW COLUMNS FROM `pub_auth_group_access` [ RunTime:0.0014s ]
SQL: SELECT `uid`,`group_id`,`title`,`rules` FROM pub_auth_group_access a INNER JOIN pub_auth_group g on a.group_id=g.id  WHERE ( a.uid='1' and g.status='1' )  [ RunTime:0.0002s ]
SQL: SHOW COLUMNS FROM `pub_auth_rule` [ RunTime:0.0017s ]
SQL: SELECT `condition`,`name` FROM `pub_auth_rule` WHERE `id` IN ('1','2','38','3','4','5','6','7','8','9','10','11','12','13','15','16','42','18','19','20','21','22','23','24','25','27','28','29','30','31','32','33','34','35','36','37','39','40','41','47','48') AND `type` = 1 AND `status` = 1  [ RunTime:0.0002s ]
SQL: SHOW COLUMNS FROM `pub_devices` [ RunTime:0.0021s ]
SQL: SELECT statu.*,bind.*,vendors.*,type.*,d.* FROM pub_devices d LEFT JOIN pub_devices_statu statu ON d.device_code=statu.DeviceID LEFT JOIN pub_binding bind ON d.id=bind.did LEFT JOIN pub_vendors vendors ON bind.vid=vendors.id LEFT JOIN pub_device_type type ON d.type_id=type.id  WHERE `device_code` = '166753845596778' LIMIT 1   [ RunTime:0.0010s ]
SQL: SELECT type.* FROM pub_devices d LEFT JOIN pub_device_type type ON d.type_id=type.id  WHERE `device_code` = '166753845596778' LIMIT 1   [ RunTime:0.0003s ]
SQL: SHOW COLUMNS FROM `pub_filters` [ RunTime:0.0015s ]
SQL: SELECT * FROM `pub_filters` WHERE `filtername` = 'PP棉' AND `alias` = 'PP棉180' LIMIT 1   [ RunTime:0.0004s ]
SQL: SELECT * FROM `pub_filters` WHERE `filtername` = 'PP棉' AND `alias` = '2微米' LIMIT 1   [ RunTime:0.0003s ]
SQL: SELECT * FROM `pub_filters` WHERE `filtername` = '颗粒活性炭' AND `alias` = '颗粒活性炭120' LIMIT 1   [ RunTime:0.0003s ]
SQL: SELECT * FROM `pub_filters` WHERE `filtername` = '前置活性炭' AND `alias` = '前置活性炭' LIMIT 1   [ RunTime:0.0003s ]
SQL: SELECT * FROM `pub_filters` WHERE `filtername` = 'PP棉' AND `alias` = '1微米' LIMIT 1   [ RunTime:0.0003s ]
SQL: SELECT v.* FROM pub_devices d LEFT JOIN pub_binding bind ON d.id=bind.did LEFT JOIN pub_vendors v ON bind.vid=v.id  WHERE `device_code` = '166753845596778' LIMIT 1   [ RunTime:0.0003s ]

[ 2018-04-01T14:42:07+08:00 ] ::1 /index.php/Admin/Devices/devicesList.html
INFO: [ app_init ] --START--
INFO: Run Behavior\BuildLiteBehavior [ RunTime:0.000024s ]
INFO: [ app_init ] --END-- [ RunTime:0.000417s ]
INFO: [ app_begin ] --START--
INFO: Run Behavior\ReadHtmlCacheBehavior [ RunTime:0.000449s ]
INFO: [ app_begin ] --END-- [ RunTime:0.000552s ]
NOTIC: [2048] Declaration of Admin\Model\AdminMenuModel::getTreeData() should be compatible with Admin\Model\BaseModel::getTreeData($type = 'tree', $order = '', $name = 'name', $child = 'id', $parent = 'pid') /www/Gits/dianqiu/project/Application/Admin/Model/AdminMenuModel.class.php 第 7 行.
SQL: SHOW COLUMNS FROM `pub_admin_menu` [ RunTime:0.0021s ]
SQL: SELECT * FROM `pub_admin_menu` ORDER BY order_number is null,order_number,id  [ RunTime:0.0003s ]
SQL: SHOW COLUMNS FROM `pub_auth_group_access` [ RunTime:0.0021s ]
SQL: SELECT `uid`,`group_id`,`title`,`rules` FROM pub_auth_group_access a INNER JOIN pub_auth_group g on a.group_id=g.id  WHERE ( a.uid='1' and g.status='1' )  [ RunTime:0.0002s ]
SQL: SHOW COLUMNS FROM `pub_auth_rule` [ RunTime:0.0024s ]
SQL: SELECT `condition`,`name` FROM `pub_auth_rule` WHERE `id` IN ('1','2','38','3','4','5','6','7','8','9','10','11','12','13','15','16','42','18','19','20','21','22','23','24','25','27','28','29','30','31','32','33','34','35','36','37','39','40','41','47','48') AND `type` = 1 AND `status` = 1  [ RunTime:0.0002s ]
NOTIC: [8] Undefined variable: map /www/Gits/dianqiu/project/Application/Admin/Controller/DevicesController.class.php 第 82 行.
NOTIC: [2] array_filter() expects parameter 1 to be array, null given /www/Gits/dianqiu/project/Application/Admin/Controller/DevicesController.class.php 第 87 行.
SQL: SHOW COLUMNS FROM `pub_devices` [ RunTime:0.0016s ]
SQL: SELECT COUNT(*) AS tp_count FROM pub_devices d LEFT JOIN pub_devices_statu statu ON d.device_code=statu.DeviceID LEFT JOIN pub_binding bind ON d.id=bind.did LEFT JOIN pub_vendors vendors ON bind.vid=vendors.id LEFT JOIN pub_device_type type ON d.type_id=type.id LEFT JOIN pub_users u ON u.id=d.uid  LIMIT 1   [ RunTime:0.0001s ]
SQL: SELECT statu.*,bind.*,d.device_code,type.*,vendors.*,d.name dname,d.phone,d.address,d.id,d.uid,u.open_id FROM pub_devices d LEFT JOIN pub_devices_statu statu ON d.device_code=statu.DeviceID LEFT JOIN pub_binding bind ON d.id=bind.did LEFT JOIN pub_vendors vendors ON bind.vid=vendors.id LEFT JOIN pub_device_type type ON d.type_id=type.id LEFT JOIN pub_users u ON u.id=d.uid  ORDER BY d.id asc LIMIT 0,10   [ RunTime:0.0004s ]
INFO: [ view_parse ] --START--
INFO: [ template_filter ] --START--
INFO: Run Behavior\ContentReplaceBehavior [ RunTime:0.000159s ]
INFO: [ template_filter ] --END-- [ RunTime:0.000262s ]
INFO: Run Behavior\ParseTemplateBehavior [ RunTime:0.038834s ]
INFO: [ view_parse ] --END-- [ RunTime:0.038935s ]
INFO: [ view_filter ] --START--
INFO: Run Behavior\WriteHtmlCacheBehavior [ RunTime:0.000262s ]
INFO: [ view_filter ] --END-- [ RunTime:0.000354s ]
INFO: [ app_end ] --START--
INFO: Run Behavior\ShowPageTraceBehavior [ RunTime:0.000524s ]
INFO: [ app_end ] --END-- [ RunTime:0.000663s ]

[ 2018-04-01T14:42:11+08:00 ] ::1 /index.php/Admin/Users/index.html
INFO: [ app_init ] --START--
INFO: Run Behavior\BuildLiteBehavior [ RunTime:0.000024s ]
INFO: [ app_init ] --END-- [ RunTime:0.000389s ]
INFO: [ app_begin ] --START--
INFO: Run Behavior\ReadHtmlCacheBehavior [ RunTime:0.000421s ]
INFO: [ app_begin ] --END-- [ RunTime:0.000519s ]
NOTIC: [2048] Declaration of Admin\Model\AdminMenuModel::getTreeData() should be compatible with Admin\Model\BaseModel::getTreeData($type = 'tree', $order = '', $name = 'name', $child = 'id', $parent = 'pid') /www/Gits/dianqiu/project/Application/Admin/Model/AdminMenuModel.class.php 第 7 行.
SQL: SHOW COLUMNS FROM `pub_admin_menu` [ RunTime:0.0017s ]
SQL: SELECT * FROM `pub_admin_menu` ORDER BY order_number is null,order_number,id  [ RunTime:0.0003s ]
SQL: SHOW COLUMNS FROM `pub_auth_group_access` [ RunTime:0.0014s ]
SQL: SELECT `uid`,`group_id`,`title`,`rules` FROM pub_auth_group_access a INNER JOIN pub_auth_group g on a.group_id=g.id  WHERE ( a.uid='1' and g.status='1' )  [ RunTime:0.0001s ]
SQL: SHOW COLUMNS FROM `pub_auth_rule` [ RunTime:0.0016s ]
SQL: SELECT `condition`,`name` FROM `pub_auth_rule` WHERE `id` IN ('1','2','38','3','4','5','6','7','8','9','10','11','12','13','15','16','42','18','19','20','21','22','23','24','25','27','28','29','30','31','32','33','34','35','36','37','39','40','41','47','48') AND `type` = 1 AND `status` = 1  [ RunTime:0.0002s ]
NOTIC: [8] Undefined variable: map /www/Gits/dianqiu/project/Application/Admin/Controller/UsersController.class.php 第 44 行.
NOTIC: [2] array_filter() expects parameter 1 to be array, null given /www/Gits/dianqiu/project/Application/Admin/Controller/UsersController.class.php 第 49 行.
SQL: SHOW COLUMNS FROM `pub_users` [ RunTime:0.0021s ]
SQL: SELECT COUNT(*) AS tp_count FROM pub_users u LEFT JOIN pub_wechat w ON u.open_id=w.open_id LEFT JOIN pub_current_devices cd ON u.id=cd.uid LEFT JOIN pub_devices d ON cd.did=d.id LEFT JOIN pub_binding bd ON d.id = bd.did   LIMIT 1   [ RunTime:0.0017s ]
SQL: SELECT d.device_code,d.name,d.phone,w.*,u.*,d.address,cd.uid,cd.did,d.updatetime FROM pub_users u LEFT JOIN pub_wechat w ON u.open_id=w.open_id LEFT JOIN pub_current_devices cd ON u.id=cd.uid LEFT JOIN pub_devices d ON cd.did=d.id LEFT JOIN pub_binding bd ON d.id = bd.did   ORDER BY u.created_at desc LIMIT 0,10   [ RunTime:0.0022s ]
INFO: [ view_parse ] --START--
INFO: [ template_filter ] --START--
INFO: Run Behavior\ContentReplaceBehavior [ RunTime:0.000087s ]
INFO: [ template_filter ] --END-- [ RunTime:0.000189s ]
INFO: Run Behavior\ParseTemplateBehavior [ RunTime:0.030703s ]
INFO: [ view_parse ] --END-- [ RunTime:0.030820s ]
INFO: [ view_filter ] --START--
INFO: Run Behavior\WriteHtmlCacheBehavior [ RunTime:0.000199s ]
INFO: [ view_filter ] --END-- [ RunTime:0.000294s ]
INFO: [ app_end ] --START--
INFO: Run Behavior\ShowPageTraceBehavior [ RunTime:0.000442s ]
INFO: [ app_end ] --END-- [ RunTime:0.000539s ]

[ 2018-04-01T14:42:41+08:00 ] ::1 /index.php/Admin/Users/index
INFO: [ app_init ] --START--
INFO: Run Behavior\BuildLiteBehavior [ RunTime:0.000023s ]
INFO: [ app_init ] --END-- [ RunTime:0.000407s ]
INFO: [ app_begin ] --START--
INFO: Run Behavior\ReadHtmlCacheBehavior [ RunTime:0.000440s ]
INFO: [ app_begin ] --END-- [ RunTime:0.000543s ]
NOTIC: [2048] Declaration of Admin\Model\AdminMenuModel::getTreeData() should be compatible with Admin\Model\BaseModel::getTreeData($type = 'tree', $order = '', $name = 'name', $child = 'id', $parent = 'pid') /www/Gits/dianqiu/project/Application/Admin/Model/AdminMenuModel.class.php 第 7 行.
SQL: SHOW COLUMNS FROM `pub_admin_menu` [ RunTime:0.0016s ]
SQL: SELECT * FROM `pub_admin_menu` ORDER BY order_number is null,order_number,id  [ RunTime:0.0002s ]
SQL: SHOW COLUMNS FROM `pub_auth_group_access` [ RunTime:0.0014s ]
SQL: SELECT `uid`,`group_id`,`title`,`rules` FROM pub_auth_group_access a INNER JOIN pub_auth_group g on a.group_id=g.id  WHERE ( a.uid='1' and g.status='1' )  [ RunTime:0.0001s ]
SQL: SHOW COLUMNS FROM `pub_auth_rule` [ RunTime:0.0016s ]
SQL: SELECT `condition`,`name` FROM `pub_auth_rule` WHERE `id` IN ('1','2','38','3','4','5','6','7','8','9','10','11','12','13','15','16','42','18','19','20','21','22','23','24','25','27','28','29','30','31','32','33','34','35','36','37','39','40','41','47','48') AND `type` = 1 AND `status` = 1  [ RunTime:0.0002s ]
SQL: SHOW COLUMNS FROM `pub_users` [ RunTime:0.0019s ]
SQL: SELECT u.id,w.nickname,d.device_code,d.phone,d.address,u.login_time,u.login_ip,u.created_at,d.updatetime FROM pub_users u LEFT JOIN pub_wechat w ON u.open_id=w.open_id LEFT JOIN pub_current_devices cd ON u.id=cd.uid LEFT JOIN pub_devices d ON cd.did=d.id INNER JOIN pub_binding bd ON d.id = bd.did   WHERE d.device_code LIKE '%2249%'  [ RunTime:0.0006s ]
NOTIC: [8] ob_end_clean(): failed to delete buffer. No buffer to delete /www/Gits/dianqiu/project/ThinkPHP/Library/Org/Util/MYExcel.class.php 第 102 行.
INFO: [ app_end ] --START--
INFO: Run Behavior\ShowPageTraceBehavior [ RunTime:0.000477s ]
INFO: [ app_end ] --END-- [ RunTime:0.000584s ]

[ 2018-04-01T14:42:41+08:00 ] ::1 /index.php/Admin/Users/index
INFO: [ app_init ] --START--
INFO: Run Behavior\BuildLiteBehavior [ RunTime:0.000021s ]
INFO: [ app_init ] --END-- [ RunTime:0.000343s ]
INFO: [ app_begin ] --START--
INFO: Run Behavior\ReadHtmlCacheBehavior [ RunTime:0.000371s ]
INFO: [ app_begin ] --END-- [ RunTime:0.000460s ]
NOTIC: [2048] Declaration of Admin\Model\AdminMenuModel::getTreeData() should be compatible with Admin\Model\BaseModel::getTreeData($type = 'tree', $order = '', $name = 'name', $child = 'id', $parent = 'pid') /www/Gits/dianqiu/project/Application/Admin/Model/AdminMenuModel.class.php 第 7 行.
SQL: SHOW COLUMNS FROM `pub_admin_menu` [ RunTime:0.0017s ]
SQL: SELECT * FROM `pub_admin_menu` ORDER BY order_number is null,order_number,id  [ RunTime:0.0002s ]
SQL: SHOW COLUMNS FROM `pub_auth_group_access` [ RunTime:0.0014s ]
SQL: SELECT `uid`,`group_id`,`title`,`rules` FROM pub_auth_group_access a INNER JOIN pub_auth_group g on a.group_id=g.id  WHERE ( a.uid='1' and g.status='1' )  [ RunTime:0.0001s ]
SQL: SHOW COLUMNS FROM `pub_auth_rule` [ RunTime:0.0015s ]
SQL: SELECT `condition`,`name` FROM `pub_auth_rule` WHERE `id` IN ('1','2','38','3','4','5','6','7','8','9','10','11','12','13','15','16','42','18','19','20','21','22','23','24','25','27','28','29','30','31','32','33','34','35','36','37','39','40','41','47','48') AND `type` = 1 AND `status` = 1  [ RunTime:0.0002s ]
SQL: SHOW COLUMNS FROM `pub_users` [ RunTime:0.0016s ]
SQL: SELECT COUNT(*) AS tp_count FROM pub_users u LEFT JOIN pub_wechat w ON u.open_id=w.open_id LEFT JOIN pub_current_devices cd ON u.id=cd.uid LEFT JOIN pub_devices d ON cd.did=d.id LEFT JOIN pub_binding bd ON d.id = bd.did   WHERE d.device_code LIKE '%2249%' LIMIT 1   [ RunTime:0.0005s ]
SQL: SELECT d.device_code,d.name,d.phone,w.*,u.*,d.address,cd.uid,cd.did,d.updatetime FROM pub_users u LEFT JOIN pub_wechat w ON u.open_id=w.open_id LEFT JOIN pub_current_devices cd ON u.id=cd.uid LEFT JOIN pub_devices d ON cd.did=d.id LEFT JOIN pub_binding bd ON d.id = bd.did   WHERE d.device_code LIKE '%2249%' ORDER BY u.created_at desc LIMIT 0,10   [ RunTime:0.0006s ]
INFO: [ view_parse ] --START--
INFO: [ template_filter ] --START--
INFO: Run Behavior\ContentReplaceBehavior [ RunTime:0.000155s ]
INFO: [ template_filter ] --END-- [ RunTime:0.000248s ]
INFO: Run Behavior\ParseTemplateBehavior [ RunTime:0.026473s ]
INFO: [ view_parse ] --END-- [ RunTime:0.026579s ]
INFO: [ view_filter ] --START--
INFO: Run Behavior\WriteHtmlCacheBehavior [ RunTime:0.000178s ]
INFO: [ view_filter ] --END-- [ RunTime:0.000264s ]
INFO: [ app_end ] --START--
INFO: Run Behavior\ShowPageTraceBehavior [ RunTime:0.000780s ]
INFO: [ app_end ] --END-- [ RunTime:0.000895s ]

[ 2018-04-01T15:12:11+08:00 ] ::1 /index.php/Admin/Users/index.html
INFO: [ app_init ] --START--
INFO: Run Behavior\BuildLiteBehavior [ RunTime:0.000023s ]
INFO: [ app_init ] --END-- [ RunTime:0.000430s ]
INFO: [ app_begin ] --START--
INFO: Run Behavior\ReadHtmlCacheBehavior [ RunTime:0.000454s ]
INFO: [ app_begin ] --END-- [ RunTime:0.000559s ]
NOTIC: [2048] Declaration of Admin\Model\AdminMenuModel::getTreeData() should be compatible with Admin\Model\BaseModel::getTreeData($type = 'tree', $order = '', $name = 'name', $child = 'id', $parent = 'pid') /www/Gits/dianqiu/project/Application/Admin/Model/AdminMenuModel.class.php 第 7 行.
SQL: SHOW COLUMNS FROM `pub_admin_menu` [ RunTime:0.0021s ]
SQL: SELECT * FROM `pub_admin_menu` ORDER BY order_number is null,order_number,id  [ RunTime:0.0004s ]
SQL: SHOW COLUMNS FROM `pub_auth_group_access` [ RunTime:0.0014s ]
SQL: SELECT `uid`,`group_id`,`title`,`rules` FROM pub_auth_group_access a INNER JOIN pub_auth_group g on a.group_id=g.id  WHERE ( a.uid='1' and g.status='1' )  [ RunTime:0.0001s ]
SQL: SHOW COLUMNS FROM `pub_auth_rule` [ RunTime:0.0017s ]
SQL: SELECT `condition`,`name` FROM `pub_auth_rule` WHERE `id` IN ('1','2','38','3','4','5','6','7','8','9','10','11','12','13','15','16','42','18','19','20','21','22','23','24','25','27','28','29','30','31','32','33','34','35','36','37','39','40','41','47','48') AND `type` = 1 AND `status` = 1  [ RunTime:0.0002s ]
NOTIC: [8] Undefined variable: map /www/Gits/dianqiu/project/Application/Admin/Controller/UsersController.class.php 第 44 行.
NOTIC: [2] array_filter() expects parameter 1 to be array, null given /www/Gits/dianqiu/project/Application/Admin/Controller/UsersController.class.php 第 49 行.
SQL: SHOW COLUMNS FROM `pub_users` [ RunTime:0.0020s ]
SQL: SELECT COUNT(*) AS tp_count FROM pub_users u LEFT JOIN pub_wechat w ON u.open_id=w.open_id LEFT JOIN pub_current_devices cd ON u.id=cd.uid LEFT JOIN pub_devices d ON cd.did=d.id LEFT JOIN pub_binding bd ON d.id = bd.did   LIMIT 1   [ RunTime:0.0003s ]
SQL: SELECT d.device_code,d.name,d.phone,w.*,u.*,d.address,cd.uid,cd.did,d.updatetime FROM pub_users u LEFT JOIN pub_wechat w ON u.open_id=w.open_id LEFT JOIN pub_current_devices cd ON u.id=cd.uid LEFT JOIN pub_devices d ON cd.did=d.id LEFT JOIN pub_binding bd ON d.id = bd.did   ORDER BY u.created_at desc LIMIT 0,10   [ RunTime:0.0003s ]
INFO: [ view_parse ] --START--
INFO: [ template_filter ] --START--
INFO: Run Behavior\ContentReplaceBehavior [ RunTime:0.000076s ]
INFO: [ template_filter ] --END-- [ RunTime:0.000169s ]
INFO: Run Behavior\ParseTemplateBehavior [ RunTime:0.026379s ]
INFO: [ view_parse ] --END-- [ RunTime:0.026490s ]
INFO: [ view_filter ] --START--
INFO: Run Behavior\WriteHtmlCacheBehavior [ RunTime:0.000205s ]
INFO: [ view_filter ] --END-- [ RunTime:0.000301s ]
INFO: [ app_end ] --START--
INFO: Run Behavior\ShowPageTraceBehavior [ RunTime:0.000616s ]
INFO: [ app_end ] --END-- [ RunTime:0.000776s ]

[ 2018-04-01T15:12:14+08:00 ] ::1 /index.php/Admin/Users/index
INFO: [ app_init ] --START--
INFO: Run Behavior\BuildLiteBehavior [ RunTime:0.000026s ]
INFO: [ app_init ] --END-- [ RunTime:0.000423s ]
INFO: [ app_begin ] --START--
INFO: Run Behavior\ReadHtmlCacheBehavior [ RunTime:0.000437s ]
INFO: [ app_begin ] --END-- [ RunTime:0.000542s ]
NOTIC: [2048] Declaration of Admin\Model\AdminMenuModel::getTreeData() should be compatible with Admin\Model\BaseModel::getTreeData($type = 'tree', $order = '', $name = 'name', $child = 'id', $parent = 'pid') /www/Gits/dianqiu/project/Application/Admin/Model/AdminMenuModel.class.php 第 7 行.
SQL: SHOW COLUMNS FROM `pub_admin_menu` [ RunTime:0.0030s ]
SQL: SELECT * FROM `pub_admin_menu` ORDER BY order_number is null,order_number,id  [ RunTime:0.0004s ]
SQL: SHOW COLUMNS FROM `pub_auth_group_access` [ RunTime:0.0016s ]
SQL: SELECT `uid`,`group_id`,`title`,`rules` FROM pub_auth_group_access a INNER JOIN pub_auth_group g on a.group_id=g.id  WHERE ( a.uid='1' and g.status='1' )  [ RunTime:0.0001s ]
SQL: SHOW COLUMNS FROM `pub_auth_rule` [ RunTime:0.0017s ]
SQL: SELECT `condition`,`name` FROM `pub_auth_rule` WHERE `id` IN ('1','2','38','3','4','5','6','7','8','9','10','11','12','13','15','16','42','18','19','20','21','22','23','24','25','27','28','29','30','31','32','33','34','35','36','37','39','40','41','47','48') AND `type` = 1 AND `status` = 1  [ RunTime:0.0004s ]
SQL: SHOW COLUMNS FROM `pub_users` [ RunTime:0.0018s ]
SQL: SELECT u.id,w.nickname,d.device_code,d.phone,d.address,u.login_time,u.login_ip,u.created_at,d.updatetime FROM pub_users u LEFT JOIN pub_wechat w ON u.open_id=w.open_id LEFT JOIN pub_current_devices cd ON u.id=cd.uid LEFT JOIN pub_devices d ON cd.did=d.id INNER JOIN pub_binding bd ON d.id = bd.did   WHERE d.device_code LIKE '%868575025672249%'  [ RunTime:0.0006s ]
NOTIC: [8] ob_end_clean(): failed to delete buffer. No buffer to delete /www/Gits/dianqiu/project/ThinkPHP/Library/Org/Util/MYExcel.class.php 第 102 行.
INFO: [ app_end ] --START--
INFO: Run Behavior\ShowPageTraceBehavior [ RunTime:0.000495s ]
INFO: [ app_end ] --END-- [ RunTime:0.000605s ]

[ 2018-04-01T15:12:14+08:00 ] ::1 /index.php/Admin/Users/index
INFO: [ app_init ] --START--
INFO: Run Behavior\BuildLiteBehavior [ RunTime:0.000021s ]
INFO: [ app_init ] --END-- [ RunTime:0.000417s ]
INFO: [ app_begin ] --START--
INFO: Run Behavior\ReadHtmlCacheBehavior [ RunTime:0.000400s ]
INFO: [ app_begin ] --END-- [ RunTime:0.000495s ]
NOTIC: [2048] Declaration of Admin\Model\AdminMenuModel::getTreeData() should be compatible with Admin\Model\BaseModel::getTreeData($type = 'tree', $order = '', $name = 'name', $child = 'id', $parent = 'pid') /www/Gits/dianqiu/project/Application/Admin/Model/AdminMenuModel.class.php 第 7 行.
SQL: SHOW COLUMNS FROM `pub_admin_menu` [ RunTime:0.0016s ]
SQL: SELECT * FROM `pub_admin_menu` ORDER BY order_number is null,order_number,id  [ RunTime:0.0002s ]
SQL: SHOW COLUMNS FROM `pub_auth_group_access` [ RunTime:0.0016s ]
SQL: SELECT `uid`,`group_id`,`title`,`rules` FROM pub_auth_group_access a INNER JOIN pub_auth_group g on a.group_id=g.id  WHERE ( a.uid='1' and g.status='1' )  [ RunTime:0.0001s ]
SQL: SHOW COLUMNS FROM `pub_auth_rule` [ RunTime:0.0018s ]
SQL: SELECT `condition`,`name` FROM `pub_auth_rule` WHERE `id` IN ('1','2','38','3','4','5','6','7','8','9','10','11','12','13','15','16','42','18','19','20','21','22','23','24','25','27','28','29','30','31','32','33','34','35','36','37','39','40','41','47','48') AND `type` = 1 AND `status` = 1  [ RunTime:0.0002s ]
SQL: SHOW COLUMNS FROM `pub_users` [ RunTime:0.0017s ]
SQL: SELECT COUNT(*) AS tp_count FROM pub_users u LEFT JOIN pub_wechat w ON u.open_id=w.open_id LEFT JOIN pub_current_devices cd ON u.id=cd.uid LEFT JOIN pub_devices d ON cd.did=d.id LEFT JOIN pub_binding bd ON d.id = bd.did   WHERE d.device_code LIKE '%868575025672249%' LIMIT 1   [ RunTime:0.0006s ]
SQL: SELECT d.device_code,d.name,d.phone,w.*,u.*,d.address,cd.uid,cd.did,d.updatetime FROM pub_users u LEFT JOIN pub_wechat w ON u.open_id=w.open_id LEFT JOIN pub_current_devices cd ON u.id=cd.uid LEFT JOIN pub_devices d ON cd.did=d.id LEFT JOIN pub_binding bd ON d.id = bd.did   WHERE d.device_code LIKE '%868575025672249%' ORDER BY u.created_at desc LIMIT 0,10   [ RunTime:0.0006s ]
INFO: [ view_parse ] --START--
INFO: [ template_filter ] --START--
INFO: Run Behavior\ContentReplaceBehavior [ RunTime:0.000080s ]
INFO: [ template_filter ] --END-- [ RunTime:0.000182s ]
INFO: Run Behavior\ParseTemplateBehavior [ RunTime:0.025840s ]
INFO: [ view_parse ] --END-- [ RunTime:0.025941s ]
INFO: [ view_filter ] --START--
INFO: Run Behavior\WriteHtmlCacheBehavior [ RunTime:0.000250s ]
INFO: [ view_filter ] --END-- [ RunTime:0.000340s ]
INFO: [ app_end ] --START--
INFO: Run Behavior\ShowPageTraceBehavior [ RunTime:0.000729s ]
INFO: [ app_end ] --END-- [ RunTime:0.000994s ]

[ 2018-04-01T15:12:19+08:00 ] ::1 /index.php/Admin/Users/index
INFO: [ app_init ] --START--
INFO: Run Behavior\BuildLiteBehavior [ RunTime:0.000021s ]
INFO: [ app_init ] --END-- [ RunTime:0.000364s ]
INFO: [ app_begin ] --START--
INFO: Run Behavior\ReadHtmlCacheBehavior [ RunTime:0.000392s ]
INFO: [ app_begin ] --END-- [ RunTime:0.000483s ]
NOTIC: [2048] Declaration of Admin\Model\AdminMenuModel::getTreeData() should be compatible with Admin\Model\BaseModel::getTreeData($type = 'tree', $order = '', $name = 'name', $child = 'id', $parent = 'pid') /www/Gits/dianqiu/project/Application/Admin/Model/AdminMenuModel.class.php 第 7 行.
SQL: SHOW COLUMNS FROM `pub_admin_menu` [ RunTime:0.0021s ]
SQL: SELECT * FROM `pub_admin_menu` ORDER BY order_number is null,order_number,id  [ RunTime:0.0003s ]
SQL: SHOW COLUMNS FROM `pub_auth_group_access` [ RunTime:0.0017s ]
SQL: SELECT `uid`,`group_id`,`title`,`rules` FROM pub_auth_group_access a INNER JOIN pub_auth_group g on a.group_id=g.id  WHERE ( a.uid='1' and g.status='1' )  [ RunTime:0.0003s ]
SQL: SHOW COLUMNS FROM `pub_auth_rule` [ RunTime:0.0016s ]
SQL: SELECT `condition`,`name` FROM `pub_auth_rule` WHERE `id` IN ('1','2','38','3','4','5','6','7','8','9','10','11','12','13','15','16','42','18','19','20','21','22','23','24','25','27','28','29','30','31','32','33','34','35','36','37','39','40','41','47','48') AND `type` = 1 AND `status` = 1  [ RunTime:0.0003s ]
SQL: SHOW COLUMNS FROM `pub_users` [ RunTime:0.0018s ]
SQL: SELECT u.id,w.nickname,d.device_code,d.phone,d.address,u.login_time,u.login_ip,u.created_at,d.updatetime FROM pub_users u LEFT JOIN pub_wechat w ON u.open_id=w.open_id LEFT JOIN pub_current_devices cd ON u.id=cd.uid LEFT JOIN pub_devices d ON cd.did=d.id INNER JOIN pub_binding bd ON d.id = bd.did   WHERE d.device_code LIKE '%2249%'  [ RunTime:0.0004s ]
NOTIC: [8] ob_end_clean(): failed to delete buffer. No buffer to delete /www/Gits/dianqiu/project/ThinkPHP/Library/Org/Util/MYExcel.class.php 第 102 行.
INFO: [ app_end ] --START--
INFO: Run Behavior\ShowPageTraceBehavior [ RunTime:0.000454s ]
INFO: [ app_end ] --END-- [ RunTime:0.000555s ]

[ 2018-04-01T15:12:19+08:00 ] ::1 /index.php/Admin/Users/index
INFO: [ app_init ] --START--
INFO: Run Behavior\BuildLiteBehavior [ RunTime:0.000021s ]
INFO: [ app_init ] --END-- [ RunTime:0.000349s ]
INFO: [ app_begin ] --START--
INFO: Run Behavior\ReadHtmlCacheBehavior [ RunTime:0.000385s ]
INFO: [ app_begin ] --END-- [ RunTime:0.000473s ]
NOTIC: [2048] Declaration of Admin\Model\AdminMenuModel::getTreeData() should be compatible with Admin\Model\BaseModel::getTreeData($type = 'tree', $order = '', $name = 'name', $child = 'id', $parent = 'pid') /www/Gits/dianqiu/project/Application/Admin/Model/AdminMenuModel.class.php 第 7 行.
SQL: SHOW COLUMNS FROM `pub_admin_menu` [ RunTime:0.0016s ]
SQL: SELECT * FROM `pub_admin_menu` ORDER BY order_number is null,order_number,id  [ RunTime:0.0002s ]
SQL: SHOW COLUMNS FROM `pub_auth_group_access` [ RunTime:0.0014s ]
SQL: SELECT `uid`,`group_id`,`title`,`rules` FROM pub_auth_group_access a INNER JOIN pub_auth_group g on a.group_id=g.id  WHERE ( a.uid='1' and g.status='1' )  [ RunTime:0.0002s ]
SQL: SHOW COLUMNS FROM `pub_auth_rule` [ RunTime:0.0016s ]
SQL: SELECT `condition`,`name` FROM `pub_auth_rule` WHERE `id` IN ('1','2','38','3','4','5','6','7','8','9','10','11','12','13','15','16','42','18','19','20','21','22','23','24','25','27','28','29','30','31','32','33','34','35','36','37','39','40','41','47','48') AND `type` = 1 AND `status` = 1  [ RunTime:0.0002s ]
SQL: SHOW COLUMNS FROM `pub_users` [ RunTime:0.0016s ]
SQL: SELECT COUNT(*) AS tp_count FROM pub_users u LEFT JOIN pub_wechat w ON u.open_id=w.open_id LEFT JOIN pub_current_devices cd ON u.id=cd.uid LEFT JOIN pub_devices d ON cd.did=d.id LEFT JOIN pub_binding bd ON d.id = bd.did   WHERE d.device_code LIKE '%2249%' LIMIT 1   [ RunTime:0.0001s ]
SQL: SELECT d.device_code,d.name,d.phone,w.*,u.*,d.address,cd.uid,cd.did,d.updatetime FROM pub_users u LEFT JOIN pub_wechat w ON u.open_id=w.open_id LEFT JOIN pub_current_devices cd ON u.id=cd.uid LEFT JOIN pub_devices d ON cd.did=d.id LEFT JOIN pub_binding bd ON d.id = bd.did   WHERE d.device_code LIKE '%2249%' ORDER BY u.created_at desc LIMIT 0,10   [ RunTime:0.0002s ]
INFO: [ view_parse ] --START--
INFO: [ template_filter ] --START--
INFO: Run Behavior\ContentReplaceBehavior [ RunTime:0.000076s ]
INFO: [ template_filter ] --END-- [ RunTime:0.000165s ]
INFO: Run Behavior\ParseTemplateBehavior [ RunTime:0.025983s ]
INFO: [ view_parse ] --END-- [ RunTime:0.026106s ]
INFO: [ view_filter ] --START--
INFO: Run Behavior\WriteHtmlCacheBehavior [ RunTime:0.000239s ]
INFO: [ view_filter ] --END-- [ RunTime:0.000355s ]
INFO: [ app_end ] --START--
INFO: Run Behavior\ShowPageTraceBehavior [ RunTime:0.000625s ]
INFO: [ app_end ] --END-- [ RunTime:0.000770s ]

[ 2018-04-01T15:12:30+08:00 ] ::1 /index.php/Admin/Users/index
INFO: [ app_init ] --START--
INFO: Run Behavior\BuildLiteBehavior [ RunTime:0.000022s ]
INFO: [ app_init ] --END-- [ RunTime:0.000362s ]
INFO: [ app_begin ] --START--
INFO: Run Behavior\ReadHtmlCacheBehavior [ RunTime:0.000403s ]
INFO: [ app_begin ] --END-- [ RunTime:0.000499s ]
NOTIC: [2048] Declaration of Admin\Model\AdminMenuModel::getTreeData() should be compatible with Admin\Model\BaseModel::getTreeData($type = 'tree', $order = '', $name = 'name', $child = 'id', $parent = 'pid') /www/Gits/dianqiu/project/Application/Admin/Model/AdminMenuModel.class.php 第 7 行.
SQL: SHOW COLUMNS FROM `pub_admin_menu` [ RunTime:0.0015s ]
SQL: SELECT * FROM `pub_admin_menu` ORDER BY order_number is null,order_number,id  [ RunTime:0.0002s ]
SQL: SHOW COLUMNS FROM `pub_auth_group_access` [ RunTime:0.0014s ]
SQL: SELECT `uid`,`group_id`,`title`,`rules` FROM pub_auth_group_access a INNER JOIN pub_auth_group g on a.group_id=g.id  WHERE ( a.uid='1' and g.status='1' )  [ RunTime:0.0001s ]
SQL: SHOW COLUMNS FROM `pub_auth_rule` [ RunTime:0.0014s ]
SQL: SELECT `condition`,`name` FROM `pub_auth_rule` WHERE `id` IN ('1','2','38','3','4','5','6','7','8','9','10','11','12','13','15','16','42','18','19','20','21','22','23','24','25','27','28','29','30','31','32','33','34','35','36','37','39','40','41','47','48') AND `type` = 1 AND `status` = 1  [ RunTime:0.0002s ]
SQL: SHOW COLUMNS FROM `pub_users` [ RunTime:0.0015s ]
SQL: SELECT u.id,w.nickname,d.device_code,d.phone,d.address,u.login_time,u.login_ip,u.created_at,d.updatetime FROM pub_users u LEFT JOIN pub_wechat w ON u.open_id=w.open_id LEFT JOIN pub_current_devices cd ON u.id=cd.uid LEFT JOIN pub_devices d ON cd.did=d.id INNER JOIN pub_binding bd ON d.id = bd.did   WHERE w.nickname LIKE '%潘%'  [ RunTime:0.0020s ]
NOTIC: [8] ob_end_clean(): failed to delete buffer. No buffer to delete /www/Gits/dianqiu/project/ThinkPHP/Library/Org/Util/MYExcel.class.php 第 102 行.
INFO: [ app_end ] --START--
INFO: Run Behavior\ShowPageTraceBehavior [ RunTime:0.000468s ]
INFO: [ app_end ] --END-- [ RunTime:0.000575s ]

[ 2018-04-01T15:12:30+08:00 ] ::1 /index.php/Admin/Users/index
INFO: [ app_init ] --START--
INFO: Run Behavior\BuildLiteBehavior [ RunTime:0.000020s ]
INFO: [ app_init ] --END-- [ RunTime:0.000346s ]
INFO: [ app_begin ] --START--
INFO: Run Behavior\ReadHtmlCacheBehavior [ RunTime:0.000376s ]
INFO: [ app_begin ] --END-- [ RunTime:0.000468s ]
NOTIC: [2048] Declaration of Admin\Model\AdminMenuModel::getTreeData() should be compatible with Admin\Model\BaseModel::getTreeData($type = 'tree', $order = '', $name = 'name', $child = 'id', $parent = 'pid') /www/Gits/dianqiu/project/Application/Admin/Model/AdminMenuModel.class.php 第 7 行.
SQL: SHOW COLUMNS FROM `pub_admin_menu` [ RunTime:0.0016s ]
SQL: SELECT * FROM `pub_admin_menu` ORDER BY order_number is null,order_number,id  [ RunTime:0.0004s ]
SQL: SHOW COLUMNS FROM `pub_auth_group_access` [ RunTime:0.0013s ]
SQL: SELECT `uid`,`group_id`,`title`,`rules` FROM pub_auth_group_access a INNER JOIN pub_auth_group g on a.group_id=g.id  WHERE ( a.uid='1' and g.status='1' )  [ RunTime:0.0003s ]
SQL: SHOW COLUMNS FROM `pub_auth_rule` [ RunTime:0.0016s ]
SQL: SELECT `condition`,`name` FROM `pub_auth_rule` WHERE `id` IN ('1','2','38','3','4','5','6','7','8','9','10','11','12','13','15','16','42','18','19','20','21','22','23','24','25','27','28','29','30','31','32','33','34','35','36','37','39','40','41','47','48') AND `type` = 1 AND `status` = 1  [ RunTime:0.0003s ]
SQL: SHOW COLUMNS FROM `pub_users` [ RunTime:0.0016s ]
SQL: SELECT COUNT(*) AS tp_count FROM pub_users u LEFT JOIN pub_wechat w ON u.open_id=w.open_id LEFT JOIN pub_current_devices cd ON u.id=cd.uid LEFT JOIN pub_devices d ON cd.did=d.id LEFT JOIN pub_binding bd ON d.id = bd.did   WHERE w.nickname LIKE '%潘%' LIMIT 1   [ RunTime:0.0010s ]
SQL: SELECT d.device_code,d.name,d.phone,w.*,u.*,d.address,cd.uid,cd.did,d.updatetime FROM pub_users u LEFT JOIN pub_wechat w ON u.open_id=w.open_id LEFT JOIN pub_current_devices cd ON u.id=cd.uid LEFT JOIN pub_devices d ON cd.did=d.id LEFT JOIN pub_binding bd ON d.id = bd.did   WHERE w.nickname LIKE '%潘%' ORDER BY u.created_at desc LIMIT 0,10   [ RunTime:0.0010s ]
INFO: [ view_parse ] --START--
INFO: [ template_filter ] --START--
INFO: Run Behavior\ContentReplaceBehavior [ RunTime:0.000079s ]
INFO: [ template_filter ] --END-- [ RunTime:0.000179s ]
INFO: Run Behavior\ParseTemplateBehavior [ RunTime:0.027423s ]
INFO: [ view_parse ] --END-- [ RunTime:0.027546s ]
INFO: [ view_filter ] --START--
INFO: Run Behavior\WriteHtmlCacheBehavior [ RunTime:0.000270s ]
INFO: [ view_filter ] --END-- [ RunTime:0.000388s ]
INFO: [ app_end ] --START--
INFO: Run Behavior\ShowPageTraceBehavior [ RunTime:0.000830s ]
INFO: [ app_end ] --END-- [ RunTime:0.000966s ]

[ 2018-04-01T15:12:32+08:00 ] ::1 /index.php/Admin/Users/user_info?open_id=oXwY4tw2AtbFpWEKrqz0Wel1MlAE
INFO: [ app_init ] --START--
INFO: Run Behavior\BuildLiteBehavior [ RunTime:0.000022s ]
INFO: [ app_init ] --END-- [ RunTime:0.000371s ]
INFO: [ app_begin ] --START--
INFO: Run Behavior\ReadHtmlCacheBehavior [ RunTime:0.000424s ]
INFO: [ app_begin ] --END-- [ RunTime:0.000520s ]
NOTIC: [2048] Declaration of Admin\Model\AdminMenuModel::getTreeData() should be compatible with Admin\Model\BaseModel::getTreeData($type = 'tree', $order = '', $name = 'name', $child = 'id', $parent = 'pid') /www/Gits/dianqiu/project/Application/Admin/Model/AdminMenuModel.class.php 第 7 行.
SQL: SHOW COLUMNS FROM `pub_admin_menu` [ RunTime:0.0016s ]
SQL: SELECT * FROM `pub_admin_menu` ORDER BY order_number is null,order_number,id  [ RunTime:0.0002s ]
SQL: SHOW COLUMNS FROM `pub_auth_group_access` [ RunTime:0.0014s ]
SQL: SELECT `uid`,`group_id`,`title`,`rules` FROM pub_auth_group_access a INNER JOIN pub_auth_group g on a.group_id=g.id  WHERE ( a.uid='1' and g.status='1' )  [ RunTime:0.0002s ]
SQL: SHOW COLUMNS FROM `pub_auth_rule` [ RunTime:0.0016s ]
SQL: SELECT `condition`,`name` FROM `pub_auth_rule` WHERE `id` IN ('1','2','38','3','4','5','6','7','8','9','10','11','12','13','15','16','42','18','19','20','21','22','23','24','25','27','28','29','30','31','32','33','34','35','36','37','39','40','41','47','48') AND `type` = 1 AND `status` = 1  [ RunTime:0.0002s ]
SQL: SHOW COLUMNS FROM `pub_wechat` [ RunTime:0.0018s ]
SQL: SELECT * FROM `pub_wechat` WHERE `open_id` = 'oXwY4tw2AtbFpWEKrqz0Wel1MlAE' LIMIT 1   [ RunTime:0.0004s ]
SQL: SHOW COLUMNS FROM `pub_users` [ RunTime:0.0015s ]
SQL: SELECT * FROM pub_users u LEFT JOIN pub_devices d ON u.id=d.uid  WHERE `open_id` = 'oXwY4tw2AtbFpWEKrqz0Wel1MlAE'  [ RunTime:0.0005s ]
SQL: SHOW COLUMNS FROM `pub_flow` [ RunTime:0.0015s ]
SQL: SELECT * FROM `pub_flow` WHERE ( `status` = '1' ) AND `did` IN ('5','104') ORDER BY addtime desc  [ RunTime:0.0013s ]
SQL: SHOW COLUMNS FROM `pub_devices_statu` [ RunTime:0.0023s ]
SQL: SELECT `DeviceID`,`ReDay` FROM `pub_devices_statu` WHERE `DeviceID` IN ('112533645596778','868575025672249')  [ RunTime:0.0005s ]
INFO: [ view_parse ] --START--
INFO: [ template_filter ] --START--
INFO: Run Behavior\ContentReplaceBehavior [ RunTime:0.000072s ]
INFO: [ template_filter ] --END-- [ RunTime:0.000164s ]
INFO: Run Behavior\ParseTemplateBehavior [ RunTime:0.023843s ]
INFO: [ view_parse ] --END-- [ RunTime:0.023954s ]
INFO: [ view_filter ] --START--
INFO: Run Behavior\WriteHtmlCacheBehavior [ RunTime:0.000204s ]
INFO: [ view_filter ] --END-- [ RunTime:0.000301s ]
INFO: [ app_end ] --START--
INFO: Run Behavior\ShowPageTraceBehavior [ RunTime:0.000633s ]
INFO: [ app_end ] --END-- [ RunTime:0.000781s ]

[ 2018-04-01T15:12:37+08:00 ] ::1 /index.php/Admin/Users/unbind.html
INFO: [ app_init ] --START--
INFO: Run Behavior\BuildLiteBehavior [ RunTime:0.000024s ]
INFO: [ app_init ] --END-- [ RunTime:0.000401s ]
INFO: [ app_begin ] --START--
INFO: Run Behavior\ReadHtmlCacheBehavior [ RunTime:0.000470s ]
INFO: [ app_begin ] --END-- [ RunTime:0.000600s ]
NOTIC: [2048] Declaration of Admin\Model\AdminMenuModel::getTreeData() should be compatible with Admin\Model\BaseModel::getTreeData($type = 'tree', $order = '', $name = 'name', $child = 'id', $parent = 'pid') /www/Gits/dianqiu/project/Application/Admin/Model/AdminMenuModel.class.php 第 7 行.
SQL: SHOW COLUMNS FROM `pub_admin_menu` [ RunTime:0.0077s ]
SQL: SELECT * FROM `pub_admin_menu` ORDER BY order_number is null,order_number,id  [ RunTime:0.0004s ]
SQL: SHOW COLUMNS FROM `pub_auth_group_access` [ RunTime:0.0022s ]
SQL: SELECT `uid`,`group_id`,`title`,`rules` FROM pub_auth_group_access a INNER JOIN pub_auth_group g on a.group_id=g.id  WHERE ( a.uid='1' and g.status='1' )  [ RunTime:0.0002s ]
SQL: SHOW COLUMNS FROM `pub_auth_rule` [ RunTime:0.0016s ]
SQL: SELECT `condition`,`name` FROM `pub_auth_rule` WHERE `id` IN ('1','2','38','3','4','5','6','7','8','9','10','11','12','13','15','16','42','18','19','20','21','22','23','24','25','27','28','29','30','31','32','33','34','35','36','37','39','40','41','47','48') AND `type` = 1 AND `status` = 1  [ RunTime:0.0002s ]
SQL: SHOW COLUMNS FROM `pub_devices` [ RunTime:0.0017s ]
SQL: SHOW COLUMNS FROM `pub_current_devices` [ RunTime:0.0015s ]
SQL: SELECT * FROM `pub_devices` WHERE `device_code` = '868575025672249' LIMIT 1   [ RunTime:0.0004s ]
SQL: SELECT * FROM `pub_current_devices` WHERE ( did=104 ) LIMIT 1   [ RunTime:0.0005s ]
SQL: SHOW COLUMNS FROM `pub_orders` [ RunTime:0.0021s ]
SQL: SELECT * FROM `pub_orders` WHERE ( device_id=104 ) LIMIT 1   [ RunTime:0.0008s ]
SQL: SHOW COLUMNS FROM `pub_flow` [ RunTime:0.0019s ]
SQL: SELECT * FROM `pub_flow` WHERE ( did=104 ) LIMIT 1   [ RunTime:0.0005s ]
NOTIC: [8] Undefined variable: order /www/Gits/dianqiu/project/Application/Admin/Controller/UsersController.class.php 第 393 行.
SQL: UPDATE `pub_flow` SET `status`='0' WHERE ( did=104 ) [ RunTime:0.0125s ]
SQL: UPDATE `pub_devices` SET `uid`=NULL,`name`=NULL,`address`=NULL,`phone`=NULL WHERE ( id=104 ) [ RunTime:0.0029s ]

[ 2018-04-01T15:12:37+08:00 ] ::1 /index.php/Admin/Users/user_info?open_id=oXwY4tw2AtbFpWEKrqz0Wel1MlAE
INFO: [ app_init ] --START--
INFO: Run Behavior\BuildLiteBehavior [ RunTime:0.000021s ]
INFO: [ app_init ] --END-- [ RunTime:0.000347s ]
INFO: [ app_begin ] --START--
INFO: Run Behavior\ReadHtmlCacheBehavior [ RunTime:0.000387s ]
INFO: [ app_begin ] --END-- [ RunTime:0.000475s ]
NOTIC: [2048] Declaration of Admin\Model\AdminMenuModel::getTreeData() should be compatible with Admin\Model\BaseModel::getTreeData($type = 'tree', $order = '', $name = 'name', $child = 'id', $parent = 'pid') /www/Gits/dianqiu/project/Application/Admin/Model/AdminMenuModel.class.php 第 7 行.
SQL: SHOW COLUMNS FROM `pub_admin_menu` [ RunTime:0.0033s ]
SQL: SELECT * FROM `pub_admin_menu` ORDER BY order_number is null,order_number,id  [ RunTime:0.0002s ]
SQL: SHOW COLUMNS FROM `pub_auth_group_access` [ RunTime:0.0015s ]
SQL: SELECT `uid`,`group_id`,`title`,`rules` FROM pub_auth_group_access a INNER JOIN pub_auth_group g on a.group_id=g.id  WHERE ( a.uid='1' and g.status='1' )  [ RunTime:0.0001s ]
SQL: SHOW COLUMNS FROM `pub_auth_rule` [ RunTime:0.0017s ]
SQL: SELECT `condition`,`name` FROM `pub_auth_rule` WHERE `id` IN ('1','2','38','3','4','5','6','7','8','9','10','11','12','13','15','16','42','18','19','20','21','22','23','24','25','27','28','29','30','31','32','33','34','35','36','37','39','40','41','47','48') AND `type` = 1 AND `status` = 1  [ RunTime:0.0002s ]
SQL: SHOW COLUMNS FROM `pub_wechat` [ RunTime:0.0017s ]
SQL: SELECT * FROM `pub_wechat` WHERE `open_id` = 'oXwY4tw2AtbFpWEKrqz0Wel1MlAE' LIMIT 1   [ RunTime:0.0002s ]
SQL: SHOW COLUMNS FROM `pub_users` [ RunTime:0.0014s ]
SQL: SELECT * FROM pub_users u LEFT JOIN pub_devices d ON u.id=d.uid  WHERE `open_id` = 'oXwY4tw2AtbFpWEKrqz0Wel1MlAE'  [ RunTime:0.0005s ]
SQL: SHOW COLUMNS FROM `pub_flow` [ RunTime:0.0016s ]
SQL: SELECT * FROM `pub_flow` WHERE ( `status` = '1' ) AND `did` IN ('5') ORDER BY addtime desc  [ RunTime:0.0005s ]
SQL: SHOW COLUMNS FROM `pub_devices_statu` [ RunTime:0.0019s ]
SQL: SELECT `DeviceID`,`ReDay` FROM `pub_devices_statu` WHERE `DeviceID` IN ('112533645596778')  [ RunTime:0.0005s ]
INFO: [ view_parse ] --START--
INFO: [ template_filter ] --START--
INFO: Run Behavior\ContentReplaceBehavior [ RunTime:0.000073s ]
INFO: [ template_filter ] --END-- [ RunTime:0.000167s ]
INFO: Run Behavior\ParseTemplateBehavior [ RunTime:0.022538s ]
INFO: [ view_parse ] --END-- [ RunTime:0.022638s ]
INFO: [ view_filter ] --START--
INFO: Run Behavior\WriteHtmlCacheBehavior [ RunTime:0.000175s ]
INFO: [ view_filter ] --END-- [ RunTime:0.000260s ]
INFO: [ app_end ] --START--
INFO: Run Behavior\ShowPageTraceBehavior [ RunTime:0.000598s ]
INFO: [ app_end ] --END-- [ RunTime:0.000805s ]

[ 2018-04-01T15:12:59+08:00 ] ::1 /index.php/Admin/Users/user_info?open_id=oXwY4tw2AtbFpWEKrqz0Wel1MlAE
INFO: [ app_init ] --START--
INFO: Run Behavior\BuildLiteBehavior [ RunTime:0.000024s ]
INFO: [ app_init ] --END-- [ RunTime:0.000409s ]
INFO: [ app_begin ] --START--
INFO: Run Behavior\ReadHtmlCacheBehavior [ RunTime:0.000463s ]
INFO: [ app_begin ] --END-- [ RunTime:0.000566s ]
NOTIC: [2048] Declaration of Admin\Model\AdminMenuModel::getTreeData() should be compatible with Admin\Model\BaseModel::getTreeData($type = 'tree', $order = '', $name = 'name', $child = 'id', $parent = 'pid') /www/Gits/dianqiu/project/Application/Admin/Model/AdminMenuModel.class.php 第 7 行.
SQL: SHOW COLUMNS FROM `pub_admin_menu` [ RunTime:0.0017s ]
SQL: SELECT * FROM `pub_admin_menu` ORDER BY order_number is null,order_number,id  [ RunTime:0.0003s ]
SQL: SHOW COLUMNS FROM `pub_auth_group_access` [ RunTime:0.0014s ]
SQL: SELECT `uid`,`group_id`,`title`,`rules` FROM pub_auth_group_access a INNER JOIN pub_auth_group g on a.group_id=g.id  WHERE ( a.uid='1' and g.status='1' )  [ RunTime:0.0003s ]
SQL: SHOW COLUMNS FROM `pub_auth_rule` [ RunTime:0.0015s ]
SQL: SELECT `condition`,`name` FROM `pub_auth_rule` WHERE `id` IN ('1','2','38','3','4','5','6','7','8','9','10','11','12','13','15','16','42','18','19','20','21','22','23','24','25','27','28','29','30','31','32','33','34','35','36','37','39','40','41','47','48') AND `type` = 1 AND `status` = 1  [ RunTime:0.0002s ]
SQL: SHOW COLUMNS FROM `pub_wechat` [ RunTime:0.0016s ]
SQL: SELECT * FROM `pub_wechat` WHERE `open_id` = 'oXwY4tw2AtbFpWEKrqz0Wel1MlAE' LIMIT 1   [ RunTime:0.0001s ]
SQL: SHOW COLUMNS FROM `pub_users` [ RunTime:0.0015s ]
SQL: SELECT * FROM pub_users u LEFT JOIN pub_devices d ON u.id=d.uid  WHERE `open_id` = 'oXwY4tw2AtbFpWEKrqz0Wel1MlAE'  [ RunTime:0.0002s ]
SQL: SHOW COLUMNS FROM `pub_flow` [ RunTime:0.0017s ]
SQL: SELECT * FROM `pub_flow` WHERE ( `status` = '1' ) AND `did` IN ('5') ORDER BY addtime desc  [ RunTime:0.0002s ]
SQL: SHOW COLUMNS FROM `pub_devices_statu` [ RunTime:0.0020s ]
SQL: SELECT `DeviceID`,`ReDay` FROM `pub_devices_statu` WHERE `DeviceID` IN ('112533645596778')  [ RunTime:0.0001s ]
INFO: [ view_parse ] --START--
INFO: [ template_filter ] --START--
INFO: Run Behavior\ContentReplaceBehavior [ RunTime:0.000075s ]
INFO: [ template_filter ] --END-- [ RunTime:0.000174s ]
INFO: Run Behavior\ParseTemplateBehavior [ RunTime:0.025344s ]
INFO: [ view_parse ] --END-- [ RunTime:0.025468s ]
INFO: [ view_filter ] --START--
INFO: Run Behavior\WriteHtmlCacheBehavior [ RunTime:0.000262s ]
INFO: [ view_filter ] --END-- [ RunTime:0.000380s ]
INFO: [ app_end ] --START--
INFO: Run Behavior\ShowPageTraceBehavior [ RunTime:0.000873s ]
INFO: [ app_end ] --END-- [ RunTime:0.001144s ]

[ 2018-04-01T15:15:37+08:00 ] ::1 /index.php/Admin/Users/flow.html
INFO: [ app_init ] --START--
INFO: Run Behavior\BuildLiteBehavior [ RunTime:0.000025s ]
INFO: [ app_init ] --END-- [ RunTime:0.000434s ]
INFO: [ app_begin ] --START--
INFO: Run Behavior\ReadHtmlCacheBehavior [ RunTime:0.000503s ]
INFO: [ app_begin ] --END-- [ RunTime:0.000611s ]
NOTIC: [2048] Declaration of Admin\Model\AdminMenuModel::getTreeData() should be compatible with Admin\Model\BaseModel::getTreeData($type = 'tree', $order = '', $name = 'name', $child = 'id', $parent = 'pid') /www/Gits/dianqiu/project/Application/Admin/Model/AdminMenuModel.class.php 第 7 行.
SQL: SHOW COLUMNS FROM `pub_admin_menu` [ RunTime:0.0075s ]
SQL: SELECT * FROM `pub_admin_menu` ORDER BY order_number is null,order_number,id  [ RunTime:0.0005s ]
SQL: SHOW COLUMNS FROM `pub_auth_group_access` [ RunTime:0.0018s ]
SQL: SELECT `uid`,`group_id`,`title`,`rules` FROM pub_auth_group_access a INNER JOIN pub_auth_group g on a.group_id=g.id  WHERE ( a.uid='1' and g.status='1' )  [ RunTime:0.0002s ]
SQL: SHOW COLUMNS FROM `pub_auth_rule` [ RunTime:0.0015s ]
SQL: SELECT `condition`,`name` FROM `pub_auth_rule` WHERE `id` IN ('1','2','38','3','4','5','6','7','8','9','10','11','12','13','15','16','42','18','19','20','21','22','23','24','25','27','28','29','30','31','32','33','34','35','36','37','39','40','41','47','48') AND `type` = 1 AND `status` = 1  [ RunTime:0.0002s ]
SQL: SHOW COLUMNS FROM `pub_flow` [ RunTime:0.0016s ]
SQL: SELECT COUNT(*) AS tp_count FROM pub_flow f LEFT JOIN pub_devices d ON f.did=d.id LEFT JOIN pub_binding bd ON d.id = bd.did   WHERE f.status = '1' LIMIT 1   [ RunTime:0.0007s ]
SQL: SELECT f.*,d.name,ds.reday,bd.vid FROM pub_flow f LEFT JOIN pub_devices d ON f.did=d.id LEFT JOIN pub_devices_statu ds ON d.device_code=ds.DeviceID LEFT JOIN pub_binding bd ON f.did = bd.did   WHERE f.status = '1' ORDER BY f.addtime desc LIMIT 0,8   [ RunTime:0.0049s ]
INFO: [ view_parse ] --START--
INFO: [ template_filter ] --START--
INFO: Run Behavior\ContentReplaceBehavior [ RunTime:0.000072s ]
INFO: [ template_filter ] --END-- [ RunTime:0.000170s ]
INFO: Run Behavior\ParseTemplateBehavior [ RunTime:0.034536s ]
INFO: [ view_parse ] --END-- [ RunTime:0.034634s ]
INFO: [ view_filter ] --START--
INFO: Run Behavior\WriteHtmlCacheBehavior [ RunTime:0.000185s ]
INFO: [ view_filter ] --END-- [ RunTime:0.000268s ]
INFO: [ app_end ] --START--
INFO: Run Behavior\ShowPageTraceBehavior [ RunTime:0.000834s ]
INFO: [ app_end ] --END-- [ RunTime:0.001034s ]

[ 2018-04-01T15:15:38+08:00 ] ::1 /index.php/Admin/Users/index.html
INFO: [ app_init ] --START--
INFO: Run Behavior\BuildLiteBehavior [ RunTime:0.000024s ]
INFO: [ app_init ] --END-- [ RunTime:0.000395s ]
INFO: [ app_begin ] --START--
INFO: Run Behavior\ReadHtmlCacheBehavior [ RunTime:0.000438s ]
INFO: [ app_begin ] --END-- [ RunTime:0.000538s ]
NOTIC: [2048] Declaration of Admin\Model\AdminMenuModel::getTreeData() should be compatible with Admin\Model\BaseModel::getTreeData($type = 'tree', $order = '', $name = 'name', $child = 'id', $parent = 'pid') /www/Gits/dianqiu/project/Application/Admin/Model/AdminMenuModel.class.php 第 7 行.
SQL: SHOW COLUMNS FROM `pub_admin_menu` [ RunTime:0.0070s ]
SQL: SELECT * FROM `pub_admin_menu` ORDER BY order_number is null,order_number,id  [ RunTime:0.0003s ]
SQL: SHOW COLUMNS FROM `pub_auth_group_access` [ RunTime:0.0024s ]
SQL: SELECT `uid`,`group_id`,`title`,`rules` FROM pub_auth_group_access a INNER JOIN pub_auth_group g on a.group_id=g.id  WHERE ( a.uid='1' and g.status='1' )  [ RunTime:0.0003s ]
SQL: SHOW COLUMNS FROM `pub_auth_rule` [ RunTime:0.0019s ]
SQL: SELECT `condition`,`name` FROM `pub_auth_rule` WHERE `id` IN ('1','2','38','3','4','5','6','7','8','9','10','11','12','13','15','16','42','18','19','20','21','22','23','24','25','27','28','29','30','31','32','33','34','35','36','37','39','40','41','47','48') AND `type` = 1 AND `status` = 1  [ RunTime:0.0003s ]
NOTIC: [8] Undefined variable: map /www/Gits/dianqiu/project/Application/Admin/Controller/UsersController.class.php 第 44 行.
NOTIC: [2] array_filter() expects parameter 1 to be array, null given /www/Gits/dianqiu/project/Application/Admin/Controller/UsersController.class.php 第 49 行.
SQL: SHOW COLUMNS FROM `pub_users` [ RunTime:0.0017s ]
SQL: SELECT COUNT(*) AS tp_count FROM pub_users u LEFT JOIN pub_wechat w ON u.open_id=w.open_id LEFT JOIN pub_current_devices cd ON u.id=cd.uid LEFT JOIN pub_devices d ON cd.did=d.id LEFT JOIN pub_binding bd ON d.id = bd.did   LIMIT 1   [ RunTime:0.0010s ]
SQL: SELECT d.device_code,d.name,d.phone,w.*,u.*,d.address,cd.uid,cd.did,d.updatetime FROM pub_users u LEFT JOIN pub_wechat w ON u.open_id=w.open_id LEFT JOIN pub_current_devices cd ON u.id=cd.uid LEFT JOIN pub_devices d ON cd.did=d.id LEFT JOIN pub_binding bd ON d.id = bd.did   ORDER BY u.created_at desc LIMIT 0,10   [ RunTime:0.0017s ]
INFO: [ view_parse ] --START--
INFO: [ template_filter ] --START--
INFO: Run Behavior\ContentReplaceBehavior [ RunTime:0.000075s ]
INFO: [ template_filter ] --END-- [ RunTime:0.000170s ]
INFO: Run Behavior\ParseTemplateBehavior [ RunTime:0.025080s ]
INFO: [ view_parse ] --END-- [ RunTime:0.025196s ]
INFO: [ view_filter ] --START--
INFO: Run Behavior\WriteHtmlCacheBehavior [ RunTime:0.000235s ]
INFO: [ view_filter ] --END-- [ RunTime:0.000332s ]
INFO: [ app_end ] --START--
INFO: Run Behavior\ShowPageTraceBehavior [ RunTime:0.000783s ]
INFO: [ app_end ] --END-- [ RunTime:0.001037s ]

